---------- Date: 2015-08-23 00:58:08 ~ IP : 66.249.67.53 ----------
REQUEST URI : /lyhpfb/index.php?route=product/category&amp;path=60
MOD DETAILS:
   modFile   : E:\xampp\htdocs\lyhpfb\vqmod/xml/zzz_omf_catalog.xml
   id        : OpenCart Mobile Framework
   version   : v2.2.0
   vqmver    : 2.4.1
   author    : omframework.com / braiv.com

File Name    : catalog/view/theme/*/template/product/category.tpl(0)
VQModObject::applyMod - SEARCH NOT FOUND (ABORTING MOD): <input type="button" value="<?php echo $button_cart; ?>" onclick="addToCart('<?php echo $product['product_id']; ?>');" class="button" />

----------------------------------------------------------------------


---------- Date: 2015-08-23 02:10:08 ~ IP : 182.118.21.224 ----------
REQUEST URI : /lyhpfb/index.php?filter_tag&amp;limit=100&amp;page=5&amp;route=product/search
MOD DETAILS:
   modFile   : E:\xampp\htdocs\lyhpfb\vqmod/xml/zzz_omf_catalog.xml
   id        : OpenCart Mobile Framework
   version   : v2.2.0
   vqmver    : 2.4.1
   author    : omframework.com / braiv.com

File Name    : catalog/view/theme/*/template/product/search.tpl(0)
VQModObject::applyMod - SEARCH NOT FOUND (ABORTING MOD): <input type="button" value="<?php echo $button_cart; ?>" onclick="addToCart('<?php echo $product['product_id']; ?>');" class="button" />

----------------------------------------------------------------------


---------- Date: 2015-08-23 02:13:57 ~ IP : 66.249.67.59 ----------
REQUEST URI : /lyhpfb/index.php?route=product/category&amp;path=196
MOD DETAILS:
   modFile   : E:\xampp\htdocs\lyhpfb\vqmod/xml/zzz_omf_catalog.xml
   id        : OpenCart Mobile Framework
   version   : v2.2.0
   vqmver    : 2.4.1
   author    : omframework.com / braiv.com

File Name    : catalog/view/theme/*/template/product/category.tpl(0)
VQModObject::applyMod - SEARCH NOT FOUND (ABORTING MOD): <input type="button" value="<?php echo $button_cart; ?>" onclick="addToCart('<?php echo $product['product_id']; ?>');" class="button" />

----------------------------------------------------------------------


---------- Date: 2015-08-23 02:22:52 ~ IP : 182.118.22.212 ----------
REQUEST URI : /lyhpfb/index.php?filter_tag&amp;limit=20&amp;page=28&amp;route=product/search
MOD DETAILS:
   modFile   : E:\xampp\htdocs\lyhpfb\vqmod/xml/zzz_omf_catalog.xml
   id        : OpenCart Mobile Framework
   version   : v2.2.0
   vqmver    : 2.4.1
   author    : omframework.com / braiv.com

File Name    : catalog/view/theme/*/template/product/search.tpl(0)
VQModObject::applyMod - SEARCH NOT FOUND (ABORTING MOD): <input type="button" value="<?php echo $button_cart; ?>" onclick="addToCart('<?php echo $product['product_id']; ?>');" class="button" />

----------------------------------------------------------------------


---------- Date: 2015-08-23 02:26:35 ~ IP : 101.226.168.224 ----------
REQUEST URI : /lyhpfb/index.php?filter_tag&amp;limit=20&amp;page=41&amp;route=product/search
MOD DETAILS:
   modFile   : E:\xampp\htdocs\lyhpfb\vqmod/xml/zzz_omf_catalog.xml
   id        : OpenCart Mobile Framework
   version   : v2.2.0
   vqmver    : 2.4.1
   author    : omframework.com / braiv.com

File Name    : catalog/view/theme/*/template/product/search.tpl(0)
VQModObject::applyMod - SEARCH NOT FOUND (ABORTING MOD): <input type="button" value="<?php echo $button_cart; ?>" onclick="addToCart('<?php echo $product['product_id']; ?>');" class="button" />

----------------------------------------------------------------------


---------- Date: 2015-08-23 02:35:24 ~ IP : 101.226.169.198 ----------
REQUEST URI : /lyhpfb/index.php?filter_tag&amp;limit=50&amp;page=13&amp;route=product/search
MOD DETAILS:
   modFile   : E:\xampp\htdocs\lyhpfb\vqmod/xml/zzz_omf_catalog.xml
   id        : OpenCart Mobile Framework
   version   : v2.2.0
   vqmver    : 2.4.1
   author    : omframework.com / braiv.com

File Name    : catalog/view/theme/*/template/product/search.tpl(0)
VQModObject::applyMod - SEARCH NOT FOUND (ABORTING MOD): <input type="button" value="<?php echo $button_cart; ?>" onclick="addToCart('<?php echo $product['product_id']; ?>');" class="button" />

----------------------------------------------------------------------


---------- Date: 2015-08-23 02:43:43 ~ IP : 182.118.20.211 ----------
REQUEST URI : /lyhpfb/index.php?filter_tag&amp;page=13&amp;route=product/search
MOD DETAILS:
   modFile   : E:\xampp\htdocs\lyhpfb\vqmod/xml/zzz_omf_catalog.xml
   id        : OpenCart Mobile Framework
   version   : v2.2.0
   vqmver    : 2.4.1
   author    : omframework.com / braiv.com

File Name    : catalog/view/theme/*/template/product/search.tpl(0)
VQModObject::applyMod - SEARCH NOT FOUND (ABORTING MOD): <input type="button" value="<?php echo $button_cart; ?>" onclick="addToCart('<?php echo $product['product_id']; ?>');" class="button" />

----------------------------------------------------------------------


---------- Date: 2015-08-23 02:49:08 ~ IP : 182.118.22.206 ----------
REQUEST URI : /lyhpfb/index.php?filter_tag&amp;limit=75&amp;page=9&amp;route=product/search
MOD DETAILS:
   modFile   : E:\xampp\htdocs\lyhpfb\vqmod/xml/zzz_omf_catalog.xml
   id        : OpenCart Mobile Framework
   version   : v2.2.0
   vqmver    : 2.4.1
   author    : omframework.com / braiv.com

File Name    : catalog/view/theme/*/template/product/search.tpl(0)
VQModObject::applyMod - SEARCH NOT FOUND (ABORTING MOD): <input type="button" value="<?php echo $button_cart; ?>" onclick="addToCart('<?php echo $product['product_id']; ?>');" class="button" />

----------------------------------------------------------------------


---------- Date: 2015-08-23 02:53:26 ~ IP : 182.118.20.222 ----------
REQUEST URI : /lyhpfb/index.php?filter_tag&amp;limit=25&amp;page=22&amp;route=product/search
MOD DETAILS:
   modFile   : E:\xampp\htdocs\lyhpfb\vqmod/xml/zzz_omf_catalog.xml
   id        : OpenCart Mobile Framework
   version   : v2.2.0
   vqmver    : 2.4.1
   author    : omframework.com / braiv.com

File Name    : catalog/view/theme/*/template/product/search.tpl(0)
VQModObject::applyMod - SEARCH NOT FOUND (ABORTING MOD): <input type="button" value="<?php echo $button_cart; ?>" onclick="addToCart('<?php echo $product['product_id']; ?>');" class="button" />

----------------------------------------------------------------------


---------- Date: 2015-08-23 02:57:26 ~ IP : 182.118.25.204 ----------
REQUEST URI : /lyhpfb/index.php?filter_tag&amp;page=30&amp;route=product/search
MOD DETAILS:
   modFile   : E:\xampp\htdocs\lyhpfb\vqmod/xml/zzz_omf_catalog.xml
   id        : OpenCart Mobile Framework
   version   : v2.2.0
   vqmver    : 2.4.1
   author    : omframework.com / braiv.com

File Name    : catalog/view/theme/*/template/product/search.tpl(0)
VQModObject::applyMod - SEARCH NOT FOUND (ABORTING MOD): <input type="button" value="<?php echo $button_cart; ?>" onclick="addToCart('<?php echo $product['product_id']; ?>');" class="button" />

----------------------------------------------------------------------


---------- Date: 2015-08-23 03:08:47 ~ IP : 101.226.169.212 ----------
REQUEST URI : /lyhpfb/index.php?filter_tag&amp;page=37&amp;route=product/search
MOD DETAILS:
   modFile   : E:\xampp\htdocs\lyhpfb\vqmod/xml/zzz_omf_catalog.xml
   id        : OpenCart Mobile Framework
   version   : v2.2.0
   vqmver    : 2.4.1
   author    : omframework.com / braiv.com

File Name    : catalog/view/theme/*/template/product/search.tpl(0)
VQModObject::applyMod - SEARCH NOT FOUND (ABORTING MOD): <input type="button" value="<?php echo $button_cart; ?>" onclick="addToCart('<?php echo $product['product_id']; ?>');" class="button" />

----------------------------------------------------------------------


---------- Date: 2015-08-23 03:08:56 ~ IP : 101.226.168.203 ----------
REQUEST URI : /lyhpfb/index.php?filter_tag=12/%E7%AE%B1&amp;route=product/search
MOD DETAILS:
   modFile   : E:\xampp\htdocs\lyhpfb\vqmod/xml/zzz_omf_catalog.xml
   id        : OpenCart Mobile Framework
   version   : v2.2.0
   vqmver    : 2.4.1
   author    : omframework.com / braiv.com

File Name    : catalog/view/theme/*/template/product/search.tpl(0)
VQModObject::applyMod - SEARCH NOT FOUND (ABORTING MOD): <input type="button" value="<?php echo $button_cart; ?>" onclick="addToCart('<?php echo $product['product_id']; ?>');" class="button" />

----------------------------------------------------------------------


---------- Date: 2015-08-23 03:08:57 ~ IP : 182.118.22.206 ----------
REQUEST URI : /lyhpfb/index.php?filter_tag&amp;page=31&amp;route=product/search
MOD DETAILS:
   modFile   : E:\xampp\htdocs\lyhpfb\vqmod/xml/zzz_omf_catalog.xml
   id        : OpenCart Mobile Framework
   version   : v2.2.0
   vqmver    : 2.4.1
   author    : omframework.com / braiv.com

File Name    : catalog/view/theme/*/template/product/search.tpl(0)
VQModObject::applyMod - SEARCH NOT FOUND (ABORTING MOD): <input type="button" value="<?php echo $button_cart; ?>" onclick="addToCart('<?php echo $product['product_id']; ?>');" class="button" />

----------------------------------------------------------------------


---------- Date: 2015-08-23 03:20:51 ~ IP : 182.118.25.201 ----------
REQUEST URI : /lyhpfb/index.php?limit=100&amp;path=155&amp;route=product/category
MOD DETAILS:
   modFile   : E:\xampp\htdocs\lyhpfb\vqmod/xml/zzz_omf_catalog.xml
   id        : OpenCart Mobile Framework
   version   : v2.2.0
   vqmver    : 2.4.1
   author    : omframework.com / braiv.com

File Name    : catalog/view/theme/*/template/product/category.tpl(0)
VQModObject::applyMod - SEARCH NOT FOUND (ABORTING MOD): <input type="button" value="<?php echo $button_cart; ?>" onclick="addToCart('<?php echo $product['product_id']; ?>');" class="button" />

----------------------------------------------------------------------


---------- Date: 2015-08-23 03:24:51 ~ IP : 101.226.167.221 ----------
REQUEST URI : /lyhpfb/index.php?limit=50&amp;path=73_169&amp;route=product/category
MOD DETAILS:
   modFile   : E:\xampp\htdocs\lyhpfb\vqmod/xml/zzz_omf_catalog.xml
   id        : OpenCart Mobile Framework
   version   : v2.2.0
   vqmver    : 2.4.1
   author    : omframework.com / braiv.com

File Name    : catalog/view/theme/*/template/product/category.tpl(0)
VQModObject::applyMod - SEARCH NOT FOUND (ABORTING MOD): <input type="button" value="<?php echo $button_cart; ?>" onclick="addToCart('<?php echo $product['product_id']; ?>');" class="button" />

----------------------------------------------------------------------


---------- Date: 2015-08-23 03:27:54 ~ IP : 101.226.166.203 ----------
REQUEST URI : /lyhpfb/index.php?limit=25&amp;path=71_125&amp;route=product/category
MOD DETAILS:
   modFile   : E:\xampp\htdocs\lyhpfb\vqmod/xml/zzz_omf_catalog.xml
   id        : OpenCart Mobile Framework
   version   : v2.2.0
   vqmver    : 2.4.1
   author    : omframework.com / braiv.com

File Name    : catalog/view/theme/*/template/product/category.tpl(0)
VQModObject::applyMod - SEARCH NOT FOUND (ABORTING MOD): <input type="button" value="<?php echo $button_cart; ?>" onclick="addToCart('<?php echo $product['product_id']; ?>');" class="button" />

----------------------------------------------------------------------


---------- Date: 2015-08-23 03:28:32 ~ IP : 101.226.169.214 ----------
REQUEST URI : /lyhpfb/index.php?page=5&amp;path=155&amp;route=product/category
MOD DETAILS:
   modFile   : E:\xampp\htdocs\lyhpfb\vqmod/xml/zzz_omf_catalog.xml
   id        : OpenCart Mobile Framework
   version   : v2.2.0
   vqmver    : 2.4.1
   author    : omframework.com / braiv.com

File Name    : catalog/view/theme/*/template/product/category.tpl(0)
VQModObject::applyMod - SEARCH NOT FOUND (ABORTING MOD): <input type="button" value="<?php echo $button_cart; ?>" onclick="addToCart('<?php echo $product['product_id']; ?>');" class="button" />

----------------------------------------------------------------------


---------- Date: 2015-08-23 03:29:26 ~ IP : 182.118.20.213 ----------
REQUEST URI : /lyhpfb/index.php?page=2&amp;path=62&amp;route=product/category
MOD DETAILS:
   modFile   : E:\xampp\htdocs\lyhpfb\vqmod/xml/zzz_omf_catalog.xml
   id        : OpenCart Mobile Framework
   version   : v2.2.0
   vqmver    : 2.4.1
   author    : omframework.com / braiv.com

File Name    : catalog/view/theme/*/template/product/category.tpl(0)
VQModObject::applyMod - SEARCH NOT FOUND (ABORTING MOD): <input type="button" value="<?php echo $button_cart; ?>" onclick="addToCart('<?php echo $product['product_id']; ?>');" class="button" />

----------------------------------------------------------------------


---------- Date: 2015-08-23 03:29:43 ~ IP : 66.249.67.59 ----------
REQUEST URI : /lyhpfb/index.php?route=product/category&amp;path=160
MOD DETAILS:
   modFile   : E:\xampp\htdocs\lyhpfb\vqmod/xml/zzz_omf_catalog.xml
   id        : OpenCart Mobile Framework
   version   : v2.2.0
   vqmver    : 2.4.1
   author    : omframework.com / braiv.com

File Name    : catalog/view/theme/*/template/product/category.tpl(0)
VQModObject::applyMod - SEARCH NOT FOUND (ABORTING MOD): <input type="button" value="<?php echo $button_cart; ?>" onclick="addToCart('<?php echo $product['product_id']; ?>');" class="button" />

----------------------------------------------------------------------


---------- Date: 2015-08-23 03:31:15 ~ IP : 101.226.167.232 ----------
REQUEST URI : /lyhpfb/index.php?page=1&amp;path=155&amp;route=product/category
MOD DETAILS:
   modFile   : E:\xampp\htdocs\lyhpfb\vqmod/xml/zzz_omf_catalog.xml
   id        : OpenCart Mobile Framework
   version   : v2.2.0
   vqmver    : 2.4.1
   author    : omframework.com / braiv.com

File Name    : catalog/view/theme/*/template/product/category.tpl(0)
VQModObject::applyMod - SEARCH NOT FOUND (ABORTING MOD): <input type="button" value="<?php echo $button_cart; ?>" onclick="addToCart('<?php echo $product['product_id']; ?>');" class="button" />

----------------------------------------------------------------------


---------- Date: 2015-08-23 03:31:36 ~ IP : 101.226.166.210 ----------
REQUEST URI : /lyhpfb/index.php?page=1&amp;path=62_109&amp;route=product/category
MOD DETAILS:
   modFile   : E:\xampp\htdocs\lyhpfb\vqmod/xml/zzz_omf_catalog.xml
   id        : OpenCart Mobile Framework
   version   : v2.2.0
   vqmver    : 2.4.1
   author    : omframework.com / braiv.com

File Name    : catalog/view/theme/*/template/product/category.tpl(0)
VQModObject::applyMod - SEARCH NOT FOUND (ABORTING MOD): <input type="button" value="<?php echo $button_cart; ?>" onclick="addToCart('<?php echo $product['product_id']; ?>');" class="button" />

----------------------------------------------------------------------


---------- Date: 2015-08-23 03:33:07 ~ IP : 182.118.20.225 ----------
REQUEST URI : /lyhpfb/index.php?path=62_116&amp;route=product/category
MOD DETAILS:
   modFile   : E:\xampp\htdocs\lyhpfb\vqmod/xml/zzz_omf_catalog.xml
   id        : OpenCart Mobile Framework
   version   : v2.2.0
   vqmver    : 2.4.1
   author    : omframework.com / braiv.com

File Name    : catalog/view/theme/*/template/product/category.tpl(0)
VQModObject::applyMod - SEARCH NOT FOUND (ABORTING MOD): <input type="button" value="<?php echo $button_cart; ?>" onclick="addToCart('<?php echo $product['product_id']; ?>');" class="button" />

----------------------------------------------------------------------


---------- Date: 2015-08-23 03:35:34 ~ IP : 101.226.166.204 ----------
REQUEST URI : /lyhpfb/index.php?path=62_117&amp;route=product/category
MOD DETAILS:
   modFile   : E:\xampp\htdocs\lyhpfb\vqmod/xml/zzz_omf_catalog.xml
   id        : OpenCart Mobile Framework
   version   : v2.2.0
   vqmver    : 2.4.1
   author    : omframework.com / braiv.com

File Name    : catalog/view/theme/*/template/product/category.tpl(0)
VQModObject::applyMod - SEARCH NOT FOUND (ABORTING MOD): <input type="button" value="<?php echo $button_cart; ?>" onclick="addToCart('<?php echo $product['product_id']; ?>');" class="button" />

----------------------------------------------------------------------


---------- Date: 2015-08-23 04:45:29 ~ IP : 66.249.67.44 ----------
REQUEST URI : /lyhpfb/index.php?route=product/category&amp;path=156
MOD DETAILS:
   modFile   : E:\xampp\htdocs\lyhpfb\vqmod/xml/zzz_omf_catalog.xml
   id        : OpenCart Mobile Framework
   version   : v2.2.0
   vqmver    : 2.4.1
   author    : omframework.com / braiv.com

File Name    : catalog/view/theme/*/template/product/category.tpl(0)
VQModObject::applyMod - SEARCH NOT FOUND (ABORTING MOD): <input type="button" value="<?php echo $button_cart; ?>" onclick="addToCart('<?php echo $product['product_id']; ?>');" class="button" />

----------------------------------------------------------------------


---------- Date: 2015-08-23 06:01:16 ~ IP : 66.249.67.44 ----------
REQUEST URI : /lyhpfb/index.php?route=product/category&amp;path=154
MOD DETAILS:
   modFile   : E:\xampp\htdocs\lyhpfb\vqmod/xml/zzz_omf_catalog.xml
   id        : OpenCart Mobile Framework
   version   : v2.2.0
   vqmver    : 2.4.1
   author    : omframework.com / braiv.com

File Name    : catalog/view/theme/*/template/product/category.tpl(0)
VQModObject::applyMod - SEARCH NOT FOUND (ABORTING MOD): <input type="button" value="<?php echo $button_cart; ?>" onclick="addToCart('<?php echo $product['product_id']; ?>');" class="button" />

----------------------------------------------------------------------


---------- Date: 2015-08-23 07:17:04 ~ IP : 66.249.67.53 ----------
REQUEST URI : /lyhpfb/index.php?route=product/category&amp;path=158
MOD DETAILS:
   modFile   : E:\xampp\htdocs\lyhpfb\vqmod/xml/zzz_omf_catalog.xml
   id        : OpenCart Mobile Framework
   version   : v2.2.0
   vqmver    : 2.4.1
   author    : omframework.com / braiv.com

File Name    : catalog/view/theme/*/template/product/category.tpl(0)
VQModObject::applyMod - SEARCH NOT FOUND (ABORTING MOD): <input type="button" value="<?php echo $button_cart; ?>" onclick="addToCart('<?php echo $product['product_id']; ?>');" class="button" />

----------------------------------------------------------------------


---------- Date: 2015-08-23 07:21:53 ~ IP : 60.186.116.60 ----------
REQUEST URI : /lyhpfb/index.php?route=product/category&amp;path=158
MOD DETAILS:
   modFile   : E:\xampp\htdocs\lyhpfb\vqmod/xml/zzz_omf_catalog.xml
   id        : OpenCart Mobile Framework
   version   : v2.2.0
   vqmver    : 2.4.1
   author    : omframework.com / braiv.com

File Name    : catalog/view/theme/*/template/product/category.tpl(0)
VQModObject::applyMod - SEARCH NOT FOUND (ABORTING MOD): <input type="button" value="<?php echo $button_cart; ?>" onclick="addToCart('<?php echo $product['product_id']; ?>');" class="button" />

----------------------------------------------------------------------


---------- Date: 2015-08-23 07:28:31 ~ IP : 60.186.116.60 ----------
REQUEST URI : /lyhpfb/index.php?route=product/search&amp;filter_name=
MOD DETAILS:
   modFile   : E:\xampp\htdocs\lyhpfb\vqmod/xml/zzz_omf_catalog.xml
   id        : OpenCart Mobile Framework
   version   : v2.2.0
   vqmver    : 2.4.1
   author    : omframework.com / braiv.com

File Name    : catalog/view/theme/*/template/product/search.tpl(0)
VQModObject::applyMod - SEARCH NOT FOUND (ABORTING MOD): <input type="button" value="<?php echo $button_cart; ?>" onclick="addToCart('<?php echo $product['product_id']; ?>');" class="button" />

----------------------------------------------------------------------


---------- Date: 2015-08-23 07:28:32 ~ IP : 60.186.116.60 ----------
REQUEST URI : /lyhpfb/index.php?route=product/search&amp;filter_name=
MOD DETAILS:
   modFile   : E:\xampp\htdocs\lyhpfb\vqmod/xml/zzz_omf_catalog.xml
   id        : OpenCart Mobile Framework
   version   : v2.2.0
   vqmver    : 2.4.1
   author    : omframework.com / braiv.com

File Name    : catalog/view/theme/*/template/product/search.tpl(0)
VQModObject::applyMod - SEARCH NOT FOUND (ABORTING MOD): <input type="button" value="<?php echo $button_cart; ?>" onclick="addToCart('<?php echo $product['product_id']; ?>');" class="button" />

----------------------------------------------------------------------


---------- Date: 2015-08-23 08:14:44 ~ IP : 101.226.169.212 ----------
REQUEST URI : /lyhpfb/index.php?filter_tag&amp;limit=20&amp;page=15&amp;route=product/search
MOD DETAILS:
   modFile   : E:\xampp\htdocs\lyhpfb\vqmod/xml/zzz_omf_catalog.xml
   id        : OpenCart Mobile Framework
   version   : v2.2.0
   vqmver    : 2.4.1
   author    : omframework.com / braiv.com

File Name    : catalog/view/theme/*/template/product/search.tpl(0)
VQModObject::applyMod - SEARCH NOT FOUND (ABORTING MOD): <input type="button" value="<?php echo $button_cart; ?>" onclick="addToCart('<?php echo $product['product_id']; ?>');" class="button" />

----------------------------------------------------------------------


---------- Date: 2015-08-23 08:18:05 ~ IP : 182.118.22.243 ----------
REQUEST URI : /lyhpfb/index.php?filter_tag&amp;limit=20&amp;page=23&amp;route=product/search
MOD DETAILS:
   modFile   : E:\xampp\htdocs\lyhpfb\vqmod/xml/zzz_omf_catalog.xml
   id        : OpenCart Mobile Framework
   version   : v2.2.0
   vqmver    : 2.4.1
   author    : omframework.com / braiv.com

File Name    : catalog/view/theme/*/template/product/search.tpl(0)
VQModObject::applyMod - SEARCH NOT FOUND (ABORTING MOD): <input type="button" value="<?php echo $button_cart; ?>" onclick="addToCart('<?php echo $product['product_id']; ?>');" class="button" />

----------------------------------------------------------------------


---------- Date: 2015-08-23 08:20:34 ~ IP : 182.118.25.215 ----------
REQUEST URI : /lyhpfb/index.php?filter_tag&amp;limit=20&amp;page=42&amp;route=product/search
MOD DETAILS:
   modFile   : E:\xampp\htdocs\lyhpfb\vqmod/xml/zzz_omf_catalog.xml
   id        : OpenCart Mobile Framework
   version   : v2.2.0
   vqmver    : 2.4.1
   author    : omframework.com / braiv.com

File Name    : catalog/view/theme/*/template/product/search.tpl(0)
VQModObject::applyMod - SEARCH NOT FOUND (ABORTING MOD): <input type="button" value="<?php echo $button_cart; ?>" onclick="addToCart('<?php echo $product['product_id']; ?>');" class="button" />

----------------------------------------------------------------------


---------- Date: 2015-08-23 08:21:17 ~ IP : 182.118.22.202 ----------
REQUEST URI : /lyhpfb/index.php?filter_tag&amp;limit=20&amp;page=32&amp;route=product/search
MOD DETAILS:
   modFile   : E:\xampp\htdocs\lyhpfb\vqmod/xml/zzz_omf_catalog.xml
   id        : OpenCart Mobile Framework
   version   : v2.2.0
   vqmver    : 2.4.1
   author    : omframework.com / braiv.com

File Name    : catalog/view/theme/*/template/product/search.tpl(0)
VQModObject::applyMod - SEARCH NOT FOUND (ABORTING MOD): <input type="button" value="<?php echo $button_cart; ?>" onclick="addToCart('<?php echo $product['product_id']; ?>');" class="button" />

----------------------------------------------------------------------


---------- Date: 2015-08-23 08:23:01 ~ IP : 101.226.166.221 ----------
REQUEST URI : /lyhpfb/index.php?filter_tag&amp;limit=25&amp;page=28&amp;route=product/search
MOD DETAILS:
   modFile   : E:\xampp\htdocs\lyhpfb\vqmod/xml/zzz_omf_catalog.xml
   id        : OpenCart Mobile Framework
   version   : v2.2.0
   vqmver    : 2.4.1
   author    : omframework.com / braiv.com

File Name    : catalog/view/theme/*/template/product/search.tpl(0)
VQModObject::applyMod - SEARCH NOT FOUND (ABORTING MOD): <input type="button" value="<?php echo $button_cart; ?>" onclick="addToCart('<?php echo $product['product_id']; ?>');" class="button" />

----------------------------------------------------------------------


---------- Date: 2015-08-23 08:23:01 ~ IP : 182.118.20.224 ----------
REQUEST URI : /lyhpfb/index.php?filter_tag&amp;limit=20&amp;page=35&amp;route=product/search
MOD DETAILS:
   modFile   : E:\xampp\htdocs\lyhpfb\vqmod/xml/zzz_omf_catalog.xml
   id        : OpenCart Mobile Framework
   version   : v2.2.0
   vqmver    : 2.4.1
   author    : omframework.com / braiv.com

File Name    : catalog/view/theme/*/template/product/search.tpl(0)
VQModObject::applyMod - SEARCH NOT FOUND (ABORTING MOD): <input type="button" value="<?php echo $button_cart; ?>" onclick="addToCart('<?php echo $product['product_id']; ?>');" class="button" />

----------------------------------------------------------------------


---------- Date: 2015-08-23 08:23:23 ~ IP : 101.226.167.214 ----------
REQUEST URI : /lyhpfb/index.php?filter_tag&amp;limit=25&amp;page=35&amp;route=product/search
MOD DETAILS:
   modFile   : E:\xampp\htdocs\lyhpfb\vqmod/xml/zzz_omf_catalog.xml
   id        : OpenCart Mobile Framework
   version   : v2.2.0
   vqmver    : 2.4.1
   author    : omframework.com / braiv.com

File Name    : catalog/view/theme/*/template/product/search.tpl(0)
VQModObject::applyMod - SEARCH NOT FOUND (ABORTING MOD): <input type="button" value="<?php echo $button_cart; ?>" onclick="addToCart('<?php echo $product['product_id']; ?>');" class="button" />

----------------------------------------------------------------------


---------- Date: 2015-08-23 08:32:36 ~ IP : 182.118.20.172 ----------
REQUEST URI : /lyhpfb/index.php?filter_tag&amp;page=41&amp;route=product/search
MOD DETAILS:
   modFile   : E:\xampp\htdocs\lyhpfb\vqmod/xml/zzz_omf_catalog.xml
   id        : OpenCart Mobile Framework
   version   : v2.2.0
   vqmver    : 2.4.1
   author    : omframework.com / braiv.com

File Name    : catalog/view/theme/*/template/product/search.tpl(0)
VQModObject::applyMod - SEARCH NOT FOUND (ABORTING MOD): <input type="button" value="<?php echo $button_cart; ?>" onclick="addToCart('<?php echo $product['product_id']; ?>');" class="button" />

----------------------------------------------------------------------


---------- Date: 2015-08-23 08:32:51 ~ IP : 66.249.67.44 ----------
REQUEST URI : /lyhpfb/index.php?route=product/category&amp;path=70_119
MOD DETAILS:
   modFile   : E:\xampp\htdocs\lyhpfb\vqmod/xml/zzz_omf_catalog.xml
   id        : OpenCart Mobile Framework
   version   : v2.2.0
   vqmver    : 2.4.1
   author    : omframework.com / braiv.com

File Name    : catalog/view/theme/*/template/product/category.tpl(0)
VQModObject::applyMod - SEARCH NOT FOUND (ABORTING MOD): <input type="button" value="<?php echo $button_cart; ?>" onclick="addToCart('<?php echo $product['product_id']; ?>');" class="button" />

----------------------------------------------------------------------


---------- Date: 2015-08-23 08:36:30 ~ IP : 182.118.22.229 ----------
REQUEST URI : /lyhpfb/index.php?limit=20&amp;path=71_131&amp;route=product/category
MOD DETAILS:
   modFile   : E:\xampp\htdocs\lyhpfb\vqmod/xml/zzz_omf_catalog.xml
   id        : OpenCart Mobile Framework
   version   : v2.2.0
   vqmver    : 2.4.1
   author    : omframework.com / braiv.com

File Name    : catalog/view/theme/*/template/product/category.tpl(0)
VQModObject::applyMod - SEARCH NOT FOUND (ABORTING MOD): <input type="button" value="<?php echo $button_cart; ?>" onclick="addToCart('<?php echo $product['product_id']; ?>');" class="button" />

----------------------------------------------------------------------


---------- Date: 2015-08-23 08:44:10 ~ IP : 182.118.20.165 ----------
REQUEST URI : /lyhpfb/index.php?limit=20&amp;path=155&amp;route=product/category
MOD DETAILS:
   modFile   : E:\xampp\htdocs\lyhpfb\vqmod/xml/zzz_omf_catalog.xml
   id        : OpenCart Mobile Framework
   version   : v2.2.0
   vqmver    : 2.4.1
   author    : omframework.com / braiv.com

File Name    : catalog/view/theme/*/template/product/category.tpl(0)
VQModObject::applyMod - SEARCH NOT FOUND (ABORTING MOD): <input type="button" value="<?php echo $button_cart; ?>" onclick="addToCart('<?php echo $product['product_id']; ?>');" class="button" />

----------------------------------------------------------------------


---------- Date: 2015-08-23 08:44:28 ~ IP : 101.226.168.250 ----------
REQUEST URI : /lyhpfb/index.php?limit=75&amp;path=71_131&amp;route=product/category
MOD DETAILS:
   modFile   : E:\xampp\htdocs\lyhpfb\vqmod/xml/zzz_omf_catalog.xml
   id        : OpenCart Mobile Framework
   version   : v2.2.0
   vqmver    : 2.4.1
   author    : omframework.com / braiv.com

File Name    : catalog/view/theme/*/template/product/category.tpl(0)
VQModObject::applyMod - SEARCH NOT FOUND (ABORTING MOD): <input type="button" value="<?php echo $button_cart; ?>" onclick="addToCart('<?php echo $product['product_id']; ?>');" class="button" />

----------------------------------------------------------------------


---------- Date: 2015-08-23 08:47:29 ~ IP : 101.226.168.251 ----------
REQUEST URI : /lyhpfb/index.php?page=3&amp;path=71_131&amp;route=product/category
MOD DETAILS:
   modFile   : E:\xampp\htdocs\lyhpfb\vqmod/xml/zzz_omf_catalog.xml
   id        : OpenCart Mobile Framework
   version   : v2.2.0
   vqmver    : 2.4.1
   author    : omframework.com / braiv.com

File Name    : catalog/view/theme/*/template/product/category.tpl(0)
VQModObject::applyMod - SEARCH NOT FOUND (ABORTING MOD): <input type="button" value="<?php echo $button_cart; ?>" onclick="addToCart('<?php echo $product['product_id']; ?>');" class="button" />

----------------------------------------------------------------------


---------- Date: 2015-08-23 08:50:40 ~ IP : 101.226.167.211 ----------
REQUEST URI : /lyhpfb/index.php?page=6&amp;path=62_109&amp;route=product/category
MOD DETAILS:
   modFile   : E:\xampp\htdocs\lyhpfb\vqmod/xml/zzz_omf_catalog.xml
   id        : OpenCart Mobile Framework
   version   : v2.2.0
   vqmver    : 2.4.1
   author    : omframework.com / braiv.com

File Name    : catalog/view/theme/*/template/product/category.tpl(0)
VQModObject::applyMod - SEARCH NOT FOUND (ABORTING MOD): <input type="button" value="<?php echo $button_cart; ?>" onclick="addToCart('<?php echo $product['product_id']; ?>');" class="button" />

----------------------------------------------------------------------


---------- Date: 2015-08-23 08:51:17 ~ IP : 182.118.20.215 ----------
REQUEST URI : /lyhpfb/index.php?path=154&amp;route=product/category
MOD DETAILS:
   modFile   : E:\xampp\htdocs\lyhpfb\vqmod/xml/zzz_omf_catalog.xml
   id        : OpenCart Mobile Framework
   version   : v2.2.0
   vqmver    : 2.4.1
   author    : omframework.com / braiv.com

File Name    : catalog/view/theme/*/template/product/category.tpl(0)
VQModObject::applyMod - SEARCH NOT FOUND (ABORTING MOD): <input type="button" value="<?php echo $button_cart; ?>" onclick="addToCart('<?php echo $product['product_id']; ?>');" class="button" />

----------------------------------------------------------------------


---------- Date: 2015-08-23 08:51:46 ~ IP : 182.118.20.229 ----------
REQUEST URI : /lyhpfb/index.php?path=155&amp;route=product/category
MOD DETAILS:
   modFile   : E:\xampp\htdocs\lyhpfb\vqmod/xml/zzz_omf_catalog.xml
   id        : OpenCart Mobile Framework
   version   : v2.2.0
   vqmver    : 2.4.1
   author    : omframework.com / braiv.com

File Name    : catalog/view/theme/*/template/product/category.tpl(0)
VQModObject::applyMod - SEARCH NOT FOUND (ABORTING MOD): <input type="button" value="<?php echo $button_cart; ?>" onclick="addToCart('<?php echo $product['product_id']; ?>');" class="button" />

----------------------------------------------------------------------


---------- Date: 2015-08-23 08:52:12 ~ IP : 182.118.25.218 ----------
REQUEST URI : /lyhpfb/index.php?limit=25&amp;path=158&amp;route=product/category
MOD DETAILS:
   modFile   : E:\xampp\htdocs\lyhpfb\vqmod/xml/zzz_omf_catalog.xml
   id        : OpenCart Mobile Framework
   version   : v2.2.0
   vqmver    : 2.4.1
   author    : omframework.com / braiv.com

File Name    : catalog/view/theme/*/template/product/category.tpl(0)
VQModObject::applyMod - SEARCH NOT FOUND (ABORTING MOD): <input type="button" value="<?php echo $button_cart; ?>" onclick="addToCart('<?php echo $product['product_id']; ?>');" class="button" />

----------------------------------------------------------------------


---------- Date: 2015-08-23 09:15:59 ~ IP : 182.118.20.252 ----------
REQUEST URI : /lyhpfb/index.php?filter_tag=16%E6%8F%90%2F%E7%AE%B1+%EF%BC%8C%E5%8D%95%E4%B8%AA%E5%AE%A2%E6%88%B7%E9%99%90%E8%B4%AD10%E6%8F%90&amp;limit=25&amp;route=product/search
MOD DETAILS:
   modFile   : E:\xampp\htdocs\lyhpfb\vqmod/xml/zzz_omf_catalog.xml
   id        : OpenCart Mobile Framework
   version   : v2.2.0
   vqmver    : 2.4.1
   author    : omframework.com / braiv.com

File Name    : catalog/view/theme/*/template/product/search.tpl(0)
VQModObject::applyMod - SEARCH NOT FOUND (ABORTING MOD): <input type="button" value="<?php echo $button_cart; ?>" onclick="addToCart('<?php echo $product['product_id']; ?>');" class="button" />

----------------------------------------------------------------------


---------- Date: 2015-08-23 09:38:57 ~ IP : 101.226.167.230 ----------
REQUEST URI : /lyhpfb/index.php?limit=25&amp;page=1&amp;path=159&amp;route=product/category
MOD DETAILS:
   modFile   : E:\xampp\htdocs\lyhpfb\vqmod/xml/zzz_omf_catalog.xml
   id        : OpenCart Mobile Framework
   version   : v2.2.0
   vqmver    : 2.4.1
   author    : omframework.com / braiv.com

File Name    : catalog/view/theme/*/template/product/category.tpl(0)
VQModObject::applyMod - SEARCH NOT FOUND (ABORTING MOD): <input type="button" value="<?php echo $button_cart; ?>" onclick="addToCart('<?php echo $product['product_id']; ?>');" class="button" />

----------------------------------------------------------------------


---------- Date: 2015-08-23 09:48:48 ~ IP : 66.249.67.59 ----------
REQUEST URI : /lyhpfb/index.php?route=product/category&amp;path=71_125
MOD DETAILS:
   modFile   : E:\xampp\htdocs\lyhpfb\vqmod/xml/zzz_omf_catalog.xml
   id        : OpenCart Mobile Framework
   version   : v2.2.0
   vqmver    : 2.4.1
   author    : omframework.com / braiv.com

File Name    : catalog/view/theme/*/template/product/category.tpl(0)
VQModObject::applyMod - SEARCH NOT FOUND (ABORTING MOD): <input type="button" value="<?php echo $button_cart; ?>" onclick="addToCart('<?php echo $product['product_id']; ?>');" class="button" />

----------------------------------------------------------------------


---------- Date: 2015-08-23 12:20:17 ~ IP : 66.249.67.59 ----------
REQUEST URI : /lyhpfb/index.php?route=product/category&amp;path=70_120
MOD DETAILS:
   modFile   : E:\xampp\htdocs\lyhpfb\vqmod/xml/zzz_omf_catalog.xml
   id        : OpenCart Mobile Framework
   version   : v2.2.0
   vqmver    : 2.4.1
   author    : omframework.com / braiv.com

File Name    : catalog/view/theme/*/template/product/category.tpl(0)
VQModObject::applyMod - SEARCH NOT FOUND (ABORTING MOD): <input type="button" value="<?php echo $button_cart; ?>" onclick="addToCart('<?php echo $product['product_id']; ?>');" class="button" />

----------------------------------------------------------------------


---------- Date: 2015-08-23 12:30:26 ~ IP : 220.181.108.161 ----------
REQUEST URI : /lyhpfb/index.php?route=product/category&amp;path=157&amp;page=2
MOD DETAILS:
   modFile   : E:\xampp\htdocs\lyhpfb\vqmod/xml/zzz_omf_catalog.xml
   id        : OpenCart Mobile Framework
   version   : v2.2.0
   vqmver    : 2.4.1
   author    : omframework.com / braiv.com

File Name    : catalog/view/theme/*/template/product/category.tpl(0)
VQModObject::applyMod - SEARCH NOT FOUND (ABORTING MOD): <input type="button" value="<?php echo $button_cart; ?>" onclick="addToCart('<?php echo $product['product_id']; ?>');" class="button" />

----------------------------------------------------------------------


---------- Date: 2015-08-23 13:36:00 ~ IP : 66.249.67.59 ----------
REQUEST URI : /lyhpfb/index.php?route=product/category&amp;path=70_121
MOD DETAILS:
   modFile   : E:\xampp\htdocs\lyhpfb\vqmod/xml/zzz_omf_catalog.xml
   id        : OpenCart Mobile Framework
   version   : v2.2.0
   vqmver    : 2.4.1
   author    : omframework.com / braiv.com

File Name    : catalog/view/theme/*/template/product/category.tpl(0)
VQModObject::applyMod - SEARCH NOT FOUND (ABORTING MOD): <input type="button" value="<?php echo $button_cart; ?>" onclick="addToCart('<?php echo $product['product_id']; ?>');" class="button" />

----------------------------------------------------------------------


---------- Date: 2015-08-23 13:39:51 ~ IP : 42.156.138.11 ----------
REQUEST URI : /lyhpfb/index.php?path=62&amp;route=product/category
MOD DETAILS:
   modFile   : E:\xampp\htdocs\lyhpfb\vqmod/xml/zzz_omf_catalog.xml
   id        : OpenCart Mobile Framework
   version   : v2.2.0
   vqmver    : 2.4.1
   author    : omframework.com / braiv.com

File Name    : catalog/view/theme/*/template/product/category.tpl(0)
VQModObject::applyMod - SEARCH NOT FOUND (ABORTING MOD): <input type="button" value="<?php echo $button_cart; ?>" onclick="addToCart('<?php echo $product['product_id']; ?>');" class="button" />

----------------------------------------------------------------------


---------- Date: 2015-08-23 14:51:46 ~ IP : 66.249.67.44 ----------
REQUEST URI : /lyhpfb/index.php?route=product/category&amp;path=73_165
MOD DETAILS:
   modFile   : E:\xampp\htdocs\lyhpfb\vqmod/xml/zzz_omf_catalog.xml
   id        : OpenCart Mobile Framework
   version   : v2.2.0
   vqmver    : 2.4.1
   author    : omframework.com / braiv.com

File Name    : catalog/view/theme/*/template/product/category.tpl(0)
VQModObject::applyMod - SEARCH NOT FOUND (ABORTING MOD): <input type="button" value="<?php echo $button_cart; ?>" onclick="addToCart('<?php echo $product['product_id']; ?>');" class="button" />

----------------------------------------------------------------------


---------- Date: 2015-08-23 15:25:14 ~ IP : 42.156.137.11 ----------
REQUEST URI : /lyhpfb/index.php?page=3&amp;path=154&amp;route=product/category
MOD DETAILS:
   modFile   : E:\xampp\htdocs\lyhpfb\vqmod/xml/zzz_omf_catalog.xml
   id        : OpenCart Mobile Framework
   version   : v2.2.0
   vqmver    : 2.4.1
   author    : omframework.com / braiv.com

File Name    : catalog/view/theme/*/template/product/category.tpl(0)
VQModObject::applyMod - SEARCH NOT FOUND (ABORTING MOD): <input type="button" value="<?php echo $button_cart; ?>" onclick="addToCart('<?php echo $product['product_id']; ?>');" class="button" />

----------------------------------------------------------------------


---------- Date: 2015-08-23 15:25:20 ~ IP : 42.120.161.11 ----------
REQUEST URI : /lyhpfb/index.php?filter_tag=&amp;page=44&amp;route=product/search&amp;view=desktop
MOD DETAILS:
   modFile   : E:\xampp\htdocs\lyhpfb\vqmod/xml/zzz_omf_catalog.xml
   id        : OpenCart Mobile Framework
   version   : v2.2.0
   vqmver    : 2.4.1
   author    : omframework.com / braiv.com

File Name    : catalog/view/theme/*/template/product/search.tpl(0)
VQModObject::applyMod - SEARCH NOT FOUND (ABORTING MOD): <input type="button" value="<?php echo $button_cart; ?>" onclick="addToCart('<?php echo $product['product_id']; ?>');" class="button" />

----------------------------------------------------------------------


---------- Date: 2015-08-23 15:25:20 ~ IP : 42.156.139.11 ----------
REQUEST URI : /lyhpfb/index.php?path=62_111&amp;route=product/category&amp;view=desktop
MOD DETAILS:
   modFile   : E:\xampp\htdocs\lyhpfb\vqmod/xml/zzz_omf_catalog.xml
   id        : OpenCart Mobile Framework
   version   : v2.2.0
   vqmver    : 2.4.1
   author    : omframework.com / braiv.com

File Name    : catalog/view/theme/*/template/product/category.tpl(0)
VQModObject::applyMod - SEARCH NOT FOUND (ABORTING MOD): <input type="button" value="<?php echo $button_cart; ?>" onclick="addToCart('<?php echo $product['product_id']; ?>');" class="button" />

----------------------------------------------------------------------


---------- Date: 2015-08-23 15:25:22 ~ IP : 42.156.138.11 ----------
REQUEST URI : /lyhpfb/index.php?path=62_113&amp;route=product/category&amp;view=desktop
MOD DETAILS:
   modFile   : E:\xampp\htdocs\lyhpfb\vqmod/xml/zzz_omf_catalog.xml
   id        : OpenCart Mobile Framework
   version   : v2.2.0
   vqmver    : 2.4.1
   author    : omframework.com / braiv.com

File Name    : catalog/view/theme/*/template/product/category.tpl(0)
VQModObject::applyMod - SEARCH NOT FOUND (ABORTING MOD): <input type="button" value="<?php echo $button_cart; ?>" onclick="addToCart('<?php echo $product['product_id']; ?>');" class="button" />

----------------------------------------------------------------------


---------- Date: 2015-08-23 15:26:08 ~ IP : 42.120.160.11 ----------
REQUEST URI : /lyhpfb/index.php?page=1&amp;path=159&amp;route=product/category
MOD DETAILS:
   modFile   : E:\xampp\htdocs\lyhpfb\vqmod/xml/zzz_omf_catalog.xml
   id        : OpenCart Mobile Framework
   version   : v2.2.0
   vqmver    : 2.4.1
   author    : omframework.com / braiv.com

File Name    : catalog/view/theme/*/template/product/category.tpl(0)
VQModObject::applyMod - SEARCH NOT FOUND (ABORTING MOD): <input type="button" value="<?php echo $button_cart; ?>" onclick="addToCart('<?php echo $product['product_id']; ?>');" class="button" />

----------------------------------------------------------------------


---------- Date: 2015-08-23 15:26:46 ~ IP : 42.156.139.11 ----------
REQUEST URI : /lyhpfb/index.php?page=6&amp;path=62&amp;route=product/category
MOD DETAILS:
   modFile   : E:\xampp\htdocs\lyhpfb\vqmod/xml/zzz_omf_catalog.xml
   id        : OpenCart Mobile Framework
   version   : v2.2.0
   vqmver    : 2.4.1
   author    : omframework.com / braiv.com

File Name    : catalog/view/theme/*/template/product/category.tpl(0)
VQModObject::applyMod - SEARCH NOT FOUND (ABORTING MOD): <input type="button" value="<?php echo $button_cart; ?>" onclick="addToCart('<?php echo $product['product_id']; ?>');" class="button" />

----------------------------------------------------------------------


---------- Date: 2015-08-23 15:26:48 ~ IP : 42.156.137.11 ----------
REQUEST URI : /lyhpfb/index.php?filter_tag=&amp;page=43&amp;route=product/search
MOD DETAILS:
   modFile   : E:\xampp\htdocs\lyhpfb\vqmod/xml/zzz_omf_catalog.xml
   id        : OpenCart Mobile Framework
   version   : v2.2.0
   vqmver    : 2.4.1
   author    : omframework.com / braiv.com

File Name    : catalog/view/theme/*/template/product/search.tpl(0)
VQModObject::applyMod - SEARCH NOT FOUND (ABORTING MOD): <input type="button" value="<?php echo $button_cart; ?>" onclick="addToCart('<?php echo $product['product_id']; ?>');" class="button" />

----------------------------------------------------------------------


---------- Date: 2015-08-23 15:26:52 ~ IP : 42.156.139.11 ----------
REQUEST URI : /lyhpfb/index.php?filter_tag=&amp;page=10&amp;route=product/search&amp;view=desktop
MOD DETAILS:
   modFile   : E:\xampp\htdocs\lyhpfb\vqmod/xml/zzz_omf_catalog.xml
   id        : OpenCart Mobile Framework
   version   : v2.2.0
   vqmver    : 2.4.1
   author    : omframework.com / braiv.com

File Name    : catalog/view/theme/*/template/product/search.tpl(0)
VQModObject::applyMod - SEARCH NOT FOUND (ABORTING MOD): <input type="button" value="<?php echo $button_cart; ?>" onclick="addToCart('<?php echo $product['product_id']; ?>');" class="button" />

----------------------------------------------------------------------


---------- Date: 2015-08-23 15:26:52 ~ IP : 42.120.161.11 ----------
REQUEST URI : /lyhpfb/index.php?filter_tag=&amp;page=8&amp;route=product/search&amp;view=desktop
MOD DETAILS:
   modFile   : E:\xampp\htdocs\lyhpfb\vqmod/xml/zzz_omf_catalog.xml
   id        : OpenCart Mobile Framework
   version   : v2.2.0
   vqmver    : 2.4.1
   author    : omframework.com / braiv.com

File Name    : catalog/view/theme/*/template/product/search.tpl(0)
VQModObject::applyMod - SEARCH NOT FOUND (ABORTING MOD): <input type="button" value="<?php echo $button_cart; ?>" onclick="addToCart('<?php echo $product['product_id']; ?>');" class="button" />

----------------------------------------------------------------------


---------- Date: 2015-08-23 15:26:52 ~ IP : 42.156.136.11 ----------
REQUEST URI : /lyhpfb/index.php?filter_tag=&amp;page=4&amp;route=product/search&amp;view=desktop
MOD DETAILS:
   modFile   : E:\xampp\htdocs\lyhpfb\vqmod/xml/zzz_omf_catalog.xml
   id        : OpenCart Mobile Framework
   version   : v2.2.0
   vqmver    : 2.4.1
   author    : omframework.com / braiv.com

File Name    : catalog/view/theme/*/template/product/search.tpl(0)
VQModObject::applyMod - SEARCH NOT FOUND (ABORTING MOD): <input type="button" value="<?php echo $button_cart; ?>" onclick="addToCart('<?php echo $product['product_id']; ?>');" class="button" />

----------------------------------------------------------------------


---------- Date: 2015-08-23 15:26:54 ~ IP : 42.156.137.11 ----------
REQUEST URI : /lyhpfb/index.php?filter_tag=&amp;page=18&amp;route=product/search&amp;view=desktop
MOD DETAILS:
   modFile   : E:\xampp\htdocs\lyhpfb\vqmod/xml/zzz_omf_catalog.xml
   id        : OpenCart Mobile Framework
   version   : v2.2.0
   vqmver    : 2.4.1
   author    : omframework.com / braiv.com

File Name    : catalog/view/theme/*/template/product/search.tpl(0)
VQModObject::applyMod - SEARCH NOT FOUND (ABORTING MOD): <input type="button" value="<?php echo $button_cart; ?>" onclick="addToCart('<?php echo $product['product_id']; ?>');" class="button" />

----------------------------------------------------------------------


---------- Date: 2015-08-23 15:26:54 ~ IP : 42.120.160.11 ----------
REQUEST URI : /lyhpfb/index.php?page=2&amp;path=76_145&amp;route=product/category&amp;view=desktop
MOD DETAILS:
   modFile   : E:\xampp\htdocs\lyhpfb\vqmod/xml/zzz_omf_catalog.xml
   id        : OpenCart Mobile Framework
   version   : v2.2.0
   vqmver    : 2.4.1
   author    : omframework.com / braiv.com

File Name    : catalog/view/theme/*/template/product/category.tpl(0)
VQModObject::applyMod - SEARCH NOT FOUND (ABORTING MOD): <input type="button" value="<?php echo $button_cart; ?>" onclick="addToCart('<?php echo $product['product_id']; ?>');" class="button" />

----------------------------------------------------------------------


---------- Date: 2015-08-23 15:26:55 ~ IP : 42.156.138.11 ----------
REQUEST URI : /lyhpfb/index.php?page=4&amp;path=71_131&amp;route=product/category&amp;view=desktop
MOD DETAILS:
   modFile   : E:\xampp\htdocs\lyhpfb\vqmod/xml/zzz_omf_catalog.xml
   id        : OpenCart Mobile Framework
   version   : v2.2.0
   vqmver    : 2.4.1
   author    : omframework.com / braiv.com

File Name    : catalog/view/theme/*/template/product/category.tpl(0)
VQModObject::applyMod - SEARCH NOT FOUND (ABORTING MOD): <input type="button" value="<?php echo $button_cart; ?>" onclick="addToCart('<?php echo $product['product_id']; ?>');" class="button" />

----------------------------------------------------------------------


---------- Date: 2015-08-23 15:26:57 ~ IP : 42.156.136.11 ----------
REQUEST URI : /lyhpfb/index.php?path=76_145&amp;route=product/category&amp;view=desktop
MOD DETAILS:
   modFile   : E:\xampp\htdocs\lyhpfb\vqmod/xml/zzz_omf_catalog.xml
   id        : OpenCart Mobile Framework
   version   : v2.2.0
   vqmver    : 2.4.1
   author    : omframework.com / braiv.com

File Name    : catalog/view/theme/*/template/product/category.tpl(0)
VQModObject::applyMod - SEARCH NOT FOUND (ABORTING MOD): <input type="button" value="<?php echo $button_cart; ?>" onclick="addToCart('<?php echo $product['product_id']; ?>');" class="button" />

----------------------------------------------------------------------


---------- Date: 2015-08-23 15:26:57 ~ IP : 42.156.139.11 ----------
REQUEST URI : /lyhpfb/index.php?filter_tag=&amp;page=19&amp;route=product/search&amp;view=desktop
MOD DETAILS:
   modFile   : E:\xampp\htdocs\lyhpfb\vqmod/xml/zzz_omf_catalog.xml
   id        : OpenCart Mobile Framework
   version   : v2.2.0
   vqmver    : 2.4.1
   author    : omframework.com / braiv.com

File Name    : catalog/view/theme/*/template/product/search.tpl(0)
VQModObject::applyMod - SEARCH NOT FOUND (ABORTING MOD): <input type="button" value="<?php echo $button_cart; ?>" onclick="addToCart('<?php echo $product['product_id']; ?>');" class="button" />

----------------------------------------------------------------------


---------- Date: 2015-08-23 15:26:59 ~ IP : 42.156.137.11 ----------
REQUEST URI : /lyhpfb/index.php?page=2&amp;path=159&amp;route=product/category&amp;view=desktop
MOD DETAILS:
   modFile   : E:\xampp\htdocs\lyhpfb\vqmod/xml/zzz_omf_catalog.xml
   id        : OpenCart Mobile Framework
   version   : v2.2.0
   vqmver    : 2.4.1
   author    : omframework.com / braiv.com

File Name    : catalog/view/theme/*/template/product/category.tpl(0)
VQModObject::applyMod - SEARCH NOT FOUND (ABORTING MOD): <input type="button" value="<?php echo $button_cart; ?>" onclick="addToCart('<?php echo $product['product_id']; ?>');" class="button" />

----------------------------------------------------------------------


---------- Date: 2015-08-23 15:27:02 ~ IP : 42.120.160.11 ----------
REQUEST URI : /lyhpfb/index.php?page=1&amp;path=154&amp;route=product/category&amp;view=desktop
MOD DETAILS:
   modFile   : E:\xampp\htdocs\lyhpfb\vqmod/xml/zzz_omf_catalog.xml
   id        : OpenCart Mobile Framework
   version   : v2.2.0
   vqmver    : 2.4.1
   author    : omframework.com / braiv.com

File Name    : catalog/view/theme/*/template/product/category.tpl(0)
VQModObject::applyMod - SEARCH NOT FOUND (ABORTING MOD): <input type="button" value="<?php echo $button_cart; ?>" onclick="addToCart('<?php echo $product['product_id']; ?>');" class="button" />

----------------------------------------------------------------------


---------- Date: 2015-08-23 15:27:02 ~ IP : 42.156.138.11 ----------
REQUEST URI : /lyhpfb/index.php?page=1&amp;path=155&amp;route=product/category&amp;view=desktop
MOD DETAILS:
   modFile   : E:\xampp\htdocs\lyhpfb\vqmod/xml/zzz_omf_catalog.xml
   id        : OpenCart Mobile Framework
   version   : v2.2.0
   vqmver    : 2.4.1
   author    : omframework.com / braiv.com

File Name    : catalog/view/theme/*/template/product/category.tpl(0)
VQModObject::applyMod - SEARCH NOT FOUND (ABORTING MOD): <input type="button" value="<?php echo $button_cart; ?>" onclick="addToCart('<?php echo $product['product_id']; ?>');" class="button" />

----------------------------------------------------------------------


---------- Date: 2015-08-23 15:27:33 ~ IP : 42.156.136.11 ----------
REQUEST URI : /lyhpfb/index.php?page=2&amp;path=76&amp;route=product/category
MOD DETAILS:
   modFile   : E:\xampp\htdocs\lyhpfb\vqmod/xml/zzz_omf_catalog.xml
   id        : OpenCart Mobile Framework
   version   : v2.2.0
   vqmver    : 2.4.1
   author    : omframework.com / braiv.com

File Name    : catalog/view/theme/*/template/product/category.tpl(0)
VQModObject::applyMod - SEARCH NOT FOUND (ABORTING MOD): <input type="button" value="<?php echo $button_cart; ?>" onclick="addToCart('<?php echo $product['product_id']; ?>');" class="button" />

----------------------------------------------------------------------


---------- Date: 2015-08-23 15:28:17 ~ IP : 42.156.136.11 ----------
REQUEST URI : /lyhpfb/index.php?page=3&amp;path=62_108&amp;route=product/category&amp;view=desktop
MOD DETAILS:
   modFile   : E:\xampp\htdocs\lyhpfb\vqmod/xml/zzz_omf_catalog.xml
   id        : OpenCart Mobile Framework
   version   : v2.2.0
   vqmver    : 2.4.1
   author    : omframework.com / braiv.com

File Name    : catalog/view/theme/*/template/product/category.tpl(0)
VQModObject::applyMod - SEARCH NOT FOUND (ABORTING MOD): <input type="button" value="<?php echo $button_cart; ?>" onclick="addToCart('<?php echo $product['product_id']; ?>');" class="button" />

----------------------------------------------------------------------


---------- Date: 2015-08-23 15:29:29 ~ IP : 42.156.137.11 ----------
REQUEST URI : /lyhpfb/index.php?path=62_112&amp;route=product/category&amp;view=desktop
MOD DETAILS:
   modFile   : E:\xampp\htdocs\lyhpfb\vqmod/xml/zzz_omf_catalog.xml
   id        : OpenCart Mobile Framework
   version   : v2.2.0
   vqmver    : 2.4.1
   author    : omframework.com / braiv.com

File Name    : catalog/view/theme/*/template/product/category.tpl(0)
VQModObject::applyMod - SEARCH NOT FOUND (ABORTING MOD): <input type="button" value="<?php echo $button_cart; ?>" onclick="addToCart('<?php echo $product['product_id']; ?>');" class="button" />

----------------------------------------------------------------------


---------- Date: 2015-08-23 15:30:21 ~ IP : 42.120.161.11 ----------
REQUEST URI : /lyhpfb/index.php?filter_tag=40%E6%9D%A1/%E7%AE%B1&amp;route=product/search
MOD DETAILS:
   modFile   : E:\xampp\htdocs\lyhpfb\vqmod/xml/zzz_omf_catalog.xml
   id        : OpenCart Mobile Framework
   version   : v2.2.0
   vqmver    : 2.4.1
   author    : omframework.com / braiv.com

File Name    : catalog/view/theme/*/template/product/search.tpl(0)
VQModObject::applyMod - SEARCH NOT FOUND (ABORTING MOD): <input type="button" value="<?php echo $button_cart; ?>" onclick="addToCart('<?php echo $product['product_id']; ?>');" class="button" />

----------------------------------------------------------------------


---------- Date: 2015-08-23 15:30:24 ~ IP : 42.120.161.11 ----------
REQUEST URI : /lyhpfb/index.php?filter_tag=&amp;page=39&amp;route=product/search&amp;view=desktop
MOD DETAILS:
   modFile   : E:\xampp\htdocs\lyhpfb\vqmod/xml/zzz_omf_catalog.xml
   id        : OpenCart Mobile Framework
   version   : v2.2.0
   vqmver    : 2.4.1
   author    : omframework.com / braiv.com

File Name    : catalog/view/theme/*/template/product/search.tpl(0)
VQModObject::applyMod - SEARCH NOT FOUND (ABORTING MOD): <input type="button" value="<?php echo $button_cart; ?>" onclick="addToCart('<?php echo $product['product_id']; ?>');" class="button" />

----------------------------------------------------------------------


---------- Date: 2015-08-23 15:30:33 ~ IP : 42.120.160.11 ----------
REQUEST URI : /lyhpfb/index.php?page=3&amp;path=62_109&amp;route=product/category&amp;view=desktop
MOD DETAILS:
   modFile   : E:\xampp\htdocs\lyhpfb\vqmod/xml/zzz_omf_catalog.xml
   id        : OpenCart Mobile Framework
   version   : v2.2.0
   vqmver    : 2.4.1
   author    : omframework.com / braiv.com

File Name    : catalog/view/theme/*/template/product/category.tpl(0)
VQModObject::applyMod - SEARCH NOT FOUND (ABORTING MOD): <input type="button" value="<?php echo $button_cart; ?>" onclick="addToCart('<?php echo $product['product_id']; ?>');" class="button" />

----------------------------------------------------------------------


---------- Date: 2015-08-23 15:30:49 ~ IP : 42.156.138.11 ----------
REQUEST URI : /lyhpfb/index.php?page=1&amp;path=62&amp;route=product/category&amp;view=desktop
MOD DETAILS:
   modFile   : E:\xampp\htdocs\lyhpfb\vqmod/xml/zzz_omf_catalog.xml
   id        : OpenCart Mobile Framework
   version   : v2.2.0
   vqmver    : 2.4.1
   author    : omframework.com / braiv.com

File Name    : catalog/view/theme/*/template/product/category.tpl(0)
VQModObject::applyMod - SEARCH NOT FOUND (ABORTING MOD): <input type="button" value="<?php echo $button_cart; ?>" onclick="addToCart('<?php echo $product['product_id']; ?>');" class="button" />

----------------------------------------------------------------------


---------- Date: 2015-08-23 15:31:10 ~ IP : 42.156.137.11 ----------
REQUEST URI : /lyhpfb/index.php?page=1&amp;path=155&amp;route=product/category
MOD DETAILS:
   modFile   : E:\xampp\htdocs\lyhpfb\vqmod/xml/zzz_omf_catalog.xml
   id        : OpenCart Mobile Framework
   version   : v2.2.0
   vqmver    : 2.4.1
   author    : omframework.com / braiv.com

File Name    : catalog/view/theme/*/template/product/category.tpl(0)
VQModObject::applyMod - SEARCH NOT FOUND (ABORTING MOD): <input type="button" value="<?php echo $button_cart; ?>" onclick="addToCart('<?php echo $product['product_id']; ?>');" class="button" />

----------------------------------------------------------------------


---------- Date: 2015-08-23 15:32:21 ~ IP : 42.120.161.11 ----------
REQUEST URI : /lyhpfb/index.php?page=2&amp;path=71&amp;route=product/category
MOD DETAILS:
   modFile   : E:\xampp\htdocs\lyhpfb\vqmod/xml/zzz_omf_catalog.xml
   id        : OpenCart Mobile Framework
   version   : v2.2.0
   vqmver    : 2.4.1
   author    : omframework.com / braiv.com

File Name    : catalog/view/theme/*/template/product/category.tpl(0)
VQModObject::applyMod - SEARCH NOT FOUND (ABORTING MOD): <input type="button" value="<?php echo $button_cart; ?>" onclick="addToCart('<?php echo $product['product_id']; ?>');" class="button" />

----------------------------------------------------------------------


---------- Date: 2015-08-23 15:33:50 ~ IP : 42.156.136.11 ----------
REQUEST URI : /lyhpfb/index.php?page=2&amp;path=76_145&amp;route=product/category
MOD DETAILS:
   modFile   : E:\xampp\htdocs\lyhpfb\vqmod/xml/zzz_omf_catalog.xml
   id        : OpenCart Mobile Framework
   version   : v2.2.0
   vqmver    : 2.4.1
   author    : omframework.com / braiv.com

File Name    : catalog/view/theme/*/template/product/category.tpl(0)
VQModObject::applyMod - SEARCH NOT FOUND (ABORTING MOD): <input type="button" value="<?php echo $button_cart; ?>" onclick="addToCart('<?php echo $product['product_id']; ?>');" class="button" />

----------------------------------------------------------------------


---------- Date: 2015-08-23 15:33:54 ~ IP : 42.156.137.11 ----------
REQUEST URI : /lyhpfb/index.php?filter_tag=&amp;page=13&amp;route=product/search
MOD DETAILS:
   modFile   : E:\xampp\htdocs\lyhpfb\vqmod/xml/zzz_omf_catalog.xml
   id        : OpenCart Mobile Framework
   version   : v2.2.0
   vqmver    : 2.4.1
   author    : omframework.com / braiv.com

File Name    : catalog/view/theme/*/template/product/search.tpl(0)
VQModObject::applyMod - SEARCH NOT FOUND (ABORTING MOD): <input type="button" value="<?php echo $button_cart; ?>" onclick="addToCart('<?php echo $product['product_id']; ?>');" class="button" />

----------------------------------------------------------------------


---------- Date: 2015-08-23 15:33:56 ~ IP : 42.156.139.11 ----------
REQUEST URI : /lyhpfb/index.php?path=73_169&amp;route=product/category&amp;view=desktop
MOD DETAILS:
   modFile   : E:\xampp\htdocs\lyhpfb\vqmod/xml/zzz_omf_catalog.xml
   id        : OpenCart Mobile Framework
   version   : v2.2.0
   vqmver    : 2.4.1
   author    : omframework.com / braiv.com

File Name    : catalog/view/theme/*/template/product/category.tpl(0)
VQModObject::applyMod - SEARCH NOT FOUND (ABORTING MOD): <input type="button" value="<?php echo $button_cart; ?>" onclick="addToCart('<?php echo $product['product_id']; ?>');" class="button" />

----------------------------------------------------------------------


---------- Date: 2015-08-23 15:33:56 ~ IP : 42.120.161.11 ----------
REQUEST URI : /lyhpfb/index.php?page=3&amp;path=155&amp;route=product/category
MOD DETAILS:
   modFile   : E:\xampp\htdocs\lyhpfb\vqmod/xml/zzz_omf_catalog.xml
   id        : OpenCart Mobile Framework
   version   : v2.2.0
   vqmver    : 2.4.1
   author    : omframework.com / braiv.com

File Name    : catalog/view/theme/*/template/product/category.tpl(0)
VQModObject::applyMod - SEARCH NOT FOUND (ABORTING MOD): <input type="button" value="<?php echo $button_cart; ?>" onclick="addToCart('<?php echo $product['product_id']; ?>');" class="button" />

----------------------------------------------------------------------


---------- Date: 2015-08-23 15:33:57 ~ IP : 42.156.136.11 ----------
REQUEST URI : /lyhpfb/index.php?filter_tag=&amp;page=11&amp;route=product/search&amp;view=desktop
MOD DETAILS:
   modFile   : E:\xampp\htdocs\lyhpfb\vqmod/xml/zzz_omf_catalog.xml
   id        : OpenCart Mobile Framework
   version   : v2.2.0
   vqmver    : 2.4.1
   author    : omframework.com / braiv.com

File Name    : catalog/view/theme/*/template/product/search.tpl(0)
VQModObject::applyMod - SEARCH NOT FOUND (ABORTING MOD): <input type="button" value="<?php echo $button_cart; ?>" onclick="addToCart('<?php echo $product['product_id']; ?>');" class="button" />

----------------------------------------------------------------------


---------- Date: 2015-08-23 15:33:58 ~ IP : 42.156.137.11 ----------
REQUEST URI : /lyhpfb/index.php?filter_tag=12/%E7%AE%B1&amp;route=product/search
MOD DETAILS:
   modFile   : E:\xampp\htdocs\lyhpfb\vqmod/xml/zzz_omf_catalog.xml
   id        : OpenCart Mobile Framework
   version   : v2.2.0
   vqmver    : 2.4.1
   author    : omframework.com / braiv.com

File Name    : catalog/view/theme/*/template/product/search.tpl(0)
VQModObject::applyMod - SEARCH NOT FOUND (ABORTING MOD): <input type="button" value="<?php echo $button_cart; ?>" onclick="addToCart('<?php echo $product['product_id']; ?>');" class="button" />

----------------------------------------------------------------------


---------- Date: 2015-08-23 15:33:59 ~ IP : 42.120.160.11 ----------
REQUEST URI : /lyhpfb/index.php?filter_tag=48/%E7%AE%B1&amp;route=product/search
MOD DETAILS:
   modFile   : E:\xampp\htdocs\lyhpfb\vqmod/xml/zzz_omf_catalog.xml
   id        : OpenCart Mobile Framework
   version   : v2.2.0
   vqmver    : 2.4.1
   author    : omframework.com / braiv.com

File Name    : catalog/view/theme/*/template/product/search.tpl(0)
VQModObject::applyMod - SEARCH NOT FOUND (ABORTING MOD): <input type="button" value="<?php echo $button_cart; ?>" onclick="addToCart('<?php echo $product['product_id']; ?>');" class="button" />

----------------------------------------------------------------------


---------- Date: 2015-08-23 15:33:59 ~ IP : 42.120.161.11 ----------
REQUEST URI : /lyhpfb/index.php?page=3&amp;path=155&amp;route=product/category&amp;view=desktop
MOD DETAILS:
   modFile   : E:\xampp\htdocs\lyhpfb\vqmod/xml/zzz_omf_catalog.xml
   id        : OpenCart Mobile Framework
   version   : v2.2.0
   vqmver    : 2.4.1
   author    : omframework.com / braiv.com

File Name    : catalog/view/theme/*/template/product/category.tpl(0)
VQModObject::applyMod - SEARCH NOT FOUND (ABORTING MOD): <input type="button" value="<?php echo $button_cart; ?>" onclick="addToCart('<?php echo $product['product_id']; ?>');" class="button" />

----------------------------------------------------------------------


---------- Date: 2015-08-23 15:33:59 ~ IP : 42.156.138.11 ----------
REQUEST URI : /lyhpfb/index.php?filter_tag=12%E6%8F%90/%E7%AE%B1&amp;route=product/search
MOD DETAILS:
   modFile   : E:\xampp\htdocs\lyhpfb\vqmod/xml/zzz_omf_catalog.xml
   id        : OpenCart Mobile Framework
   version   : v2.2.0
   vqmver    : 2.4.1
   author    : omframework.com / braiv.com

File Name    : catalog/view/theme/*/template/product/search.tpl(0)
VQModObject::applyMod - SEARCH NOT FOUND (ABORTING MOD): <input type="button" value="<?php echo $button_cart; ?>" onclick="addToCart('<?php echo $product['product_id']; ?>');" class="button" />

----------------------------------------------------------------------


---------- Date: 2015-08-23 15:34:01 ~ IP : 42.156.139.11 ----------
REQUEST URI : /lyhpfb/index.php?page=7&amp;path=62_109&amp;route=product/category&amp;view=desktop
MOD DETAILS:
   modFile   : E:\xampp\htdocs\lyhpfb\vqmod/xml/zzz_omf_catalog.xml
   id        : OpenCart Mobile Framework
   version   : v2.2.0
   vqmver    : 2.4.1
   author    : omframework.com / braiv.com

File Name    : catalog/view/theme/*/template/product/category.tpl(0)
VQModObject::applyMod - SEARCH NOT FOUND (ABORTING MOD): <input type="button" value="<?php echo $button_cart; ?>" onclick="addToCart('<?php echo $product['product_id']; ?>');" class="button" />

----------------------------------------------------------------------


---------- Date: 2015-08-23 15:34:03 ~ IP : 42.156.137.11 ----------
REQUEST URI : /lyhpfb/index.php?page=8&amp;path=62&amp;route=product/category&amp;view=desktop
MOD DETAILS:
   modFile   : E:\xampp\htdocs\lyhpfb\vqmod/xml/zzz_omf_catalog.xml
   id        : OpenCart Mobile Framework
   version   : v2.2.0
   vqmver    : 2.4.1
   author    : omframework.com / braiv.com

File Name    : catalog/view/theme/*/template/product/category.tpl(0)
VQModObject::applyMod - SEARCH NOT FOUND (ABORTING MOD): <input type="button" value="<?php echo $button_cart; ?>" onclick="addToCart('<?php echo $product['product_id']; ?>');" class="button" />

----------------------------------------------------------------------


---------- Date: 2015-08-23 15:34:53 ~ IP : 42.156.137.11 ----------
REQUEST URI : /lyhpfb/index.php?filter_tag=60%E5%9D%97/%E7%AE%B1&amp;route=product/search
MOD DETAILS:
   modFile   : E:\xampp\htdocs\lyhpfb\vqmod/xml/zzz_omf_catalog.xml
   id        : OpenCart Mobile Framework
   version   : v2.2.0
   vqmver    : 2.4.1
   author    : omframework.com / braiv.com

File Name    : catalog/view/theme/*/template/product/search.tpl(0)
VQModObject::applyMod - SEARCH NOT FOUND (ABORTING MOD): <input type="button" value="<?php echo $button_cart; ?>" onclick="addToCart('<?php echo $product['product_id']; ?>');" class="button" />

----------------------------------------------------------------------


---------- Date: 2015-08-23 15:35:02 ~ IP : 42.120.160.11 ----------
REQUEST URI : /lyhpfb/index.php?filter_tag=36%E5%9D%97/%E7%AE%B1&amp;route=product/search
MOD DETAILS:
   modFile   : E:\xampp\htdocs\lyhpfb\vqmod/xml/zzz_omf_catalog.xml
   id        : OpenCart Mobile Framework
   version   : v2.2.0
   vqmver    : 2.4.1
   author    : omframework.com / braiv.com

File Name    : catalog/view/theme/*/template/product/search.tpl(0)
VQModObject::applyMod - SEARCH NOT FOUND (ABORTING MOD): <input type="button" value="<?php echo $button_cart; ?>" onclick="addToCart('<?php echo $product['product_id']; ?>');" class="button" />

----------------------------------------------------------------------


---------- Date: 2015-08-23 15:35:04 ~ IP : 42.156.139.11 ----------
REQUEST URI : /lyhpfb/index.php?filter_tag=48%E6%9D%A1/%E7%AE%B1&amp;route=product/search
MOD DETAILS:
   modFile   : E:\xampp\htdocs\lyhpfb\vqmod/xml/zzz_omf_catalog.xml
   id        : OpenCart Mobile Framework
   version   : v2.2.0
   vqmver    : 2.4.1
   author    : omframework.com / braiv.com

File Name    : catalog/view/theme/*/template/product/search.tpl(0)
VQModObject::applyMod - SEARCH NOT FOUND (ABORTING MOD): <input type="button" value="<?php echo $button_cart; ?>" onclick="addToCart('<?php echo $product['product_id']; ?>');" class="button" />

----------------------------------------------------------------------


---------- Date: 2015-08-23 15:35:06 ~ IP : 42.156.137.11 ----------
REQUEST URI : /lyhpfb/index.php?filter_tag=%E5%90%84%E4%B8%AA%E5%8D%95%E5%93%81%E5%9D%8716%E6%9D%A1/%E7%AE%B1&amp;route=product/search&amp;view=desktop
MOD DETAILS:
   modFile   : E:\xampp\htdocs\lyhpfb\vqmod/xml/zzz_omf_catalog.xml
   id        : OpenCart Mobile Framework
   version   : v2.2.0
   vqmver    : 2.4.1
   author    : omframework.com / braiv.com

File Name    : catalog/view/theme/*/template/product/search.tpl(0)
VQModObject::applyMod - SEARCH NOT FOUND (ABORTING MOD): <input type="button" value="<?php echo $button_cart; ?>" onclick="addToCart('<?php echo $product['product_id']; ?>');" class="button" />

----------------------------------------------------------------------


---------- Date: 2015-08-23 15:35:48 ~ IP : 42.156.139.11 ----------
REQUEST URI : /lyhpfb/index.php?page=3&amp;path=195&amp;route=product/category
MOD DETAILS:
   modFile   : E:\xampp\htdocs\lyhpfb\vqmod/xml/zzz_omf_catalog.xml
   id        : OpenCart Mobile Framework
   version   : v2.2.0
   vqmver    : 2.4.1
   author    : omframework.com / braiv.com

File Name    : catalog/view/theme/*/template/product/category.tpl(0)
VQModObject::applyMod - SEARCH NOT FOUND (ABORTING MOD): <input type="button" value="<?php echo $button_cart; ?>" onclick="addToCart('<?php echo $product['product_id']; ?>');" class="button" />

----------------------------------------------------------------------


---------- Date: 2015-08-23 15:35:56 ~ IP : 42.156.136.11 ----------
REQUEST URI : /lyhpfb/index.php?path=73_165&amp;route=product/category
MOD DETAILS:
   modFile   : E:\xampp\htdocs\lyhpfb\vqmod/xml/zzz_omf_catalog.xml
   id        : OpenCart Mobile Framework
   version   : v2.2.0
   vqmver    : 2.4.1
   author    : omframework.com / braiv.com

File Name    : catalog/view/theme/*/template/product/category.tpl(0)
VQModObject::applyMod - SEARCH NOT FOUND (ABORTING MOD): <input type="button" value="<?php echo $button_cart; ?>" onclick="addToCart('<?php echo $product['product_id']; ?>');" class="button" />

----------------------------------------------------------------------


---------- Date: 2015-08-23 16:07:32 ~ IP : 66.249.67.44 ----------
REQUEST URI : /lyhpfb/index.php?route=product/category&amp;path=76_145
MOD DETAILS:
   modFile   : E:\xampp\htdocs\lyhpfb\vqmod/xml/zzz_omf_catalog.xml
   id        : OpenCart Mobile Framework
   version   : v2.2.0
   vqmver    : 2.4.1
   author    : omframework.com / braiv.com

File Name    : catalog/view/theme/*/template/product/category.tpl(0)
VQModObject::applyMod - SEARCH NOT FOUND (ABORTING MOD): <input type="button" value="<?php echo $button_cart; ?>" onclick="addToCart('<?php echo $product['product_id']; ?>');" class="button" />

----------------------------------------------------------------------


---------- Date: 2015-08-23 17:23:19 ~ IP : 66.249.67.44 ----------
REQUEST URI : /lyhpfb/index.php?route=product/category&amp;path=76_144
MOD DETAILS:
   modFile   : E:\xampp\htdocs\lyhpfb\vqmod/xml/zzz_omf_catalog.xml
   id        : OpenCart Mobile Framework
   version   : v2.2.0
   vqmver    : 2.4.1
   author    : omframework.com / braiv.com

File Name    : catalog/view/theme/*/template/product/category.tpl(0)
VQModObject::applyMod - SEARCH NOT FOUND (ABORTING MOD): <input type="button" value="<?php echo $button_cart; ?>" onclick="addToCart('<?php echo $product['product_id']; ?>');" class="button" />

----------------------------------------------------------------------


