---------- Date: 2015-08-18 02:49:45 ~ IP : 101.226.51.230 ----------
REQUEST URI : /lyhpfb/index.php?route=product/category&amp;path=62
MOD DETAILS:
   modFile   : E:\xampp\htdocs\lyhpfb\vqmod/xml/zzz_omf_catalog.xml
   id        : OpenCart Mobile Framework
   version   : v2.2.0
   vqmver    : 2.4.1
   author    : omframework.com / braiv.com

File Name    : catalog/view/theme/*/template/product/category.tpl(0)
VQModObject::applyMod - SEARCH NOT FOUND (ABORTING MOD): <input type="button" value="<?php echo $button_cart; ?>" onclick="addToCart('<?php echo $product['product_id']; ?>');" class="button" />

----------------------------------------------------------------------


---------- Date: 2015-08-18 02:49:46 ~ IP : 122.234.138.35 ----------
REQUEST URI : /lyhpfb/index.php?route=product/category&amp;path=62
MOD DETAILS:
   modFile   : E:\xampp\htdocs\lyhpfb\vqmod/xml/zzz_omf_catalog.xml
   id        : OpenCart Mobile Framework
   version   : v2.2.0
   vqmver    : 2.4.1
   author    : omframework.com / braiv.com

File Name    : catalog/view/theme/*/template/product/category.tpl(0)
VQModObject::applyMod - SEARCH NOT FOUND (ABORTING MOD): <input type="button" value="<?php echo $button_cart; ?>" onclick="addToCart('<?php echo $product['product_id']; ?>');" class="button" />

----------------------------------------------------------------------


---------- Date: 2015-08-18 04:28:58 ~ IP : 66.249.64.44 ----------
REQUEST URI : /lyhpfb/index.php?route=product/search&amp;filter_tag=
MOD DETAILS:
   modFile   : E:\xampp\htdocs\lyhpfb\vqmod/xml/zzz_omf_catalog.xml
   id        : OpenCart Mobile Framework
   version   : v2.2.0
   vqmver    : 2.4.1
   author    : omframework.com / braiv.com

File Name    : catalog/view/theme/*/template/product/search.tpl(0)
VQModObject::applyMod - SEARCH NOT FOUND (ABORTING MOD): <input type="button" value="<?php echo $button_cart; ?>" onclick="addToCart('<?php echo $product['product_id']; ?>');" class="button" />

----------------------------------------------------------------------


---------- Date: 2015-08-18 04:32:47 ~ IP : 66.249.64.39 ----------
REQUEST URI : /lyhpfb/index.php?route=product/search&amp;filter_tag=24/%E7%AE%B1
MOD DETAILS:
   modFile   : E:\xampp\htdocs\lyhpfb\vqmod/xml/zzz_omf_catalog.xml
   id        : OpenCart Mobile Framework
   version   : v2.2.0
   vqmver    : 2.4.1
   author    : omframework.com / braiv.com

File Name    : catalog/view/theme/*/template/product/search.tpl(0)
VQModObject::applyMod - SEARCH NOT FOUND (ABORTING MOD): <input type="button" value="<?php echo $button_cart; ?>" onclick="addToCart('<?php echo $product['product_id']; ?>');" class="button" />

----------------------------------------------------------------------


---------- Date: 2015-08-18 04:33:56 ~ IP : 66.249.64.44 ----------
REQUEST URI : /lyhpfb/index.php?route=product/search&amp;filter_tag=24%2F%E7%AE%B1
MOD DETAILS:
   modFile   : E:\xampp\htdocs\lyhpfb\vqmod/xml/zzz_omf_catalog.xml
   id        : OpenCart Mobile Framework
   version   : v2.2.0
   vqmver    : 2.4.1
   author    : omframework.com / braiv.com

File Name    : catalog/view/theme/*/template/product/search.tpl(0)
VQModObject::applyMod - SEARCH NOT FOUND (ABORTING MOD): <input type="button" value="<?php echo $button_cart; ?>" onclick="addToCart('<?php echo $product['product_id']; ?>');" class="button" />

----------------------------------------------------------------------


---------- Date: 2015-08-18 05:43:38 ~ IP : 66.249.64.39 ----------
REQUEST URI : /lyhpfb/index.php?route=product/search&amp;filter_tag=&amp;page=5
MOD DETAILS:
   modFile   : E:\xampp\htdocs\lyhpfb\vqmod/xml/zzz_omf_catalog.xml
   id        : OpenCart Mobile Framework
   version   : v2.2.0
   vqmver    : 2.4.1
   author    : omframework.com / braiv.com

File Name    : catalog/view/theme/*/template/product/search.tpl(0)
VQModObject::applyMod - SEARCH NOT FOUND (ABORTING MOD): <input type="button" value="<?php echo $button_cart; ?>" onclick="addToCart('<?php echo $product['product_id']; ?>');" class="button" />

----------------------------------------------------------------------


---------- Date: 2015-08-18 08:15:14 ~ IP : 66.249.64.39 ----------
REQUEST URI : /lyhpfb/index.php?route=product/search&amp;filter_tag=&amp;page=4
MOD DETAILS:
   modFile   : E:\xampp\htdocs\lyhpfb\vqmod/xml/zzz_omf_catalog.xml
   id        : OpenCart Mobile Framework
   version   : v2.2.0
   vqmver    : 2.4.1
   author    : omframework.com / braiv.com

File Name    : catalog/view/theme/*/template/product/search.tpl(0)
VQModObject::applyMod - SEARCH NOT FOUND (ABORTING MOD): <input type="button" value="<?php echo $button_cart; ?>" onclick="addToCart('<?php echo $product['product_id']; ?>');" class="button" />

----------------------------------------------------------------------


---------- Date: 2015-08-18 10:46:46 ~ IP : 66.249.64.34 ----------
REQUEST URI : /lyhpfb/index.php?route=product/search&amp;filter_tag=&amp;page=44
MOD DETAILS:
   modFile   : E:\xampp\htdocs\lyhpfb\vqmod/xml/zzz_omf_catalog.xml
   id        : OpenCart Mobile Framework
   version   : v2.2.0
   vqmver    : 2.4.1
   author    : omframework.com / braiv.com

File Name    : catalog/view/theme/*/template/product/search.tpl(0)
VQModObject::applyMod - SEARCH NOT FOUND (ABORTING MOD): <input type="button" value="<?php echo $button_cart; ?>" onclick="addToCart('<?php echo $product['product_id']; ?>');" class="button" />

----------------------------------------------------------------------


---------- Date: 2015-08-18 12:02:35 ~ IP : 66.249.64.39 ----------
REQUEST URI : /lyhpfb/index.php?route=product/search&amp;filter_tag=&amp;page=10
MOD DETAILS:
   modFile   : E:\xampp\htdocs\lyhpfb\vqmod/xml/zzz_omf_catalog.xml
   id        : OpenCart Mobile Framework
   version   : v2.2.0
   vqmver    : 2.4.1
   author    : omframework.com / braiv.com

File Name    : catalog/view/theme/*/template/product/search.tpl(0)
VQModObject::applyMod - SEARCH NOT FOUND (ABORTING MOD): <input type="button" value="<?php echo $button_cart; ?>" onclick="addToCart('<?php echo $product['product_id']; ?>');" class="button" />

----------------------------------------------------------------------


---------- Date: 2015-08-18 14:22:32 ~ IP : 42.156.136.11 ----------
REQUEST URI : /lyhpfb/index.php?filter_tag=252g*20%E8%A2%8B&amp;route=product/search&amp;view=desktop
MOD DETAILS:
   modFile   : E:\xampp\htdocs\lyhpfb\vqmod/xml/zzz_omf_catalog.xml
   id        : OpenCart Mobile Framework
   version   : v2.2.0
   vqmver    : 2.4.1
   author    : omframework.com / braiv.com

File Name    : catalog/view/theme/*/template/product/search.tpl(0)
VQModObject::applyMod - SEARCH NOT FOUND (ABORTING MOD): <input type="button" value="<?php echo $button_cart; ?>" onclick="addToCart('<?php echo $product['product_id']; ?>');" class="button" />

----------------------------------------------------------------------


---------- Date: 2015-08-18 14:22:40 ~ IP : 42.120.161.11 ----------
REQUEST URI : /lyhpfb/index.php?path=71&amp;route=product/category&amp;view=desktop
MOD DETAILS:
   modFile   : E:\xampp\htdocs\lyhpfb\vqmod/xml/zzz_omf_catalog.xml
   id        : OpenCart Mobile Framework
   version   : v2.2.0
   vqmver    : 2.4.1
   author    : omframework.com / braiv.com

File Name    : catalog/view/theme/*/template/product/category.tpl(0)
VQModObject::applyMod - SEARCH NOT FOUND (ABORTING MOD): <input type="button" value="<?php echo $button_cart; ?>" onclick="addToCart('<?php echo $product['product_id']; ?>');" class="button" />

----------------------------------------------------------------------


---------- Date: 2015-08-18 14:22:41 ~ IP : 42.156.139.11 ----------
REQUEST URI : /lyhpfb/index.php?path=208&amp;route=product/category&amp;view=desktop
MOD DETAILS:
   modFile   : E:\xampp\htdocs\lyhpfb\vqmod/xml/zzz_omf_catalog.xml
   id        : OpenCart Mobile Framework
   version   : v2.2.0
   vqmver    : 2.4.1
   author    : omframework.com / braiv.com

File Name    : catalog/view/theme/*/template/product/category.tpl(0)
VQModObject::applyMod - SEARCH NOT FOUND (ABORTING MOD): <input type="button" value="<?php echo $button_cart; ?>" onclick="addToCart('<?php echo $product['product_id']; ?>');" class="button" />

----------------------------------------------------------------------


---------- Date: 2015-08-18 14:26:41 ~ IP : 42.156.137.11 ----------
REQUEST URI : /lyhpfb/index.php?path=155&amp;route=product/category
MOD DETAILS:
   modFile   : E:\xampp\htdocs\lyhpfb\vqmod/xml/zzz_omf_catalog.xml
   id        : OpenCart Mobile Framework
   version   : v2.2.0
   vqmver    : 2.4.1
   author    : omframework.com / braiv.com

File Name    : catalog/view/theme/*/template/product/category.tpl(0)
VQModObject::applyMod - SEARCH NOT FOUND (ABORTING MOD): <input type="button" value="<?php echo $button_cart; ?>" onclick="addToCart('<?php echo $product['product_id']; ?>');" class="button" />

----------------------------------------------------------------------


---------- Date: 2015-08-18 14:26:45 ~ IP : 42.156.138.11 ----------
REQUEST URI : /lyhpfb/index.php?filter_tag=&amp;page=9&amp;route=product/search
MOD DETAILS:
   modFile   : E:\xampp\htdocs\lyhpfb\vqmod/xml/zzz_omf_catalog.xml
   id        : OpenCart Mobile Framework
   version   : v2.2.0
   vqmver    : 2.4.1
   author    : omframework.com / braiv.com

File Name    : catalog/view/theme/*/template/product/search.tpl(0)
VQModObject::applyMod - SEARCH NOT FOUND (ABORTING MOD): <input type="button" value="<?php echo $button_cart; ?>" onclick="addToCart('<?php echo $product['product_id']; ?>');" class="button" />

----------------------------------------------------------------------


---------- Date: 2015-08-18 14:26:53 ~ IP : 42.156.137.11 ----------
REQUEST URI : /lyhpfb/index.php?filter_tag=&amp;route=product/search&amp;view=desktop
MOD DETAILS:
   modFile   : E:\xampp\htdocs\lyhpfb\vqmod/xml/zzz_omf_catalog.xml
   id        : OpenCart Mobile Framework
   version   : v2.2.0
   vqmver    : 2.4.1
   author    : omframework.com / braiv.com

File Name    : catalog/view/theme/*/template/product/search.tpl(0)
VQModObject::applyMod - SEARCH NOT FOUND (ABORTING MOD): <input type="button" value="<?php echo $button_cart; ?>" onclick="addToCart('<?php echo $product['product_id']; ?>');" class="button" />

----------------------------------------------------------------------


---------- Date: 2015-08-18 14:26:57 ~ IP : 42.120.160.11 ----------
REQUEST URI : /lyhpfb/index.php?filter_tag=&amp;page=28&amp;route=product/search
MOD DETAILS:
   modFile   : E:\xampp\htdocs\lyhpfb\vqmod/xml/zzz_omf_catalog.xml
   id        : OpenCart Mobile Framework
   version   : v2.2.0
   vqmver    : 2.4.1
   author    : omframework.com / braiv.com

File Name    : catalog/view/theme/*/template/product/search.tpl(0)
VQModObject::applyMod - SEARCH NOT FOUND (ABORTING MOD): <input type="button" value="<?php echo $button_cart; ?>" onclick="addToCart('<?php echo $product['product_id']; ?>');" class="button" />

----------------------------------------------------------------------


---------- Date: 2015-08-18 14:26:58 ~ IP : 42.156.138.11 ----------
REQUEST URI : /lyhpfb/index.php?filter_tag=&amp;page=6&amp;route=product/search&amp;view=desktop
MOD DETAILS:
   modFile   : E:\xampp\htdocs\lyhpfb\vqmod/xml/zzz_omf_catalog.xml
   id        : OpenCart Mobile Framework
   version   : v2.2.0
   vqmver    : 2.4.1
   author    : omframework.com / braiv.com

File Name    : catalog/view/theme/*/template/product/search.tpl(0)
VQModObject::applyMod - SEARCH NOT FOUND (ABORTING MOD): <input type="button" value="<?php echo $button_cart; ?>" onclick="addToCart('<?php echo $product['product_id']; ?>');" class="button" />

----------------------------------------------------------------------


---------- Date: 2015-08-18 14:26:58 ~ IP : 42.120.161.11 ----------
REQUEST URI : /lyhpfb/index.php?filter_tag=&amp;page=25&amp;route=product/search
MOD DETAILS:
   modFile   : E:\xampp\htdocs\lyhpfb\vqmod/xml/zzz_omf_catalog.xml
   id        : OpenCart Mobile Framework
   version   : v2.2.0
   vqmver    : 2.4.1
   author    : omframework.com / braiv.com

File Name    : catalog/view/theme/*/template/product/search.tpl(0)
VQModObject::applyMod - SEARCH NOT FOUND (ABORTING MOD): <input type="button" value="<?php echo $button_cart; ?>" onclick="addToCart('<?php echo $product['product_id']; ?>');" class="button" />

----------------------------------------------------------------------


---------- Date: 2015-08-18 14:26:59 ~ IP : 42.156.139.11 ----------
REQUEST URI : /lyhpfb/index.php?filter_tag=&amp;page=20&amp;route=product/search&amp;view=desktop
MOD DETAILS:
   modFile   : E:\xampp\htdocs\lyhpfb\vqmod/xml/zzz_omf_catalog.xml
   id        : OpenCart Mobile Framework
   version   : v2.2.0
   vqmver    : 2.4.1
   author    : omframework.com / braiv.com

File Name    : catalog/view/theme/*/template/product/search.tpl(0)
VQModObject::applyMod - SEARCH NOT FOUND (ABORTING MOD): <input type="button" value="<?php echo $button_cart; ?>" onclick="addToCart('<?php echo $product['product_id']; ?>');" class="button" />

----------------------------------------------------------------------


---------- Date: 2015-08-18 14:27:02 ~ IP : 42.156.136.11 ----------
REQUEST URI : /lyhpfb/index.php?filter_tag=&amp;page=37&amp;route=product/search
MOD DETAILS:
   modFile   : E:\xampp\htdocs\lyhpfb\vqmod/xml/zzz_omf_catalog.xml
   id        : OpenCart Mobile Framework
   version   : v2.2.0
   vqmver    : 2.4.1
   author    : omframework.com / braiv.com

File Name    : catalog/view/theme/*/template/product/search.tpl(0)
VQModObject::applyMod - SEARCH NOT FOUND (ABORTING MOD): <input type="button" value="<?php echo $button_cart; ?>" onclick="addToCart('<?php echo $product['product_id']; ?>');" class="button" />

----------------------------------------------------------------------


---------- Date: 2015-08-18 14:27:03 ~ IP : 42.156.137.11 ----------
REQUEST URI : /lyhpfb/index.php?filter_tag=&amp;page=36&amp;route=product/search
MOD DETAILS:
   modFile   : E:\xampp\htdocs\lyhpfb\vqmod/xml/zzz_omf_catalog.xml
   id        : OpenCart Mobile Framework
   version   : v2.2.0
   vqmver    : 2.4.1
   author    : omframework.com / braiv.com

File Name    : catalog/view/theme/*/template/product/search.tpl(0)
VQModObject::applyMod - SEARCH NOT FOUND (ABORTING MOD): <input type="button" value="<?php echo $button_cart; ?>" onclick="addToCart('<?php echo $product['product_id']; ?>');" class="button" />

----------------------------------------------------------------------


---------- Date: 2015-08-18 14:27:04 ~ IP : 42.120.160.11 ----------
REQUEST URI : /lyhpfb/index.php?page=2&amp;path=62_108&amp;route=product/category
MOD DETAILS:
   modFile   : E:\xampp\htdocs\lyhpfb\vqmod/xml/zzz_omf_catalog.xml
   id        : OpenCart Mobile Framework
   version   : v2.2.0
   vqmver    : 2.4.1
   author    : omframework.com / braiv.com

File Name    : catalog/view/theme/*/template/product/category.tpl(0)
VQModObject::applyMod - SEARCH NOT FOUND (ABORTING MOD): <input type="button" value="<?php echo $button_cart; ?>" onclick="addToCart('<?php echo $product['product_id']; ?>');" class="button" />

----------------------------------------------------------------------


---------- Date: 2015-08-18 14:27:09 ~ IP : 42.156.138.11 ----------
REQUEST URI : /lyhpfb/index.php?filter_tag=&amp;page=24&amp;route=product/search
MOD DETAILS:
   modFile   : E:\xampp\htdocs\lyhpfb\vqmod/xml/zzz_omf_catalog.xml
   id        : OpenCart Mobile Framework
   version   : v2.2.0
   vqmver    : 2.4.1
   author    : omframework.com / braiv.com

File Name    : catalog/view/theme/*/template/product/search.tpl(0)
VQModObject::applyMod - SEARCH NOT FOUND (ABORTING MOD): <input type="button" value="<?php echo $button_cart; ?>" onclick="addToCart('<?php echo $product['product_id']; ?>');" class="button" />

----------------------------------------------------------------------


---------- Date: 2015-08-18 14:27:17 ~ IP : 42.120.161.11 ----------
REQUEST URI : /lyhpfb/index.php?path=160&amp;route=product/category&amp;view=desktop
MOD DETAILS:
   modFile   : E:\xampp\htdocs\lyhpfb\vqmod/xml/zzz_omf_catalog.xml
   id        : OpenCart Mobile Framework
   version   : v2.2.0
   vqmver    : 2.4.1
   author    : omframework.com / braiv.com

File Name    : catalog/view/theme/*/template/product/category.tpl(0)
VQModObject::applyMod - SEARCH NOT FOUND (ABORTING MOD): <input type="button" value="<?php echo $button_cart; ?>" onclick="addToCart('<?php echo $product['product_id']; ?>');" class="button" />

----------------------------------------------------------------------


---------- Date: 2015-08-18 14:27:20 ~ IP : 42.156.136.11 ----------
REQUEST URI : /lyhpfb/index.php?path=196&amp;route=product/category&amp;view=desktop
MOD DETAILS:
   modFile   : E:\xampp\htdocs\lyhpfb\vqmod/xml/zzz_omf_catalog.xml
   id        : OpenCart Mobile Framework
   version   : v2.2.0
   vqmver    : 2.4.1
   author    : omframework.com / braiv.com

File Name    : catalog/view/theme/*/template/product/category.tpl(0)
VQModObject::applyMod - SEARCH NOT FOUND (ABORTING MOD): <input type="button" value="<?php echo $button_cart; ?>" onclick="addToCart('<?php echo $product['product_id']; ?>');" class="button" />

----------------------------------------------------------------------


---------- Date: 2015-08-18 14:29:34 ~ IP : 42.156.137.11 ----------
REQUEST URI : /lyhpfb/index.php?page=2&amp;path=153&amp;route=product/category
MOD DETAILS:
   modFile   : E:\xampp\htdocs\lyhpfb\vqmod/xml/zzz_omf_catalog.xml
   id        : OpenCart Mobile Framework
   version   : v2.2.0
   vqmver    : 2.4.1
   author    : omframework.com / braiv.com

File Name    : catalog/view/theme/*/template/product/category.tpl(0)
VQModObject::applyMod - SEARCH NOT FOUND (ABORTING MOD): <input type="button" value="<?php echo $button_cart; ?>" onclick="addToCart('<?php echo $product['product_id']; ?>');" class="button" />

----------------------------------------------------------------------


---------- Date: 2015-08-18 14:29:35 ~ IP : 42.120.160.11 ----------
REQUEST URI : /lyhpfb/index.php?path=71_131&amp;route=product/category
MOD DETAILS:
   modFile   : E:\xampp\htdocs\lyhpfb\vqmod/xml/zzz_omf_catalog.xml
   id        : OpenCart Mobile Framework
   version   : v2.2.0
   vqmver    : 2.4.1
   author    : omframework.com / braiv.com

File Name    : catalog/view/theme/*/template/product/category.tpl(0)
VQModObject::applyMod - SEARCH NOT FOUND (ABORTING MOD): <input type="button" value="<?php echo $button_cart; ?>" onclick="addToCart('<?php echo $product['product_id']; ?>');" class="button" />

----------------------------------------------------------------------


---------- Date: 2015-08-18 14:29:37 ~ IP : 42.156.138.11 ----------
REQUEST URI : /lyhpfb/index.php?filter_tag=&amp;page=10&amp;route=product/search
MOD DETAILS:
   modFile   : E:\xampp\htdocs\lyhpfb\vqmod/xml/zzz_omf_catalog.xml
   id        : OpenCart Mobile Framework
   version   : v2.2.0
   vqmver    : 2.4.1
   author    : omframework.com / braiv.com

File Name    : catalog/view/theme/*/template/product/search.tpl(0)
VQModObject::applyMod - SEARCH NOT FOUND (ABORTING MOD): <input type="button" value="<?php echo $button_cart; ?>" onclick="addToCart('<?php echo $product['product_id']; ?>');" class="button" />

----------------------------------------------------------------------


---------- Date: 2015-08-18 14:29:38 ~ IP : 42.120.161.11 ----------
REQUEST URI : /lyhpfb/index.php?page=3&amp;path=71_131&amp;route=product/category
MOD DETAILS:
   modFile   : E:\xampp\htdocs\lyhpfb\vqmod/xml/zzz_omf_catalog.xml
   id        : OpenCart Mobile Framework
   version   : v2.2.0
   vqmver    : 2.4.1
   author    : omframework.com / braiv.com

File Name    : catalog/view/theme/*/template/product/category.tpl(0)
VQModObject::applyMod - SEARCH NOT FOUND (ABORTING MOD): <input type="button" value="<?php echo $button_cart; ?>" onclick="addToCart('<?php echo $product['product_id']; ?>');" class="button" />

----------------------------------------------------------------------


---------- Date: 2015-08-18 14:29:40 ~ IP : 42.156.139.11 ----------
REQUEST URI : /lyhpfb/index.php?filter_tag=&amp;page=23&amp;route=product/search
MOD DETAILS:
   modFile   : E:\xampp\htdocs\lyhpfb\vqmod/xml/zzz_omf_catalog.xml
   id        : OpenCart Mobile Framework
   version   : v2.2.0
   vqmver    : 2.4.1
   author    : omframework.com / braiv.com

File Name    : catalog/view/theme/*/template/product/search.tpl(0)
VQModObject::applyMod - SEARCH NOT FOUND (ABORTING MOD): <input type="button" value="<?php echo $button_cart; ?>" onclick="addToCart('<?php echo $product['product_id']; ?>');" class="button" />

----------------------------------------------------------------------


---------- Date: 2015-08-18 14:29:40 ~ IP : 42.156.136.11 ----------
REQUEST URI : /lyhpfb/index.php?page=4&amp;path=153&amp;route=product/category
MOD DETAILS:
   modFile   : E:\xampp\htdocs\lyhpfb\vqmod/xml/zzz_omf_catalog.xml
   id        : OpenCart Mobile Framework
   version   : v2.2.0
   vqmver    : 2.4.1
   author    : omframework.com / braiv.com

File Name    : catalog/view/theme/*/template/product/category.tpl(0)
VQModObject::applyMod - SEARCH NOT FOUND (ABORTING MOD): <input type="button" value="<?php echo $button_cart; ?>" onclick="addToCart('<?php echo $product['product_id']; ?>');" class="button" />

----------------------------------------------------------------------


---------- Date: 2015-08-18 14:29:43 ~ IP : 42.156.137.11 ----------
REQUEST URI : /lyhpfb/index.php?filter_tag=&amp;page=5&amp;route=product/search&amp;view=desktop
MOD DETAILS:
   modFile   : E:\xampp\htdocs\lyhpfb\vqmod/xml/zzz_omf_catalog.xml
   id        : OpenCart Mobile Framework
   version   : v2.2.0
   vqmver    : 2.4.1
   author    : omframework.com / braiv.com

File Name    : catalog/view/theme/*/template/product/search.tpl(0)
VQModObject::applyMod - SEARCH NOT FOUND (ABORTING MOD): <input type="button" value="<?php echo $button_cart; ?>" onclick="addToCart('<?php echo $product['product_id']; ?>');" class="button" />

----------------------------------------------------------------------


---------- Date: 2015-08-18 14:29:46 ~ IP : 42.120.160.11 ----------
REQUEST URI : /lyhpfb/index.php?filter_tag=&amp;page=25&amp;route=product/search&amp;view=desktop
MOD DETAILS:
   modFile   : E:\xampp\htdocs\lyhpfb\vqmod/xml/zzz_omf_catalog.xml
   id        : OpenCart Mobile Framework
   version   : v2.2.0
   vqmver    : 2.4.1
   author    : omframework.com / braiv.com

File Name    : catalog/view/theme/*/template/product/search.tpl(0)
VQModObject::applyMod - SEARCH NOT FOUND (ABORTING MOD): <input type="button" value="<?php echo $button_cart; ?>" onclick="addToCart('<?php echo $product['product_id']; ?>');" class="button" />

----------------------------------------------------------------------


---------- Date: 2015-08-18 14:29:47 ~ IP : 42.156.138.11 ----------
REQUEST URI : /lyhpfb/index.php?filter_tag=&amp;page=22&amp;route=product/search
MOD DETAILS:
   modFile   : E:\xampp\htdocs\lyhpfb\vqmod/xml/zzz_omf_catalog.xml
   id        : OpenCart Mobile Framework
   version   : v2.2.0
   vqmver    : 2.4.1
   author    : omframework.com / braiv.com

File Name    : catalog/view/theme/*/template/product/search.tpl(0)
VQModObject::applyMod - SEARCH NOT FOUND (ABORTING MOD): <input type="button" value="<?php echo $button_cart; ?>" onclick="addToCart('<?php echo $product['product_id']; ?>');" class="button" />

----------------------------------------------------------------------


---------- Date: 2015-08-18 14:29:50 ~ IP : 42.120.161.11 ----------
REQUEST URI : /lyhpfb/index.php?filter_tag=&amp;page=22&amp;route=product/search&amp;view=desktop
MOD DETAILS:
   modFile   : E:\xampp\htdocs\lyhpfb\vqmod/xml/zzz_omf_catalog.xml
   id        : OpenCart Mobile Framework
   version   : v2.2.0
   vqmver    : 2.4.1
   author    : omframework.com / braiv.com

File Name    : catalog/view/theme/*/template/product/search.tpl(0)
VQModObject::applyMod - SEARCH NOT FOUND (ABORTING MOD): <input type="button" value="<?php echo $button_cart; ?>" onclick="addToCart('<?php echo $product['product_id']; ?>');" class="button" />

----------------------------------------------------------------------


---------- Date: 2015-08-18 14:29:53 ~ IP : 42.156.139.11 ----------
REQUEST URI : /lyhpfb/index.php?filter_tag=&amp;page=17&amp;route=product/search&amp;view=desktop
MOD DETAILS:
   modFile   : E:\xampp\htdocs\lyhpfb\vqmod/xml/zzz_omf_catalog.xml
   id        : OpenCart Mobile Framework
   version   : v2.2.0
   vqmver    : 2.4.1
   author    : omframework.com / braiv.com

File Name    : catalog/view/theme/*/template/product/search.tpl(0)
VQModObject::applyMod - SEARCH NOT FOUND (ABORTING MOD): <input type="button" value="<?php echo $button_cart; ?>" onclick="addToCart('<?php echo $product['product_id']; ?>');" class="button" />

----------------------------------------------------------------------


---------- Date: 2015-08-18 14:29:53 ~ IP : 42.156.136.11 ----------
REQUEST URI : /lyhpfb/index.php?filter_tag=&amp;page=3&amp;route=product/search&amp;view=desktop
MOD DETAILS:
   modFile   : E:\xampp\htdocs\lyhpfb\vqmod/xml/zzz_omf_catalog.xml
   id        : OpenCart Mobile Framework
   version   : v2.2.0
   vqmver    : 2.4.1
   author    : omframework.com / braiv.com

File Name    : catalog/view/theme/*/template/product/search.tpl(0)
VQModObject::applyMod - SEARCH NOT FOUND (ABORTING MOD): <input type="button" value="<?php echo $button_cart; ?>" onclick="addToCart('<?php echo $product['product_id']; ?>');" class="button" />

----------------------------------------------------------------------


---------- Date: 2015-08-18 14:29:55 ~ IP : 42.156.137.11 ----------
REQUEST URI : /lyhpfb/index.php?page=5&amp;path=71_131&amp;route=product/category
MOD DETAILS:
   modFile   : E:\xampp\htdocs\lyhpfb\vqmod/xml/zzz_omf_catalog.xml
   id        : OpenCart Mobile Framework
   version   : v2.2.0
   vqmver    : 2.4.1
   author    : omframework.com / braiv.com

File Name    : catalog/view/theme/*/template/product/category.tpl(0)
VQModObject::applyMod - SEARCH NOT FOUND (ABORTING MOD): <input type="button" value="<?php echo $button_cart; ?>" onclick="addToCart('<?php echo $product['product_id']; ?>');" class="button" />

----------------------------------------------------------------------


---------- Date: 2015-08-18 14:29:58 ~ IP : 42.156.138.11 ----------
REQUEST URI : /lyhpfb/index.php?path=62_109&amp;route=product/category
MOD DETAILS:
   modFile   : E:\xampp\htdocs\lyhpfb\vqmod/xml/zzz_omf_catalog.xml
   id        : OpenCart Mobile Framework
   version   : v2.2.0
   vqmver    : 2.4.1
   author    : omframework.com / braiv.com

File Name    : catalog/view/theme/*/template/product/category.tpl(0)
VQModObject::applyMod - SEARCH NOT FOUND (ABORTING MOD): <input type="button" value="<?php echo $button_cart; ?>" onclick="addToCart('<?php echo $product['product_id']; ?>');" class="button" />

----------------------------------------------------------------------


---------- Date: 2015-08-18 14:29:59 ~ IP : 42.120.161.11 ----------
REQUEST URI : /lyhpfb/index.php?page=2&amp;path=154&amp;route=product/category
MOD DETAILS:
   modFile   : E:\xampp\htdocs\lyhpfb\vqmod/xml/zzz_omf_catalog.xml
   id        : OpenCart Mobile Framework
   version   : v2.2.0
   vqmver    : 2.4.1
   author    : omframework.com / braiv.com

File Name    : catalog/view/theme/*/template/product/category.tpl(0)
VQModObject::applyMod - SEARCH NOT FOUND (ABORTING MOD): <input type="button" value="<?php echo $button_cart; ?>" onclick="addToCart('<?php echo $product['product_id']; ?>');" class="button" />

----------------------------------------------------------------------


---------- Date: 2015-08-18 14:30:03 ~ IP : 42.156.139.11 ----------
REQUEST URI : /lyhpfb/index.php?filter_tag=&amp;page=16&amp;route=product/search
MOD DETAILS:
   modFile   : E:\xampp\htdocs\lyhpfb\vqmod/xml/zzz_omf_catalog.xml
   id        : OpenCart Mobile Framework
   version   : v2.2.0
   vqmver    : 2.4.1
   author    : omframework.com / braiv.com

File Name    : catalog/view/theme/*/template/product/search.tpl(0)
VQModObject::applyMod - SEARCH NOT FOUND (ABORTING MOD): <input type="button" value="<?php echo $button_cart; ?>" onclick="addToCart('<?php echo $product['product_id']; ?>');" class="button" />

----------------------------------------------------------------------


---------- Date: 2015-08-18 14:30:08 ~ IP : 42.156.137.11 ----------
REQUEST URI : /lyhpfb/index.php?path=62_108&amp;route=product/category&amp;view=desktop
MOD DETAILS:
   modFile   : E:\xampp\htdocs\lyhpfb\vqmod/xml/zzz_omf_catalog.xml
   id        : OpenCart Mobile Framework
   version   : v2.2.0
   vqmver    : 2.4.1
   author    : omframework.com / braiv.com

File Name    : catalog/view/theme/*/template/product/category.tpl(0)
VQModObject::applyMod - SEARCH NOT FOUND (ABORTING MOD): <input type="button" value="<?php echo $button_cart; ?>" onclick="addToCart('<?php echo $product['product_id']; ?>');" class="button" />

----------------------------------------------------------------------


---------- Date: 2015-08-18 14:32:51 ~ IP : 42.156.137.11 ----------
REQUEST URI : /lyhpfb/index.php?page=5&amp;path=153&amp;route=product/category&amp;view=desktop
MOD DETAILS:
   modFile   : E:\xampp\htdocs\lyhpfb\vqmod/xml/zzz_omf_catalog.xml
   id        : OpenCart Mobile Framework
   version   : v2.2.0
   vqmver    : 2.4.1
   author    : omframework.com / braiv.com

File Name    : catalog/view/theme/*/template/product/category.tpl(0)
VQModObject::applyMod - SEARCH NOT FOUND (ABORTING MOD): <input type="button" value="<?php echo $button_cart; ?>" onclick="addToCart('<?php echo $product['product_id']; ?>');" class="button" />

----------------------------------------------------------------------


---------- Date: 2015-08-18 14:35:28 ~ IP : 42.156.138.11 ----------
REQUEST URI : /lyhpfb/index.php?filter_tag=4%E7%93%B6/%E7%AE%B1&amp;route=product/search
MOD DETAILS:
   modFile   : E:\xampp\htdocs\lyhpfb\vqmod/xml/zzz_omf_catalog.xml
   id        : OpenCart Mobile Framework
   version   : v2.2.0
   vqmver    : 2.4.1
   author    : omframework.com / braiv.com

File Name    : catalog/view/theme/*/template/product/search.tpl(0)
VQModObject::applyMod - SEARCH NOT FOUND (ABORTING MOD): <input type="button" value="<?php echo $button_cart; ?>" onclick="addToCart('<?php echo $product['product_id']; ?>');" class="button" />

----------------------------------------------------------------------


---------- Date: 2015-08-18 14:38:05 ~ IP : 42.156.137.11 ----------
REQUEST URI : /lyhpfb/index.php?page=2&amp;path=73&amp;route=product/category
MOD DETAILS:
   modFile   : E:\xampp\htdocs\lyhpfb\vqmod/xml/zzz_omf_catalog.xml
   id        : OpenCart Mobile Framework
   version   : v2.2.0
   vqmver    : 2.4.1
   author    : omframework.com / braiv.com

File Name    : catalog/view/theme/*/template/product/category.tpl(0)
VQModObject::applyMod - SEARCH NOT FOUND (ABORTING MOD): <input type="button" value="<?php echo $button_cart; ?>" onclick="addToCart('<?php echo $product['product_id']; ?>');" class="button" />

----------------------------------------------------------------------


---------- Date: 2015-08-18 14:38:18 ~ IP : 42.156.137.11 ----------
REQUEST URI : /lyhpfb/index.php?page=8&amp;path=62_109&amp;route=product/category&amp;view=desktop
MOD DETAILS:
   modFile   : E:\xampp\htdocs\lyhpfb\vqmod/xml/zzz_omf_catalog.xml
   id        : OpenCart Mobile Framework
   version   : v2.2.0
   vqmver    : 2.4.1
   author    : omframework.com / braiv.com

File Name    : catalog/view/theme/*/template/product/category.tpl(0)
VQModObject::applyMod - SEARCH NOT FOUND (ABORTING MOD): <input type="button" value="<?php echo $button_cart; ?>" onclick="addToCart('<?php echo $product['product_id']; ?>');" class="button" />

----------------------------------------------------------------------


---------- Date: 2015-08-18 14:40:14 ~ IP : 42.156.137.11 ----------
REQUEST URI : /lyhpfb/index.php?filter_tag=&amp;page=28&amp;route=product/search&amp;view=desktop
MOD DETAILS:
   modFile   : E:\xampp\htdocs\lyhpfb\vqmod/xml/zzz_omf_catalog.xml
   id        : OpenCart Mobile Framework
   version   : v2.2.0
   vqmver    : 2.4.1
   author    : omframework.com / braiv.com

File Name    : catalog/view/theme/*/template/product/search.tpl(0)
VQModObject::applyMod - SEARCH NOT FOUND (ABORTING MOD): <input type="button" value="<?php echo $button_cart; ?>" onclick="addToCart('<?php echo $product['product_id']; ?>');" class="button" />

----------------------------------------------------------------------


---------- Date: 2015-08-18 14:40:41 ~ IP : 42.120.161.11 ----------
REQUEST URI : /lyhpfb/index.php?path=62_118&amp;route=product/category&amp;view=desktop
MOD DETAILS:
   modFile   : E:\xampp\htdocs\lyhpfb\vqmod/xml/zzz_omf_catalog.xml
   id        : OpenCart Mobile Framework
   version   : v2.2.0
   vqmver    : 2.4.1
   author    : omframework.com / braiv.com

File Name    : catalog/view/theme/*/template/product/category.tpl(0)
VQModObject::applyMod - SEARCH NOT FOUND (ABORTING MOD): <input type="button" value="<?php echo $button_cart; ?>" onclick="addToCart('<?php echo $product['product_id']; ?>');" class="button" />

----------------------------------------------------------------------


---------- Date: 2015-08-18 14:40:43 ~ IP : 42.156.137.11 ----------
REQUEST URI : /lyhpfb/index.php?filter_tag=10%E5%8C%85/%E6%9D%A1&amp;route=product/search&amp;view=desktop
MOD DETAILS:
   modFile   : E:\xampp\htdocs\lyhpfb\vqmod/xml/zzz_omf_catalog.xml
   id        : OpenCart Mobile Framework
   version   : v2.2.0
   vqmver    : 2.4.1
   author    : omframework.com / braiv.com

File Name    : catalog/view/theme/*/template/product/search.tpl(0)
VQModObject::applyMod - SEARCH NOT FOUND (ABORTING MOD): <input type="button" value="<?php echo $button_cart; ?>" onclick="addToCart('<?php echo $product['product_id']; ?>');" class="button" />

----------------------------------------------------------------------


---------- Date: 2015-08-18 14:40:58 ~ IP : 42.156.137.11 ----------
REQUEST URI : /lyhpfb/index.php?path=62_114&amp;route=product/category&amp;view=desktop
MOD DETAILS:
   modFile   : E:\xampp\htdocs\lyhpfb\vqmod/xml/zzz_omf_catalog.xml
   id        : OpenCart Mobile Framework
   version   : v2.2.0
   vqmver    : 2.4.1
   author    : omframework.com / braiv.com

File Name    : catalog/view/theme/*/template/product/category.tpl(0)
VQModObject::applyMod - SEARCH NOT FOUND (ABORTING MOD): <input type="button" value="<?php echo $button_cart; ?>" onclick="addToCart('<?php echo $product['product_id']; ?>');" class="button" />

----------------------------------------------------------------------


---------- Date: 2015-08-18 14:41:03 ~ IP : 42.156.136.11 ----------
REQUEST URI : /lyhpfb/index.php?filter_tag=12%E7%A2%97/%E7%AE%B1&amp;route=product/search
MOD DETAILS:
   modFile   : E:\xampp\htdocs\lyhpfb\vqmod/xml/zzz_omf_catalog.xml
   id        : OpenCart Mobile Framework
   version   : v2.2.0
   vqmver    : 2.4.1
   author    : omframework.com / braiv.com

File Name    : catalog/view/theme/*/template/product/search.tpl(0)
VQModObject::applyMod - SEARCH NOT FOUND (ABORTING MOD): <input type="button" value="<?php echo $button_cart; ?>" onclick="addToCart('<?php echo $product['product_id']; ?>');" class="button" />

----------------------------------------------------------------------


---------- Date: 2015-08-18 14:41:06 ~ IP : 42.156.136.11 ----------
REQUEST URI : /lyhpfb/index.php?page=4&amp;path=62&amp;route=product/category
MOD DETAILS:
   modFile   : E:\xampp\htdocs\lyhpfb\vqmod/xml/zzz_omf_catalog.xml
   id        : OpenCart Mobile Framework
   version   : v2.2.0
   vqmver    : 2.4.1
   author    : omframework.com / braiv.com

File Name    : catalog/view/theme/*/template/product/category.tpl(0)
VQModObject::applyMod - SEARCH NOT FOUND (ABORTING MOD): <input type="button" value="<?php echo $button_cart; ?>" onclick="addToCart('<?php echo $product['product_id']; ?>');" class="button" />

----------------------------------------------------------------------


---------- Date: 2015-08-18 14:41:09 ~ IP : 42.120.160.11 ----------
REQUEST URI : /lyhpfb/index.php?filter_tag=&amp;page=39&amp;route=product/search
MOD DETAILS:
   modFile   : E:\xampp\htdocs\lyhpfb\vqmod/xml/zzz_omf_catalog.xml
   id        : OpenCart Mobile Framework
   version   : v2.2.0
   vqmver    : 2.4.1
   author    : omframework.com / braiv.com

File Name    : catalog/view/theme/*/template/product/search.tpl(0)
VQModObject::applyMod - SEARCH NOT FOUND (ABORTING MOD): <input type="button" value="<?php echo $button_cart; ?>" onclick="addToCart('<?php echo $product['product_id']; ?>');" class="button" />

----------------------------------------------------------------------


---------- Date: 2015-08-18 14:41:47 ~ IP : 42.156.136.11 ----------
REQUEST URI : /lyhpfb/index.php?filter_tag=12%E7%BD%90/%E7%AE%B1&amp;route=product/search
MOD DETAILS:
   modFile   : E:\xampp\htdocs\lyhpfb\vqmod/xml/zzz_omf_catalog.xml
   id        : OpenCart Mobile Framework
   version   : v2.2.0
   vqmver    : 2.4.1
   author    : omframework.com / braiv.com

File Name    : catalog/view/theme/*/template/product/search.tpl(0)
VQModObject::applyMod - SEARCH NOT FOUND (ABORTING MOD): <input type="button" value="<?php echo $button_cart; ?>" onclick="addToCart('<?php echo $product['product_id']; ?>');" class="button" />

----------------------------------------------------------------------


---------- Date: 2015-08-18 14:41:50 ~ IP : 42.120.160.11 ----------
REQUEST URI : /lyhpfb/index.php?path=76&amp;route=product/category&amp;view=desktop
MOD DETAILS:
   modFile   : E:\xampp\htdocs\lyhpfb\vqmod/xml/zzz_omf_catalog.xml
   id        : OpenCart Mobile Framework
   version   : v2.2.0
   vqmver    : 2.4.1
   author    : omframework.com / braiv.com

File Name    : catalog/view/theme/*/template/product/category.tpl(0)
VQModObject::applyMod - SEARCH NOT FOUND (ABORTING MOD): <input type="button" value="<?php echo $button_cart; ?>" onclick="addToCart('<?php echo $product['product_id']; ?>');" class="button" />

----------------------------------------------------------------------


---------- Date: 2015-08-18 14:41:51 ~ IP : 42.120.160.11 ----------
REQUEST URI : /lyhpfb/index.php?path=160&amp;route=product/category
MOD DETAILS:
   modFile   : E:\xampp\htdocs\lyhpfb\vqmod/xml/zzz_omf_catalog.xml
   id        : OpenCart Mobile Framework
   version   : v2.2.0
   vqmver    : 2.4.1
   author    : omframework.com / braiv.com

File Name    : catalog/view/theme/*/template/product/category.tpl(0)
VQModObject::applyMod - SEARCH NOT FOUND (ABORTING MOD): <input type="button" value="<?php echo $button_cart; ?>" onclick="addToCart('<?php echo $product['product_id']; ?>');" class="button" />

----------------------------------------------------------------------


---------- Date: 2015-08-18 14:42:28 ~ IP : 42.120.160.11 ----------
REQUEST URI : /lyhpfb/index.php?page=6&amp;path=62_109&amp;route=product/category
MOD DETAILS:
   modFile   : E:\xampp\htdocs\lyhpfb\vqmod/xml/zzz_omf_catalog.xml
   id        : OpenCart Mobile Framework
   version   : v2.2.0
   vqmver    : 2.4.1
   author    : omframework.com / braiv.com

File Name    : catalog/view/theme/*/template/product/category.tpl(0)
VQModObject::applyMod - SEARCH NOT FOUND (ABORTING MOD): <input type="button" value="<?php echo $button_cart; ?>" onclick="addToCart('<?php echo $product['product_id']; ?>');" class="button" />

----------------------------------------------------------------------


---------- Date: 2015-08-18 14:42:29 ~ IP : 42.156.138.11 ----------
REQUEST URI : /lyhpfb/index.php?page=4&amp;path=62_109&amp;route=product/category
MOD DETAILS:
   modFile   : E:\xampp\htdocs\lyhpfb\vqmod/xml/zzz_omf_catalog.xml
   id        : OpenCart Mobile Framework
   version   : v2.2.0
   vqmver    : 2.4.1
   author    : omframework.com / braiv.com

File Name    : catalog/view/theme/*/template/product/category.tpl(0)
VQModObject::applyMod - SEARCH NOT FOUND (ABORTING MOD): <input type="button" value="<?php echo $button_cart; ?>" onclick="addToCart('<?php echo $product['product_id']; ?>');" class="button" />

----------------------------------------------------------------------


---------- Date: 2015-08-18 14:42:29 ~ IP : 42.120.161.11 ----------
REQUEST URI : /lyhpfb/index.php?page=3&amp;path=62_109&amp;route=product/category
MOD DETAILS:
   modFile   : E:\xampp\htdocs\lyhpfb\vqmod/xml/zzz_omf_catalog.xml
   id        : OpenCart Mobile Framework
   version   : v2.2.0
   vqmver    : 2.4.1
   author    : omframework.com / braiv.com

File Name    : catalog/view/theme/*/template/product/category.tpl(0)
VQModObject::applyMod - SEARCH NOT FOUND (ABORTING MOD): <input type="button" value="<?php echo $button_cart; ?>" onclick="addToCart('<?php echo $product['product_id']; ?>');" class="button" />

----------------------------------------------------------------------


---------- Date: 2015-08-18 14:42:30 ~ IP : 42.156.136.11 ----------
REQUEST URI : /lyhpfb/index.php?filter_tag=&amp;page=34&amp;route=product/search&amp;view=desktop
MOD DETAILS:
   modFile   : E:\xampp\htdocs\lyhpfb\vqmod/xml/zzz_omf_catalog.xml
   id        : OpenCart Mobile Framework
   version   : v2.2.0
   vqmver    : 2.4.1
   author    : omframework.com / braiv.com

File Name    : catalog/view/theme/*/template/product/search.tpl(0)
VQModObject::applyMod - SEARCH NOT FOUND (ABORTING MOD): <input type="button" value="<?php echo $button_cart; ?>" onclick="addToCart('<?php echo $product['product_id']; ?>');" class="button" />

----------------------------------------------------------------------


---------- Date: 2015-08-18 14:42:38 ~ IP : 42.120.160.11 ----------
REQUEST URI : /lyhpfb/index.php?filter_tag=&amp;page=42&amp;route=product/search&amp;view=desktop
MOD DETAILS:
   modFile   : E:\xampp\htdocs\lyhpfb\vqmod/xml/zzz_omf_catalog.xml
   id        : OpenCart Mobile Framework
   version   : v2.2.0
   vqmver    : 2.4.1
   author    : omframework.com / braiv.com

File Name    : catalog/view/theme/*/template/product/search.tpl(0)
VQModObject::applyMod - SEARCH NOT FOUND (ABORTING MOD): <input type="button" value="<?php echo $button_cart; ?>" onclick="addToCart('<?php echo $product['product_id']; ?>');" class="button" />

----------------------------------------------------------------------


---------- Date: 2015-08-18 14:42:40 ~ IP : 42.156.137.11 ----------
REQUEST URI : /lyhpfb/index.php?filter_tag=32%E7%93%B6/%E7%AE%B1&amp;route=product/search
MOD DETAILS:
   modFile   : E:\xampp\htdocs\lyhpfb\vqmod/xml/zzz_omf_catalog.xml
   id        : OpenCart Mobile Framework
   version   : v2.2.0
   vqmver    : 2.4.1
   author    : omframework.com / braiv.com

File Name    : catalog/view/theme/*/template/product/search.tpl(0)
VQModObject::applyMod - SEARCH NOT FOUND (ABORTING MOD): <input type="button" value="<?php echo $button_cart; ?>" onclick="addToCart('<?php echo $product['product_id']; ?>');" class="button" />

----------------------------------------------------------------------


---------- Date: 2015-08-18 14:42:59 ~ IP : 42.156.139.11 ----------
REQUEST URI : /lyhpfb/index.php?filter_tag=24%E7%BD%90/%E7%AE%B1&amp;route=product/search&amp;view=desktop
MOD DETAILS:
   modFile   : E:\xampp\htdocs\lyhpfb\vqmod/xml/zzz_omf_catalog.xml
   id        : OpenCart Mobile Framework
   version   : v2.2.0
   vqmver    : 2.4.1
   author    : omframework.com / braiv.com

File Name    : catalog/view/theme/*/template/product/search.tpl(0)
VQModObject::applyMod - SEARCH NOT FOUND (ABORTING MOD): <input type="button" value="<?php echo $button_cart; ?>" onclick="addToCart('<?php echo $product['product_id']; ?>');" class="button" />

----------------------------------------------------------------------


---------- Date: 2015-08-18 14:43:07 ~ IP : 42.156.138.11 ----------
REQUEST URI : /lyhpfb/index.php?filter_tag=4%E6%A1%B6/%E7%AE%B1&amp;route=product/search&amp;view=desktop
MOD DETAILS:
   modFile   : E:\xampp\htdocs\lyhpfb\vqmod/xml/zzz_omf_catalog.xml
   id        : OpenCart Mobile Framework
   version   : v2.2.0
   vqmver    : 2.4.1
   author    : omframework.com / braiv.com

File Name    : catalog/view/theme/*/template/product/search.tpl(0)
VQModObject::applyMod - SEARCH NOT FOUND (ABORTING MOD): <input type="button" value="<?php echo $button_cart; ?>" onclick="addToCart('<?php echo $product['product_id']; ?>');" class="button" />

----------------------------------------------------------------------


---------- Date: 2015-08-18 14:43:36 ~ IP : 42.120.160.11 ----------
REQUEST URI : /lyhpfb/index.php?filter_tag=36%E7%9B%92/%E7%AE%B1&amp;route=product/search
MOD DETAILS:
   modFile   : E:\xampp\htdocs\lyhpfb\vqmod/xml/zzz_omf_catalog.xml
   id        : OpenCart Mobile Framework
   version   : v2.2.0
   vqmver    : 2.4.1
   author    : omframework.com / braiv.com

File Name    : catalog/view/theme/*/template/product/search.tpl(0)
VQModObject::applyMod - SEARCH NOT FOUND (ABORTING MOD): <input type="button" value="<?php echo $button_cart; ?>" onclick="addToCart('<?php echo $product['product_id']; ?>');" class="button" />

----------------------------------------------------------------------


---------- Date: 2015-08-18 14:43:44 ~ IP : 42.120.160.11 ----------
REQUEST URI : /lyhpfb/index.php?page=11&amp;path=62&amp;route=product/category
MOD DETAILS:
   modFile   : E:\xampp\htdocs\lyhpfb\vqmod/xml/zzz_omf_catalog.xml
   id        : OpenCart Mobile Framework
   version   : v2.2.0
   vqmver    : 2.4.1
   author    : omframework.com / braiv.com

File Name    : catalog/view/theme/*/template/product/category.tpl(0)
VQModObject::applyMod - SEARCH NOT FOUND (ABORTING MOD): <input type="button" value="<?php echo $button_cart; ?>" onclick="addToCart('<?php echo $product['product_id']; ?>');" class="button" />

----------------------------------------------------------------------


---------- Date: 2015-08-18 14:43:44 ~ IP : 42.120.161.11 ----------
REQUEST URI : /lyhpfb/index.php?page=7&amp;path=62&amp;route=product/category
MOD DETAILS:
   modFile   : E:\xampp\htdocs\lyhpfb\vqmod/xml/zzz_omf_catalog.xml
   id        : OpenCart Mobile Framework
   version   : v2.2.0
   vqmver    : 2.4.1
   author    : omframework.com / braiv.com

File Name    : catalog/view/theme/*/template/product/category.tpl(0)
VQModObject::applyMod - SEARCH NOT FOUND (ABORTING MOD): <input type="button" value="<?php echo $button_cart; ?>" onclick="addToCart('<?php echo $product['product_id']; ?>');" class="button" />

----------------------------------------------------------------------


---------- Date: 2015-08-18 14:43:46 ~ IP : 42.156.136.11 ----------
REQUEST URI : /lyhpfb/index.php?page=9&amp;path=62&amp;route=product/category
MOD DETAILS:
   modFile   : E:\xampp\htdocs\lyhpfb\vqmod/xml/zzz_omf_catalog.xml
   id        : OpenCart Mobile Framework
   version   : v2.2.0
   vqmver    : 2.4.1
   author    : omframework.com / braiv.com

File Name    : catalog/view/theme/*/template/product/category.tpl(0)
VQModObject::applyMod - SEARCH NOT FOUND (ABORTING MOD): <input type="button" value="<?php echo $button_cart; ?>" onclick="addToCart('<?php echo $product['product_id']; ?>');" class="button" />

----------------------------------------------------------------------


---------- Date: 2015-08-18 14:43:46 ~ IP : 42.156.137.11 ----------
REQUEST URI : /lyhpfb/index.php?page=5&amp;path=62&amp;route=product/category
MOD DETAILS:
   modFile   : E:\xampp\htdocs\lyhpfb\vqmod/xml/zzz_omf_catalog.xml
   id        : OpenCart Mobile Framework
   version   : v2.2.0
   vqmver    : 2.4.1
   author    : omframework.com / braiv.com

File Name    : catalog/view/theme/*/template/product/category.tpl(0)
VQModObject::applyMod - SEARCH NOT FOUND (ABORTING MOD): <input type="button" value="<?php echo $button_cart; ?>" onclick="addToCart('<?php echo $product['product_id']; ?>');" class="button" />

----------------------------------------------------------------------


---------- Date: 2015-08-18 14:44:00 ~ IP : 42.156.139.11 ----------
REQUEST URI : /lyhpfb/index.php?filter_tag=&amp;page=33&amp;route=product/search&amp;view=desktop
MOD DETAILS:
   modFile   : E:\xampp\htdocs\lyhpfb\vqmod/xml/zzz_omf_catalog.xml
   id        : OpenCart Mobile Framework
   version   : v2.2.0
   vqmver    : 2.4.1
   author    : omframework.com / braiv.com

File Name    : catalog/view/theme/*/template/product/search.tpl(0)
VQModObject::applyMod - SEARCH NOT FOUND (ABORTING MOD): <input type="button" value="<?php echo $button_cart; ?>" onclick="addToCart('<?php echo $product['product_id']; ?>');" class="button" />

----------------------------------------------------------------------


---------- Date: 2015-08-18 14:44:24 ~ IP : 42.156.136.11 ----------
REQUEST URI : /lyhpfb/index.php?page=1&amp;path=62_109&amp;route=product/category&amp;view=desktop
MOD DETAILS:
   modFile   : E:\xampp\htdocs\lyhpfb\vqmod/xml/zzz_omf_catalog.xml
   id        : OpenCart Mobile Framework
   version   : v2.2.0
   vqmver    : 2.4.1
   author    : omframework.com / braiv.com

File Name    : catalog/view/theme/*/template/product/category.tpl(0)
VQModObject::applyMod - SEARCH NOT FOUND (ABORTING MOD): <input type="button" value="<?php echo $button_cart; ?>" onclick="addToCart('<?php echo $product['product_id']; ?>');" class="button" />

----------------------------------------------------------------------


---------- Date: 2015-08-18 14:44:25 ~ IP : 42.156.138.11 ----------
REQUEST URI : /lyhpfb/index.php?page=10&amp;path=62&amp;route=product/category
MOD DETAILS:
   modFile   : E:\xampp\htdocs\lyhpfb\vqmod/xml/zzz_omf_catalog.xml
   id        : OpenCart Mobile Framework
   version   : v2.2.0
   vqmver    : 2.4.1
   author    : omframework.com / braiv.com

File Name    : catalog/view/theme/*/template/product/category.tpl(0)
VQModObject::applyMod - SEARCH NOT FOUND (ABORTING MOD): <input type="button" value="<?php echo $button_cart; ?>" onclick="addToCart('<?php echo $product['product_id']; ?>');" class="button" />

----------------------------------------------------------------------


---------- Date: 2015-08-18 18:21:29 ~ IP : 66.249.64.34 ----------
REQUEST URI : /lyhpfb/index.php?route=product/search&amp;filter_tag=&amp;page=6
MOD DETAILS:
   modFile   : E:\xampp\htdocs\lyhpfb\vqmod/xml/zzz_omf_catalog.xml
   id        : OpenCart Mobile Framework
   version   : v2.2.0
   vqmver    : 2.4.1
   author    : omframework.com / braiv.com

File Name    : catalog/view/theme/*/template/product/search.tpl(0)
VQModObject::applyMod - SEARCH NOT FOUND (ABORTING MOD): <input type="button" value="<?php echo $button_cart; ?>" onclick="addToCart('<?php echo $product['product_id']; ?>');" class="button" />

----------------------------------------------------------------------


---------- Date: 2015-08-18 19:27:12 ~ IP : 101.226.168.220 ----------
REQUEST URI : /lyhpfb/index.php?filter_tag&amp;limit=20&amp;page=39&amp;route=product/search
MOD DETAILS:
   modFile   : E:\xampp\htdocs\lyhpfb\vqmod/xml/zzz_omf_catalog.xml
   id        : OpenCart Mobile Framework
   version   : v2.2.0
   vqmver    : 2.4.1
   author    : omframework.com / braiv.com

File Name    : catalog/view/theme/*/template/product/search.tpl(0)
VQModObject::applyMod - SEARCH NOT FOUND (ABORTING MOD): <input type="button" value="<?php echo $button_cart; ?>" onclick="addToCart('<?php echo $product['product_id']; ?>');" class="button" />

----------------------------------------------------------------------


---------- Date: 2015-08-18 19:28:09 ~ IP : 101.226.168.244 ----------
REQUEST URI : /lyhpfb/index.php?filter_tag&amp;limit=20&amp;page=40&amp;route=product/search
MOD DETAILS:
   modFile   : E:\xampp\htdocs\lyhpfb\vqmod/xml/zzz_omf_catalog.xml
   id        : OpenCart Mobile Framework
   version   : v2.2.0
   vqmver    : 2.4.1
   author    : omframework.com / braiv.com

File Name    : catalog/view/theme/*/template/product/search.tpl(0)
VQModObject::applyMod - SEARCH NOT FOUND (ABORTING MOD): <input type="button" value="<?php echo $button_cart; ?>" onclick="addToCart('<?php echo $product['product_id']; ?>');" class="button" />

----------------------------------------------------------------------


---------- Date: 2015-08-18 19:31:44 ~ IP : 101.226.166.208 ----------
REQUEST URI : /lyhpfb/index.php?filter_tag&amp;limit=20&amp;page=41&amp;route=product/search
MOD DETAILS:
   modFile   : E:\xampp\htdocs\lyhpfb\vqmod/xml/zzz_omf_catalog.xml
   id        : OpenCart Mobile Framework
   version   : v2.2.0
   vqmver    : 2.4.1
   author    : omframework.com / braiv.com

File Name    : catalog/view/theme/*/template/product/search.tpl(0)
VQModObject::applyMod - SEARCH NOT FOUND (ABORTING MOD): <input type="button" value="<?php echo $button_cart; ?>" onclick="addToCart('<?php echo $product['product_id']; ?>');" class="button" />

----------------------------------------------------------------------


---------- Date: 2015-08-18 19:35:42 ~ IP : 182.118.20.233 ----------
REQUEST URI : /lyhpfb/index.php?filter_tag&amp;limit=20&amp;page=42&amp;route=product/search
MOD DETAILS:
   modFile   : E:\xampp\htdocs\lyhpfb\vqmod/xml/zzz_omf_catalog.xml
   id        : OpenCart Mobile Framework
   version   : v2.2.0
   vqmver    : 2.4.1
   author    : omframework.com / braiv.com

File Name    : catalog/view/theme/*/template/product/search.tpl(0)
VQModObject::applyMod - SEARCH NOT FOUND (ABORTING MOD): <input type="button" value="<?php echo $button_cart; ?>" onclick="addToCart('<?php echo $product['product_id']; ?>');" class="button" />

----------------------------------------------------------------------


---------- Date: 2015-08-18 19:35:47 ~ IP : 101.226.166.233 ----------
REQUEST URI : /lyhpfb/index.php?filter_tag&amp;limit=25&amp;page=30&amp;route=product/search
MOD DETAILS:
   modFile   : E:\xampp\htdocs\lyhpfb\vqmod/xml/zzz_omf_catalog.xml
   id        : OpenCart Mobile Framework
   version   : v2.2.0
   vqmver    : 2.4.1
   author    : omframework.com / braiv.com

File Name    : catalog/view/theme/*/template/product/search.tpl(0)
VQModObject::applyMod - SEARCH NOT FOUND (ABORTING MOD): <input type="button" value="<?php echo $button_cart; ?>" onclick="addToCart('<?php echo $product['product_id']; ?>');" class="button" />

----------------------------------------------------------------------


---------- Date: 2015-08-18 19:37:15 ~ IP : 66.249.64.39 ----------
REQUEST URI : /lyhpfb/index.php?route=product/search&amp;filter_tag=&amp;page=2
MOD DETAILS:
   modFile   : E:\xampp\htdocs\lyhpfb\vqmod/xml/zzz_omf_catalog.xml
   id        : OpenCart Mobile Framework
   version   : v2.2.0
   vqmver    : 2.4.1
   author    : omframework.com / braiv.com

File Name    : catalog/view/theme/*/template/product/search.tpl(0)
VQModObject::applyMod - SEARCH NOT FOUND (ABORTING MOD): <input type="button" value="<?php echo $button_cart; ?>" onclick="addToCart('<?php echo $product['product_id']; ?>');" class="button" />

----------------------------------------------------------------------


---------- Date: 2015-08-18 19:38:54 ~ IP : 101.226.166.200 ----------
REQUEST URI : /lyhpfb/index.php?filter_tag&amp;limit=25&amp;page=35&amp;route=product/search
MOD DETAILS:
   modFile   : E:\xampp\htdocs\lyhpfb\vqmod/xml/zzz_omf_catalog.xml
   id        : OpenCart Mobile Framework
   version   : v2.2.0
   vqmver    : 2.4.1
   author    : omframework.com / braiv.com

File Name    : catalog/view/theme/*/template/product/search.tpl(0)
VQModObject::applyMod - SEARCH NOT FOUND (ABORTING MOD): <input type="button" value="<?php echo $button_cart; ?>" onclick="addToCart('<?php echo $product['product_id']; ?>');" class="button" />

----------------------------------------------------------------------


---------- Date: 2015-08-18 19:40:51 ~ IP : 101.226.168.220 ----------
REQUEST URI : /lyhpfb/index.php?filter_tag&amp;limit=25&amp;page=34&amp;route=product/search
MOD DETAILS:
   modFile   : E:\xampp\htdocs\lyhpfb\vqmod/xml/zzz_omf_catalog.xml
   id        : OpenCart Mobile Framework
   version   : v2.2.0
   vqmver    : 2.4.1
   author    : omframework.com / braiv.com

File Name    : catalog/view/theme/*/template/product/search.tpl(0)
VQModObject::applyMod - SEARCH NOT FOUND (ABORTING MOD): <input type="button" value="<?php echo $button_cart; ?>" onclick="addToCart('<?php echo $product['product_id']; ?>');" class="button" />

----------------------------------------------------------------------


---------- Date: 2015-08-18 19:42:00 ~ IP : 182.118.21.229 ----------
REQUEST URI : /lyhpfb/index.php?filter_tag&amp;limit=25&amp;page=33&amp;route=product/search
MOD DETAILS:
   modFile   : E:\xampp\htdocs\lyhpfb\vqmod/xml/zzz_omf_catalog.xml
   id        : OpenCart Mobile Framework
   version   : v2.2.0
   vqmver    : 2.4.1
   author    : omframework.com / braiv.com

File Name    : catalog/view/theme/*/template/product/search.tpl(0)
VQModObject::applyMod - SEARCH NOT FOUND (ABORTING MOD): <input type="button" value="<?php echo $button_cart; ?>" onclick="addToCart('<?php echo $product['product_id']; ?>');" class="button" />

----------------------------------------------------------------------


---------- Date: 2015-08-18 19:43:32 ~ IP : 182.118.22.221 ----------
REQUEST URI : /lyhpfb/index.php?filter_tag&amp;limit=25&amp;page=29&amp;route=product/search
MOD DETAILS:
   modFile   : E:\xampp\htdocs\lyhpfb\vqmod/xml/zzz_omf_catalog.xml
   id        : OpenCart Mobile Framework
   version   : v2.2.0
   vqmver    : 2.4.1
   author    : omframework.com / braiv.com

File Name    : catalog/view/theme/*/template/product/search.tpl(0)
VQModObject::applyMod - SEARCH NOT FOUND (ABORTING MOD): <input type="button" value="<?php echo $button_cart; ?>" onclick="addToCart('<?php echo $product['product_id']; ?>');" class="button" />

----------------------------------------------------------------------


---------- Date: 2015-08-18 19:45:44 ~ IP : 182.118.20.170 ----------
REQUEST URI : /lyhpfb/index.php?filter_tag&amp;limit=25&amp;page=28&amp;route=product/search
MOD DETAILS:
   modFile   : E:\xampp\htdocs\lyhpfb\vqmod/xml/zzz_omf_catalog.xml
   id        : OpenCart Mobile Framework
   version   : v2.2.0
   vqmver    : 2.4.1
   author    : omframework.com / braiv.com

File Name    : catalog/view/theme/*/template/product/search.tpl(0)
VQModObject::applyMod - SEARCH NOT FOUND (ABORTING MOD): <input type="button" value="<?php echo $button_cart; ?>" onclick="addToCart('<?php echo $product['product_id']; ?>');" class="button" />

----------------------------------------------------------------------


---------- Date: 2015-08-18 19:47:59 ~ IP : 101.226.167.216 ----------
REQUEST URI : /lyhpfb/index.php?filter_tag&amp;limit=50&amp;page=14&amp;route=product/search
MOD DETAILS:
   modFile   : E:\xampp\htdocs\lyhpfb\vqmod/xml/zzz_omf_catalog.xml
   id        : OpenCart Mobile Framework
   version   : v2.2.0
   vqmver    : 2.4.1
   author    : omframework.com / braiv.com

File Name    : catalog/view/theme/*/template/product/search.tpl(0)
VQModObject::applyMod - SEARCH NOT FOUND (ABORTING MOD): <input type="button" value="<?php echo $button_cart; ?>" onclick="addToCart('<?php echo $product['product_id']; ?>');" class="button" />

----------------------------------------------------------------------


---------- Date: 2015-08-18 19:50:27 ~ IP : 101.226.168.243 ----------
REQUEST URI : /lyhpfb/index.php?filter_tag&amp;page=35&amp;route=product/search
MOD DETAILS:
   modFile   : E:\xampp\htdocs\lyhpfb\vqmod/xml/zzz_omf_catalog.xml
   id        : OpenCart Mobile Framework
   version   : v2.2.0
   vqmver    : 2.4.1
   author    : omframework.com / braiv.com

File Name    : catalog/view/theme/*/template/product/search.tpl(0)
VQModObject::applyMod - SEARCH NOT FOUND (ABORTING MOD): <input type="button" value="<?php echo $button_cart; ?>" onclick="addToCart('<?php echo $product['product_id']; ?>');" class="button" />

----------------------------------------------------------------------


---------- Date: 2015-08-18 19:52:14 ~ IP : 182.118.20.173 ----------
REQUEST URI : /lyhpfb/index.php?filter_tag&amp;limit=50&amp;page=17&amp;route=product/search
MOD DETAILS:
   modFile   : E:\xampp\htdocs\lyhpfb\vqmod/xml/zzz_omf_catalog.xml
   id        : OpenCart Mobile Framework
   version   : v2.2.0
   vqmver    : 2.4.1
   author    : omframework.com / braiv.com

File Name    : catalog/view/theme/*/template/product/search.tpl(0)
VQModObject::applyMod - SEARCH NOT FOUND (ABORTING MOD): <input type="button" value="<?php echo $button_cart; ?>" onclick="addToCart('<?php echo $product['product_id']; ?>');" class="button" />

----------------------------------------------------------------------


---------- Date: 2015-08-18 19:53:11 ~ IP : 182.118.20.169 ----------
REQUEST URI : /lyhpfb/index.php?filter_tag&amp;limit=50&amp;page=16&amp;route=product/search
MOD DETAILS:
   modFile   : E:\xampp\htdocs\lyhpfb\vqmod/xml/zzz_omf_catalog.xml
   id        : OpenCart Mobile Framework
   version   : v2.2.0
   vqmver    : 2.4.1
   author    : omframework.com / braiv.com

File Name    : catalog/view/theme/*/template/product/search.tpl(0)
VQModObject::applyMod - SEARCH NOT FOUND (ABORTING MOD): <input type="button" value="<?php echo $button_cart; ?>" onclick="addToCart('<?php echo $product['product_id']; ?>');" class="button" />

----------------------------------------------------------------------


---------- Date: 2015-08-18 19:55:15 ~ IP : 101.226.166.243 ----------
REQUEST URI : /lyhpfb/index.php?filter_tag&amp;page=37&amp;route=product/search
MOD DETAILS:
   modFile   : E:\xampp\htdocs\lyhpfb\vqmod/xml/zzz_omf_catalog.xml
   id        : OpenCart Mobile Framework
   version   : v2.2.0
   vqmver    : 2.4.1
   author    : omframework.com / braiv.com

File Name    : catalog/view/theme/*/template/product/search.tpl(0)
VQModObject::applyMod - SEARCH NOT FOUND (ABORTING MOD): <input type="button" value="<?php echo $button_cart; ?>" onclick="addToCart('<?php echo $product['product_id']; ?>');" class="button" />

----------------------------------------------------------------------


---------- Date: 2015-08-18 20:07:24 ~ IP : 182.118.21.205 ----------
REQUEST URI : /lyhpfb/index.php?filter_tag&amp;page=38&amp;route=product/search
MOD DETAILS:
   modFile   : E:\xampp\htdocs\lyhpfb\vqmod/xml/zzz_omf_catalog.xml
   id        : OpenCart Mobile Framework
   version   : v2.2.0
   vqmver    : 2.4.1
   author    : omframework.com / braiv.com

File Name    : catalog/view/theme/*/template/product/search.tpl(0)
VQModObject::applyMod - SEARCH NOT FOUND (ABORTING MOD): <input type="button" value="<?php echo $button_cart; ?>" onclick="addToCart('<?php echo $product['product_id']; ?>');" class="button" />

----------------------------------------------------------------------


---------- Date: 2015-08-18 20:08:46 ~ IP : 182.118.22.222 ----------
REQUEST URI : /lyhpfb/index.php?filter_tag&amp;page=44&amp;route=product/search
MOD DETAILS:
   modFile   : E:\xampp\htdocs\lyhpfb\vqmod/xml/zzz_omf_catalog.xml
   id        : OpenCart Mobile Framework
   version   : v2.2.0
   vqmver    : 2.4.1
   author    : omframework.com / braiv.com

File Name    : catalog/view/theme/*/template/product/search.tpl(0)
VQModObject::applyMod - SEARCH NOT FOUND (ABORTING MOD): <input type="button" value="<?php echo $button_cart; ?>" onclick="addToCart('<?php echo $product['product_id']; ?>');" class="button" />

----------------------------------------------------------------------


---------- Date: 2015-08-18 20:15:27 ~ IP : 182.118.22.207 ----------
REQUEST URI : /lyhpfb/index.php?filter_tag&amp;page=36&amp;route=product/search
MOD DETAILS:
   modFile   : E:\xampp\htdocs\lyhpfb\vqmod/xml/zzz_omf_catalog.xml
   id        : OpenCart Mobile Framework
   version   : v2.2.0
   vqmver    : 2.4.1
   author    : omframework.com / braiv.com

File Name    : catalog/view/theme/*/template/product/search.tpl(0)
VQModObject::applyMod - SEARCH NOT FOUND (ABORTING MOD): <input type="button" value="<?php echo $button_cart; ?>" onclick="addToCart('<?php echo $product['product_id']; ?>');" class="button" />

----------------------------------------------------------------------


---------- Date: 2015-08-18 20:20:23 ~ IP : 101.226.168.205 ----------
REQUEST URI : /lyhpfb/index.php?filter_tag=1%E7%AE%B116%E6%8F%90&amp;limit=50&amp;route=product/search
MOD DETAILS:
   modFile   : E:\xampp\htdocs\lyhpfb\vqmod/xml/zzz_omf_catalog.xml
   id        : OpenCart Mobile Framework
   version   : v2.2.0
   vqmver    : 2.4.1
   author    : omframework.com / braiv.com

File Name    : catalog/view/theme/*/template/product/search.tpl(0)
VQModObject::applyMod - SEARCH NOT FOUND (ABORTING MOD): <input type="button" value="<?php echo $button_cart; ?>" onclick="addToCart('<?php echo $product['product_id']; ?>');" class="button" />

----------------------------------------------------------------------


---------- Date: 2015-08-18 20:20:35 ~ IP : 101.226.168.245 ----------
REQUEST URI : /lyhpfb/index.php?limit=100&amp;path=76_143&amp;route=product/category
MOD DETAILS:
   modFile   : E:\xampp\htdocs\lyhpfb\vqmod/xml/zzz_omf_catalog.xml
   id        : OpenCart Mobile Framework
   version   : v2.2.0
   vqmver    : 2.4.1
   author    : omframework.com / braiv.com

File Name    : catalog/view/theme/*/template/product/category.tpl(0)
VQModObject::applyMod - SEARCH NOT FOUND (ABORTING MOD): <input type="button" value="<?php echo $button_cart; ?>" onclick="addToCart('<?php echo $product['product_id']; ?>');" class="button" />

----------------------------------------------------------------------


---------- Date: 2015-08-18 20:23:06 ~ IP : 182.118.22.211 ----------
REQUEST URI : /lyhpfb/index.php?page=11&amp;path=62&amp;route=product/category
MOD DETAILS:
   modFile   : E:\xampp\htdocs\lyhpfb\vqmod/xml/zzz_omf_catalog.xml
   id        : OpenCart Mobile Framework
   version   : v2.2.0
   vqmver    : 2.4.1
   author    : omframework.com / braiv.com

File Name    : catalog/view/theme/*/template/product/category.tpl(0)
VQModObject::applyMod - SEARCH NOT FOUND (ABORTING MOD): <input type="button" value="<?php echo $button_cart; ?>" onclick="addToCart('<?php echo $product['product_id']; ?>');" class="button" />

----------------------------------------------------------------------


---------- Date: 2015-08-18 20:24:01 ~ IP : 182.118.25.211 ----------
REQUEST URI : /lyhpfb/index.php?page=6&amp;path=62&amp;route=product/category
MOD DETAILS:
   modFile   : E:\xampp\htdocs\lyhpfb\vqmod/xml/zzz_omf_catalog.xml
   id        : OpenCart Mobile Framework
   version   : v2.2.0
   vqmver    : 2.4.1
   author    : omframework.com / braiv.com

File Name    : catalog/view/theme/*/template/product/category.tpl(0)
VQModObject::applyMod - SEARCH NOT FOUND (ABORTING MOD): <input type="button" value="<?php echo $button_cart; ?>" onclick="addToCart('<?php echo $product['product_id']; ?>');" class="button" />

----------------------------------------------------------------------


---------- Date: 2015-08-18 20:26:46 ~ IP : 182.118.25.225 ----------
REQUEST URI : /lyhpfb/index.php?filter_tag=12%E6%94%AF%2F%E6%89%93&amp;route=product/search
MOD DETAILS:
   modFile   : E:\xampp\htdocs\lyhpfb\vqmod/xml/zzz_omf_catalog.xml
   id        : OpenCart Mobile Framework
   version   : v2.2.0
   vqmver    : 2.4.1
   author    : omframework.com / braiv.com

File Name    : catalog/view/theme/*/template/product/search.tpl(0)
VQModObject::applyMod - SEARCH NOT FOUND (ABORTING MOD): <input type="button" value="<?php echo $button_cart; ?>" onclick="addToCart('<?php echo $product['product_id']; ?>');" class="button" />

----------------------------------------------------------------------


---------- Date: 2015-08-18 20:27:03 ~ IP : 182.118.22.242 ----------
REQUEST URI : /lyhpfb/index.php?page=10&amp;path=62&amp;route=product/category
MOD DETAILS:
   modFile   : E:\xampp\htdocs\lyhpfb\vqmod/xml/zzz_omf_catalog.xml
   id        : OpenCart Mobile Framework
   version   : v2.2.0
   vqmver    : 2.4.1
   author    : omframework.com / braiv.com

File Name    : catalog/view/theme/*/template/product/category.tpl(0)
VQModObject::applyMod - SEARCH NOT FOUND (ABORTING MOD): <input type="button" value="<?php echo $button_cart; ?>" onclick="addToCart('<?php echo $product['product_id']; ?>');" class="button" />

----------------------------------------------------------------------


---------- Date: 2015-08-18 20:27:33 ~ IP : 182.118.25.211 ----------
REQUEST URI : /lyhpfb/index.php?page=2&amp;path=62_109&amp;route=product/category
MOD DETAILS:
   modFile   : E:\xampp\htdocs\lyhpfb\vqmod/xml/zzz_omf_catalog.xml
   id        : OpenCart Mobile Framework
   version   : v2.2.0
   vqmver    : 2.4.1
   author    : omframework.com / braiv.com

File Name    : catalog/view/theme/*/template/product/category.tpl(0)
VQModObject::applyMod - SEARCH NOT FOUND (ABORTING MOD): <input type="button" value="<?php echo $button_cart; ?>" onclick="addToCart('<?php echo $product['product_id']; ?>');" class="button" />

----------------------------------------------------------------------


---------- Date: 2015-08-18 20:28:35 ~ IP : 101.226.168.229 ----------
REQUEST URI : /lyhpfb/index.php?page=5&amp;path=62_109&amp;route=product/category
MOD DETAILS:
   modFile   : E:\xampp\htdocs\lyhpfb\vqmod/xml/zzz_omf_catalog.xml
   id        : OpenCart Mobile Framework
   version   : v2.2.0
   vqmver    : 2.4.1
   author    : omframework.com / braiv.com

File Name    : catalog/view/theme/*/template/product/category.tpl(0)
VQModObject::applyMod - SEARCH NOT FOUND (ABORTING MOD): <input type="button" value="<?php echo $button_cart; ?>" onclick="addToCart('<?php echo $product['product_id']; ?>');" class="button" />

----------------------------------------------------------------------


---------- Date: 2015-08-18 20:29:26 ~ IP : 101.226.168.249 ----------
REQUEST URI : /lyhpfb/index.php?page=3&amp;path=62_109&amp;route=product/category
MOD DETAILS:
   modFile   : E:\xampp\htdocs\lyhpfb\vqmod/xml/zzz_omf_catalog.xml
   id        : OpenCart Mobile Framework
   version   : v2.2.0
   vqmver    : 2.4.1
   author    : omframework.com / braiv.com

File Name    : catalog/view/theme/*/template/product/category.tpl(0)
VQModObject::applyMod - SEARCH NOT FOUND (ABORTING MOD): <input type="button" value="<?php echo $button_cart; ?>" onclick="addToCart('<?php echo $product['product_id']; ?>');" class="button" />

----------------------------------------------------------------------


---------- Date: 2015-08-18 20:31:07 ~ IP : 182.118.22.208 ----------
REQUEST URI : /lyhpfb/index.php?page=5&amp;path=62&amp;route=product/category
MOD DETAILS:
   modFile   : E:\xampp\htdocs\lyhpfb\vqmod/xml/zzz_omf_catalog.xml
   id        : OpenCart Mobile Framework
   version   : v2.2.0
   vqmver    : 2.4.1
   author    : omframework.com / braiv.com

File Name    : catalog/view/theme/*/template/product/category.tpl(0)
VQModObject::applyMod - SEARCH NOT FOUND (ABORTING MOD): <input type="button" value="<?php echo $button_cart; ?>" onclick="addToCart('<?php echo $product['product_id']; ?>');" class="button" />

----------------------------------------------------------------------


---------- Date: 2015-08-18 20:32:23 ~ IP : 101.226.168.234 ----------
REQUEST URI : /lyhpfb/index.php?page=4&amp;path=62_109&amp;route=product/category
MOD DETAILS:
   modFile   : E:\xampp\htdocs\lyhpfb\vqmod/xml/zzz_omf_catalog.xml
   id        : OpenCart Mobile Framework
   version   : v2.2.0
   vqmver    : 2.4.1
   author    : omframework.com / braiv.com

File Name    : catalog/view/theme/*/template/product/category.tpl(0)
VQModObject::applyMod - SEARCH NOT FOUND (ABORTING MOD): <input type="button" value="<?php echo $button_cart; ?>" onclick="addToCart('<?php echo $product['product_id']; ?>');" class="button" />

----------------------------------------------------------------------


---------- Date: 2015-08-18 20:35:05 ~ IP : 101.226.168.248 ----------
REQUEST URI : /lyhpfb/index.php?page=6&amp;path=62_109&amp;route=product/category
MOD DETAILS:
   modFile   : E:\xampp\htdocs\lyhpfb\vqmod/xml/zzz_omf_catalog.xml
   id        : OpenCart Mobile Framework
   version   : v2.2.0
   vqmver    : 2.4.1
   author    : omframework.com / braiv.com

File Name    : catalog/view/theme/*/template/product/category.tpl(0)
VQModObject::applyMod - SEARCH NOT FOUND (ABORTING MOD): <input type="button" value="<?php echo $button_cart; ?>" onclick="addToCart('<?php echo $product['product_id']; ?>');" class="button" />

----------------------------------------------------------------------


---------- Date: 2015-08-18 20:36:08 ~ IP : 182.118.20.169 ----------
REQUEST URI : /lyhpfb/index.php?page=2&amp;path=62&amp;route=product/category
MOD DETAILS:
   modFile   : E:\xampp\htdocs\lyhpfb\vqmod/xml/zzz_omf_catalog.xml
   id        : OpenCart Mobile Framework
   version   : v2.2.0
   vqmver    : 2.4.1
   author    : omframework.com / braiv.com

File Name    : catalog/view/theme/*/template/product/category.tpl(0)
VQModObject::applyMod - SEARCH NOT FOUND (ABORTING MOD): <input type="button" value="<?php echo $button_cart; ?>" onclick="addToCart('<?php echo $product['product_id']; ?>');" class="button" />

----------------------------------------------------------------------


---------- Date: 2015-08-18 20:37:09 ~ IP : 101.226.168.206 ----------
REQUEST URI : /lyhpfb/index.php?page=8&amp;path=62&amp;route=product/category
MOD DETAILS:
   modFile   : E:\xampp\htdocs\lyhpfb\vqmod/xml/zzz_omf_catalog.xml
   id        : OpenCart Mobile Framework
   version   : v2.2.0
   vqmver    : 2.4.1
   author    : omframework.com / braiv.com

File Name    : catalog/view/theme/*/template/product/category.tpl(0)
VQModObject::applyMod - SEARCH NOT FOUND (ABORTING MOD): <input type="button" value="<?php echo $button_cart; ?>" onclick="addToCart('<?php echo $product['product_id']; ?>');" class="button" />

----------------------------------------------------------------------


---------- Date: 2015-08-18 20:41:02 ~ IP : 182.118.21.239 ----------
REQUEST URI : /lyhpfb/index.php?path=62_116&amp;route=product/category
MOD DETAILS:
   modFile   : E:\xampp\htdocs\lyhpfb\vqmod/xml/zzz_omf_catalog.xml
   id        : OpenCart Mobile Framework
   version   : v2.2.0
   vqmver    : 2.4.1
   author    : omframework.com / braiv.com

File Name    : catalog/view/theme/*/template/product/category.tpl(0)
VQModObject::applyMod - SEARCH NOT FOUND (ABORTING MOD): <input type="button" value="<?php echo $button_cart; ?>" onclick="addToCart('<?php echo $product['product_id']; ?>');" class="button" />

----------------------------------------------------------------------


---------- Date: 2015-08-18 20:41:24 ~ IP : 101.226.168.207 ----------
REQUEST URI : /lyhpfb/index.php?page=7&amp;path=62&amp;route=product/category
MOD DETAILS:
   modFile   : E:\xampp\htdocs\lyhpfb\vqmod/xml/zzz_omf_catalog.xml
   id        : OpenCart Mobile Framework
   version   : v2.2.0
   vqmver    : 2.4.1
   author    : omframework.com / braiv.com

File Name    : catalog/view/theme/*/template/product/category.tpl(0)
VQModObject::applyMod - SEARCH NOT FOUND (ABORTING MOD): <input type="button" value="<?php echo $button_cart; ?>" onclick="addToCart('<?php echo $product['product_id']; ?>');" class="button" />

----------------------------------------------------------------------


---------- Date: 2015-08-18 20:41:31 ~ IP : 182.118.22.222 ----------
REQUEST URI : /lyhpfb/index.php?page=9&amp;path=62&amp;route=product/category
MOD DETAILS:
   modFile   : E:\xampp\htdocs\lyhpfb\vqmod/xml/zzz_omf_catalog.xml
   id        : OpenCart Mobile Framework
   version   : v2.2.0
   vqmver    : 2.4.1
   author    : omframework.com / braiv.com

File Name    : catalog/view/theme/*/template/product/category.tpl(0)
VQModObject::applyMod - SEARCH NOT FOUND (ABORTING MOD): <input type="button" value="<?php echo $button_cart; ?>" onclick="addToCart('<?php echo $product['product_id']; ?>');" class="button" />

----------------------------------------------------------------------


---------- Date: 2015-08-18 20:41:36 ~ IP : 101.226.169.229 ----------
REQUEST URI : /lyhpfb/index.php?page=8&amp;path=62_109&amp;route=product/category
MOD DETAILS:
   modFile   : E:\xampp\htdocs\lyhpfb\vqmod/xml/zzz_omf_catalog.xml
   id        : OpenCart Mobile Framework
   version   : v2.2.0
   vqmver    : 2.4.1
   author    : omframework.com / braiv.com

File Name    : catalog/view/theme/*/template/product/category.tpl(0)
VQModObject::applyMod - SEARCH NOT FOUND (ABORTING MOD): <input type="button" value="<?php echo $button_cart; ?>" onclick="addToCart('<?php echo $product['product_id']; ?>');" class="button" />

----------------------------------------------------------------------


---------- Date: 2015-08-18 20:43:27 ~ IP : 182.118.20.174 ----------
REQUEST URI : /lyhpfb/index.php?page=7&amp;path=62_109&amp;route=product/category
MOD DETAILS:
   modFile   : E:\xampp\htdocs\lyhpfb\vqmod/xml/zzz_omf_catalog.xml
   id        : OpenCart Mobile Framework
   version   : v2.2.0
   vqmver    : 2.4.1
   author    : omframework.com / braiv.com

File Name    : catalog/view/theme/*/template/product/category.tpl(0)
VQModObject::applyMod - SEARCH NOT FOUND (ABORTING MOD): <input type="button" value="<?php echo $button_cart; ?>" onclick="addToCart('<?php echo $product['product_id']; ?>');" class="button" />

----------------------------------------------------------------------


---------- Date: 2015-08-18 21:47:46 ~ IP : 101.226.166.241 ----------
REQUEST URI : /lyhpfb/index.php?filter_tag&amp;page=43&amp;route=product/search
MOD DETAILS:
   modFile   : E:\xampp\htdocs\lyhpfb\vqmod/xml/zzz_omf_catalog.xml
   id        : OpenCart Mobile Framework
   version   : v2.2.0
   vqmver    : 2.4.1
   author    : omframework.com / braiv.com

File Name    : catalog/view/theme/*/template/product/search.tpl(0)
VQModObject::applyMod - SEARCH NOT FOUND (ABORTING MOD): <input type="button" value="<?php echo $button_cart; ?>" onclick="addToCart('<?php echo $product['product_id']; ?>');" class="button" />

----------------------------------------------------------------------


