---------- Date: 2015-08-19 03:55:21 ~ IP : 122.234.138.35 ----------
REQUEST URI : /lyhpfb/index.php?route=product/category&amp;path=195
MOD DETAILS:
   modFile   : E:\xampp\htdocs\lyhpfb\vqmod/xml/zzz_omf_catalog.xml
   id        : OpenCart Mobile Framework
   version   : v2.2.0
   vqmver    : 2.4.1
   author    : omframework.com / braiv.com

File Name    : catalog/view/theme/*/template/product/category.tpl(0)
VQModObject::applyMod - SEARCH NOT FOUND (ABORTING MOD): <input type="button" value="<?php echo $button_cart; ?>" onclick="addToCart('<?php echo $product['product_id']; ?>');" class="button" />

----------------------------------------------------------------------


---------- Date: 2015-08-19 03:56:04 ~ IP : 122.234.138.35 ----------
REQUEST URI : /lyhpfb/index.php?route=product/category&amp;path=160
MOD DETAILS:
   modFile   : E:\xampp\htdocs\lyhpfb\vqmod/xml/zzz_omf_catalog.xml
   id        : OpenCart Mobile Framework
   version   : v2.2.0
   vqmver    : 2.4.1
   author    : omframework.com / braiv.com

File Name    : catalog/view/theme/*/template/product/category.tpl(0)
VQModObject::applyMod - SEARCH NOT FOUND (ABORTING MOD): <input type="button" value="<?php echo $button_cart; ?>" onclick="addToCart('<?php echo $product['product_id']; ?>');" class="button" />

----------------------------------------------------------------------


---------- Date: 2015-08-19 04:01:09 ~ IP : 180.153.206.37 ----------
REQUEST URI : /lyhpfb/index.php?route=product/category&amp;path=160
MOD DETAILS:
   modFile   : E:\xampp\htdocs\lyhpfb\vqmod/xml/zzz_omf_catalog.xml
   id        : OpenCart Mobile Framework
   version   : v2.2.0
   vqmver    : 2.4.1
   author    : omframework.com / braiv.com

File Name    : catalog/view/theme/*/template/product/category.tpl(0)
VQModObject::applyMod - SEARCH NOT FOUND (ABORTING MOD): <input type="button" value="<?php echo $button_cart; ?>" onclick="addToCart('<?php echo $product['product_id']; ?>');" class="button" />

----------------------------------------------------------------------


---------- Date: 2015-08-19 04:02:53 ~ IP : 122.234.138.35 ----------
REQUEST URI : /lyhpfb/index.php?route=product/category&amp;path=62_107
MOD DETAILS:
   modFile   : E:\xampp\htdocs\lyhpfb\vqmod/xml/zzz_omf_catalog.xml
   id        : OpenCart Mobile Framework
   version   : v2.2.0
   vqmver    : 2.4.1
   author    : omframework.com / braiv.com

File Name    : catalog/view/theme/*/template/product/category.tpl(0)
VQModObject::applyMod - SEARCH NOT FOUND (ABORTING MOD): <input type="button" value="<?php echo $button_cart; ?>" onclick="addToCart('<?php echo $product['product_id']; ?>');" class="button" />

----------------------------------------------------------------------


---------- Date: 2015-08-19 04:03:16 ~ IP : 122.234.138.35 ----------
REQUEST URI : /lyhpfb/index.php?route=product/category&amp;path=62_108
MOD DETAILS:
   modFile   : E:\xampp\htdocs\lyhpfb\vqmod/xml/zzz_omf_catalog.xml
   id        : OpenCart Mobile Framework
   version   : v2.2.0
   vqmver    : 2.4.1
   author    : omframework.com / braiv.com

File Name    : catalog/view/theme/*/template/product/category.tpl(0)
VQModObject::applyMod - SEARCH NOT FOUND (ABORTING MOD): <input type="button" value="<?php echo $button_cart; ?>" onclick="addToCart('<?php echo $product['product_id']; ?>');" class="button" />

----------------------------------------------------------------------


---------- Date: 2015-08-19 04:10:05 ~ IP : 101.226.66.178 ----------
REQUEST URI : /lyhpfb/index.php?route=product/category&amp;path=62_108
MOD DETAILS:
   modFile   : E:\xampp\htdocs\lyhpfb\vqmod/xml/zzz_omf_catalog.xml
   id        : OpenCart Mobile Framework
   version   : v2.2.0
   vqmver    : 2.4.1
   author    : omframework.com / braiv.com

File Name    : catalog/view/theme/*/template/product/category.tpl(0)
VQModObject::applyMod - SEARCH NOT FOUND (ABORTING MOD): <input type="button" value="<?php echo $button_cart; ?>" onclick="addToCart('<?php echo $product['product_id']; ?>');" class="button" />

----------------------------------------------------------------------


---------- Date: 2015-08-19 04:10:08 ~ IP : 112.64.235.245 ----------
REQUEST URI : /lyhpfb/index.php?route=product/category&amp;path=62_107
MOD DETAILS:
   modFile   : E:\xampp\htdocs\lyhpfb\vqmod/xml/zzz_omf_catalog.xml
   id        : OpenCart Mobile Framework
   version   : v2.2.0
   vqmver    : 2.4.1
   author    : omframework.com / braiv.com

File Name    : catalog/view/theme/*/template/product/category.tpl(0)
VQModObject::applyMod - SEARCH NOT FOUND (ABORTING MOD): <input type="button" value="<?php echo $button_cart; ?>" onclick="addToCart('<?php echo $product['product_id']; ?>');" class="button" />

----------------------------------------------------------------------


---------- Date: 2015-08-19 04:18:52 ~ IP : 180.153.201.214 ----------
REQUEST URI : /lyhpfb/index.php?route=product/category&amp;path=157
MOD DETAILS:
   modFile   : E:\xampp\htdocs\lyhpfb\vqmod/xml/zzz_omf_catalog.xml
   id        : OpenCart Mobile Framework
   version   : v2.2.0
   vqmver    : 2.4.1
   author    : omframework.com / braiv.com

File Name    : catalog/view/theme/*/template/product/category.tpl(0)
VQModObject::applyMod - SEARCH NOT FOUND (ABORTING MOD): <input type="button" value="<?php echo $button_cart; ?>" onclick="addToCart('<?php echo $product['product_id']; ?>');" class="button" />

----------------------------------------------------------------------


---------- Date: 2015-08-19 04:24:53 ~ IP : 122.234.138.35 ----------
REQUEST URI : /lyhpfb/index.php?route=product/category&amp;path=206
MOD DETAILS:
   modFile   : E:\xampp\htdocs\lyhpfb\vqmod/xml/zzz_omf_catalog.xml
   id        : OpenCart Mobile Framework
   version   : v2.2.0
   vqmver    : 2.4.1
   author    : omframework.com / braiv.com

File Name    : catalog/view/theme/*/template/product/category.tpl(0)
VQModObject::applyMod - SEARCH NOT FOUND (ABORTING MOD): <input type="button" value="<?php echo $button_cart; ?>" onclick="addToCart('<?php echo $product['product_id']; ?>');" class="button" />

----------------------------------------------------------------------


---------- Date: 2015-08-19 04:26:06 ~ IP : 101.226.66.180 ----------
REQUEST URI : /lyhpfb/index.php?route=product/category&amp;path=155
MOD DETAILS:
   modFile   : E:\xampp\htdocs\lyhpfb\vqmod/xml/zzz_omf_catalog.xml
   id        : OpenCart Mobile Framework
   version   : v2.2.0
   vqmver    : 2.4.1
   author    : omframework.com / braiv.com

File Name    : catalog/view/theme/*/template/product/category.tpl(0)
VQModObject::applyMod - SEARCH NOT FOUND (ABORTING MOD): <input type="button" value="<?php echo $button_cart; ?>" onclick="addToCart('<?php echo $product['product_id']; ?>');" class="button" />

----------------------------------------------------------------------


---------- Date: 2015-08-19 04:26:06 ~ IP : 122.234.138.35 ----------
REQUEST URI : /lyhpfb/index.php?route=product/category&amp;path=155
MOD DETAILS:
   modFile   : E:\xampp\htdocs\lyhpfb\vqmod/xml/zzz_omf_catalog.xml
   id        : OpenCart Mobile Framework
   version   : v2.2.0
   vqmver    : 2.4.1
   author    : omframework.com / braiv.com

File Name    : catalog/view/theme/*/template/product/category.tpl(0)
VQModObject::applyMod - SEARCH NOT FOUND (ABORTING MOD): <input type="button" value="<?php echo $button_cart; ?>" onclick="addToCart('<?php echo $product['product_id']; ?>');" class="button" />

----------------------------------------------------------------------


---------- Date: 2015-08-19 04:26:16 ~ IP : 122.234.138.35 ----------
REQUEST URI : /lyhpfb/index.php?route=product/category&amp;path=62
MOD DETAILS:
   modFile   : E:\xampp\htdocs\lyhpfb\vqmod/xml/zzz_omf_catalog.xml
   id        : OpenCart Mobile Framework
   version   : v2.2.0
   vqmver    : 2.4.1
   author    : omframework.com / braiv.com

File Name    : catalog/view/theme/*/template/product/category.tpl(0)
VQModObject::applyMod - SEARCH NOT FOUND (ABORTING MOD): <input type="button" value="<?php echo $button_cart; ?>" onclick="addToCart('<?php echo $product['product_id']; ?>');" class="button" />

----------------------------------------------------------------------


---------- Date: 2015-08-19 04:35:57 ~ IP : 180.153.206.18 ----------
REQUEST URI : /lyhpfb/index.php?route=product/category&amp;path=206
MOD DETAILS:
   modFile   : E:\xampp\htdocs\lyhpfb\vqmod/xml/zzz_omf_catalog.xml
   id        : OpenCart Mobile Framework
   version   : v2.2.0
   vqmver    : 2.4.1
   author    : omframework.com / braiv.com

File Name    : catalog/view/theme/*/template/product/category.tpl(0)
VQModObject::applyMod - SEARCH NOT FOUND (ABORTING MOD): <input type="button" value="<?php echo $button_cart; ?>" onclick="addToCart('<?php echo $product['product_id']; ?>');" class="button" />

----------------------------------------------------------------------


---------- Date: 2015-08-19 09:13:24 ~ IP : 123.125.71.88 ----------
REQUEST URI : /lyhpfb/index.php?route=product/category&amp;path=70_121&amp;page=4
MOD DETAILS:
   modFile   : E:\xampp\htdocs\lyhpfb\vqmod/xml/zzz_omf_catalog.xml
   id        : OpenCart Mobile Framework
   version   : v2.2.0
   vqmver    : 2.4.1
   author    : omframework.com / braiv.com

File Name    : catalog/view/theme/*/template/product/category.tpl(0)
VQModObject::applyMod - SEARCH NOT FOUND (ABORTING MOD): <input type="button" value="<?php echo $button_cart; ?>" onclick="addToCart('<?php echo $product['product_id']; ?>');" class="button" />

----------------------------------------------------------------------


---------- Date: 2015-08-19 12:42:52 ~ IP : 42.156.137.11 ----------
REQUEST URI : /lyhpfb/index.php?path=62&amp;route=product/category
MOD DETAILS:
   modFile   : E:\xampp\htdocs\lyhpfb\vqmod/xml/zzz_omf_catalog.xml
   id        : OpenCart Mobile Framework
   version   : v2.2.0
   vqmver    : 2.4.1
   author    : omframework.com / braiv.com

File Name    : catalog/view/theme/*/template/product/category.tpl(0)
VQModObject::applyMod - SEARCH NOT FOUND (ABORTING MOD): <input type="button" value="<?php echo $button_cart; ?>" onclick="addToCart('<?php echo $product['product_id']; ?>');" class="button" />

----------------------------------------------------------------------


---------- Date: 2015-08-19 14:34:04 ~ IP : 66.249.64.39 ----------
REQUEST URI : /lyhpfb/index.php?route=product/category&amp;path=71_131&amp;page=6&amp;view=desktop
MOD DETAILS:
   modFile   : E:\xampp\htdocs\lyhpfb\vqmod/xml/zzz_omf_catalog.xml
   id        : OpenCart Mobile Framework
   version   : v2.2.0
   vqmver    : 2.4.1
   author    : omframework.com / braiv.com

File Name    : catalog/view/theme/*/template/product/category.tpl(0)
VQModObject::applyMod - SEARCH NOT FOUND (ABORTING MOD): <input type="button" value="<?php echo $button_cart; ?>" onclick="addToCart('<?php echo $product['product_id']; ?>');" class="button" />

----------------------------------------------------------------------


---------- Date: 2015-08-19 14:37:54 ~ IP : 42.120.161.11 ----------
REQUEST URI : /lyhpfb/index.php?path=207&amp;route=product/category
MOD DETAILS:
   modFile   : E:\xampp\htdocs\lyhpfb\vqmod/xml/zzz_omf_catalog.xml
   id        : OpenCart Mobile Framework
   version   : v2.2.0
   vqmver    : 2.4.1
   author    : omframework.com / braiv.com

File Name    : catalog/view/theme/*/template/product/category.tpl(0)
VQModObject::applyMod - SEARCH NOT FOUND (ABORTING MOD): <input type="button" value="<?php echo $button_cart; ?>" onclick="addToCart('<?php echo $product['product_id']; ?>');" class="button" />

----------------------------------------------------------------------


---------- Date: 2015-08-19 14:37:57 ~ IP : 42.156.136.11 ----------
REQUEST URI : /lyhpfb/index.php?path=71_128&amp;route=product/category
MOD DETAILS:
   modFile   : E:\xampp\htdocs\lyhpfb\vqmod/xml/zzz_omf_catalog.xml
   id        : OpenCart Mobile Framework
   version   : v2.2.0
   vqmver    : 2.4.1
   author    : omframework.com / braiv.com

File Name    : catalog/view/theme/*/template/product/category.tpl(0)
VQModObject::applyMod - SEARCH NOT FOUND (ABORTING MOD): <input type="button" value="<?php echo $button_cart; ?>" onclick="addToCart('<?php echo $product['product_id']; ?>');" class="button" />

----------------------------------------------------------------------


---------- Date: 2015-08-19 14:40:01 ~ IP : 42.156.139.11 ----------
REQUEST URI : /lyhpfb/index.php?path=62_111&amp;route=product/category&amp;view=desktop
MOD DETAILS:
   modFile   : E:\xampp\htdocs\lyhpfb\vqmod/xml/zzz_omf_catalog.xml
   id        : OpenCart Mobile Framework
   version   : v2.2.0
   vqmver    : 2.4.1
   author    : omframework.com / braiv.com

File Name    : catalog/view/theme/*/template/product/category.tpl(0)
VQModObject::applyMod - SEARCH NOT FOUND (ABORTING MOD): <input type="button" value="<?php echo $button_cart; ?>" onclick="addToCart('<?php echo $product['product_id']; ?>');" class="button" />

----------------------------------------------------------------------


---------- Date: 2015-08-19 14:40:08 ~ IP : 42.120.160.11 ----------
REQUEST URI : /lyhpfb/index.php?path=207&amp;route=product/category&amp;view=desktop
MOD DETAILS:
   modFile   : E:\xampp\htdocs\lyhpfb\vqmod/xml/zzz_omf_catalog.xml
   id        : OpenCart Mobile Framework
   version   : v2.2.0
   vqmver    : 2.4.1
   author    : omframework.com / braiv.com

File Name    : catalog/view/theme/*/template/product/category.tpl(0)
VQModObject::applyMod - SEARCH NOT FOUND (ABORTING MOD): <input type="button" value="<?php echo $button_cart; ?>" onclick="addToCart('<?php echo $product['product_id']; ?>');" class="button" />

----------------------------------------------------------------------


---------- Date: 2015-08-19 14:40:09 ~ IP : 42.120.161.11 ----------
REQUEST URI : /lyhpfb/index.php?path=62_112&amp;route=product/category&amp;view=desktop
MOD DETAILS:
   modFile   : E:\xampp\htdocs\lyhpfb\vqmod/xml/zzz_omf_catalog.xml
   id        : OpenCart Mobile Framework
   version   : v2.2.0
   vqmver    : 2.4.1
   author    : omframework.com / braiv.com

File Name    : catalog/view/theme/*/template/product/category.tpl(0)
VQModObject::applyMod - SEARCH NOT FOUND (ABORTING MOD): <input type="button" value="<?php echo $button_cart; ?>" onclick="addToCart('<?php echo $product['product_id']; ?>');" class="button" />

----------------------------------------------------------------------


---------- Date: 2015-08-19 14:40:10 ~ IP : 42.156.139.11 ----------
REQUEST URI : /lyhpfb/index.php?path=71_128&amp;route=product/category&amp;view=desktop
MOD DETAILS:
   modFile   : E:\xampp\htdocs\lyhpfb\vqmod/xml/zzz_omf_catalog.xml
   id        : OpenCart Mobile Framework
   version   : v2.2.0
   vqmver    : 2.4.1
   author    : omframework.com / braiv.com

File Name    : catalog/view/theme/*/template/product/category.tpl(0)
VQModObject::applyMod - SEARCH NOT FOUND (ABORTING MOD): <input type="button" value="<?php echo $button_cart; ?>" onclick="addToCart('<?php echo $product['product_id']; ?>');" class="button" />

----------------------------------------------------------------------


---------- Date: 2015-08-19 14:42:04 ~ IP : 42.120.161.11 ----------
REQUEST URI : /lyhpfb/index.php?path=156&amp;route=product/category&amp;view=desktop
MOD DETAILS:
   modFile   : E:\xampp\htdocs\lyhpfb\vqmod/xml/zzz_omf_catalog.xml
   id        : OpenCart Mobile Framework
   version   : v2.2.0
   vqmver    : 2.4.1
   author    : omframework.com / braiv.com

File Name    : catalog/view/theme/*/template/product/category.tpl(0)
VQModObject::applyMod - SEARCH NOT FOUND (ABORTING MOD): <input type="button" value="<?php echo $button_cart; ?>" onclick="addToCart('<?php echo $product['product_id']; ?>');" class="button" />

----------------------------------------------------------------------


---------- Date: 2015-08-19 14:42:05 ~ IP : 42.156.139.11 ----------
REQUEST URI : /lyhpfb/index.php?path=73_169&amp;route=product/category&amp;view=desktop
MOD DETAILS:
   modFile   : E:\xampp\htdocs\lyhpfb\vqmod/xml/zzz_omf_catalog.xml
   id        : OpenCart Mobile Framework
   version   : v2.2.0
   vqmver    : 2.4.1
   author    : omframework.com / braiv.com

File Name    : catalog/view/theme/*/template/product/category.tpl(0)
VQModObject::applyMod - SEARCH NOT FOUND (ABORTING MOD): <input type="button" value="<?php echo $button_cart; ?>" onclick="addToCart('<?php echo $product['product_id']; ?>');" class="button" />

----------------------------------------------------------------------


---------- Date: 2015-08-19 14:42:07 ~ IP : 42.120.160.11 ----------
REQUEST URI : /lyhpfb/index.php?filter_tag=&amp;page=16&amp;route=product/search&amp;view=desktop
MOD DETAILS:
   modFile   : E:\xampp\htdocs\lyhpfb\vqmod/xml/zzz_omf_catalog.xml
   id        : OpenCart Mobile Framework
   version   : v2.2.0
   vqmver    : 2.4.1
   author    : omframework.com / braiv.com

File Name    : catalog/view/theme/*/template/product/search.tpl(0)
VQModObject::applyMod - SEARCH NOT FOUND (ABORTING MOD): <input type="button" value="<?php echo $button_cart; ?>" onclick="addToCart('<?php echo $product['product_id']; ?>');" class="button" />

----------------------------------------------------------------------


---------- Date: 2015-08-19 14:42:08 ~ IP : 42.156.138.11 ----------
REQUEST URI : /lyhpfb/index.php?filter_tag=24/%E7%AE%B1&amp;route=product/search
MOD DETAILS:
   modFile   : E:\xampp\htdocs\lyhpfb\vqmod/xml/zzz_omf_catalog.xml
   id        : OpenCart Mobile Framework
   version   : v2.2.0
   vqmver    : 2.4.1
   author    : omframework.com / braiv.com

File Name    : catalog/view/theme/*/template/product/search.tpl(0)
VQModObject::applyMod - SEARCH NOT FOUND (ABORTING MOD): <input type="button" value="<?php echo $button_cart; ?>" onclick="addToCart('<?php echo $product['product_id']; ?>');" class="button" />

----------------------------------------------------------------------


---------- Date: 2015-08-19 14:42:11 ~ IP : 42.156.139.11 ----------
REQUEST URI : /lyhpfb/index.php?filter_tag=&amp;page=11&amp;route=product/search&amp;view=desktop
MOD DETAILS:
   modFile   : E:\xampp\htdocs\lyhpfb\vqmod/xml/zzz_omf_catalog.xml
   id        : OpenCart Mobile Framework
   version   : v2.2.0
   vqmver    : 2.4.1
   author    : omframework.com / braiv.com

File Name    : catalog/view/theme/*/template/product/search.tpl(0)
VQModObject::applyMod - SEARCH NOT FOUND (ABORTING MOD): <input type="button" value="<?php echo $button_cart; ?>" onclick="addToCart('<?php echo $product['product_id']; ?>');" class="button" />

----------------------------------------------------------------------


---------- Date: 2015-08-19 14:42:11 ~ IP : 42.156.136.11 ----------
REQUEST URI : /lyhpfb/index.php?filter_tag=&amp;route=product/search
MOD DETAILS:
   modFile   : E:\xampp\htdocs\lyhpfb\vqmod/xml/zzz_omf_catalog.xml
   id        : OpenCart Mobile Framework
   version   : v2.2.0
   vqmver    : 2.4.1
   author    : omframework.com / braiv.com

File Name    : catalog/view/theme/*/template/product/search.tpl(0)
VQModObject::applyMod - SEARCH NOT FOUND (ABORTING MOD): <input type="button" value="<?php echo $button_cart; ?>" onclick="addToCart('<?php echo $product['product_id']; ?>');" class="button" />

----------------------------------------------------------------------


---------- Date: 2015-08-19 14:43:39 ~ IP : 42.156.136.11 ----------
REQUEST URI : /lyhpfb/index.php?page=2&amp;path=62_109&amp;route=product/category
MOD DETAILS:
   modFile   : E:\xampp\htdocs\lyhpfb\vqmod/xml/zzz_omf_catalog.xml
   id        : OpenCart Mobile Framework
   version   : v2.2.0
   vqmver    : 2.4.1
   author    : omframework.com / braiv.com

File Name    : catalog/view/theme/*/template/product/category.tpl(0)
VQModObject::applyMod - SEARCH NOT FOUND (ABORTING MOD): <input type="button" value="<?php echo $button_cart; ?>" onclick="addToCart('<?php echo $product['product_id']; ?>');" class="button" />

----------------------------------------------------------------------


---------- Date: 2015-08-19 14:43:42 ~ IP : 42.156.138.11 ----------
REQUEST URI : /lyhpfb/index.php?filter_tag=&amp;page=11&amp;route=product/search
MOD DETAILS:
   modFile   : E:\xampp\htdocs\lyhpfb\vqmod/xml/zzz_omf_catalog.xml
   id        : OpenCart Mobile Framework
   version   : v2.2.0
   vqmver    : 2.4.1
   author    : omframework.com / braiv.com

File Name    : catalog/view/theme/*/template/product/search.tpl(0)
VQModObject::applyMod - SEARCH NOT FOUND (ABORTING MOD): <input type="button" value="<?php echo $button_cart; ?>" onclick="addToCart('<?php echo $product['product_id']; ?>');" class="button" />

----------------------------------------------------------------------


---------- Date: 2015-08-19 14:43:43 ~ IP : 42.120.161.11 ----------
REQUEST URI : /lyhpfb/index.php?filter_tag=&amp;page=13&amp;route=product/search&amp;view=desktop
MOD DETAILS:
   modFile   : E:\xampp\htdocs\lyhpfb\vqmod/xml/zzz_omf_catalog.xml
   id        : OpenCart Mobile Framework
   version   : v2.2.0
   vqmver    : 2.4.1
   author    : omframework.com / braiv.com

File Name    : catalog/view/theme/*/template/product/search.tpl(0)
VQModObject::applyMod - SEARCH NOT FOUND (ABORTING MOD): <input type="button" value="<?php echo $button_cart; ?>" onclick="addToCart('<?php echo $product['product_id']; ?>');" class="button" />

----------------------------------------------------------------------


---------- Date: 2015-08-19 14:43:43 ~ IP : 42.156.139.11 ----------
REQUEST URI : /lyhpfb/index.php?filter_tag=&amp;page=3&amp;route=product/search
MOD DETAILS:
   modFile   : E:\xampp\htdocs\lyhpfb\vqmod/xml/zzz_omf_catalog.xml
   id        : OpenCart Mobile Framework
   version   : v2.2.0
   vqmver    : 2.4.1
   author    : omframework.com / braiv.com

File Name    : catalog/view/theme/*/template/product/search.tpl(0)
VQModObject::applyMod - SEARCH NOT FOUND (ABORTING MOD): <input type="button" value="<?php echo $button_cart; ?>" onclick="addToCart('<?php echo $product['product_id']; ?>');" class="button" />

----------------------------------------------------------------------


---------- Date: 2015-08-19 14:43:45 ~ IP : 42.156.136.11 ----------
REQUEST URI : /lyhpfb/index.php?filter_tag=&amp;page=17&amp;route=product/search
MOD DETAILS:
   modFile   : E:\xampp\htdocs\lyhpfb\vqmod/xml/zzz_omf_catalog.xml
   id        : OpenCart Mobile Framework
   version   : v2.2.0
   vqmver    : 2.4.1
   author    : omframework.com / braiv.com

File Name    : catalog/view/theme/*/template/product/search.tpl(0)
VQModObject::applyMod - SEARCH NOT FOUND (ABORTING MOD): <input type="button" value="<?php echo $button_cart; ?>" onclick="addToCart('<?php echo $product['product_id']; ?>');" class="button" />

----------------------------------------------------------------------


---------- Date: 2015-08-19 14:43:46 ~ IP : 42.156.137.11 ----------
REQUEST URI : /lyhpfb/index.php?filter_tag=&amp;page=10&amp;route=product/search&amp;view=desktop
MOD DETAILS:
   modFile   : E:\xampp\htdocs\lyhpfb\vqmod/xml/zzz_omf_catalog.xml
   id        : OpenCart Mobile Framework
   version   : v2.2.0
   vqmver    : 2.4.1
   author    : omframework.com / braiv.com

File Name    : catalog/view/theme/*/template/product/search.tpl(0)
VQModObject::applyMod - SEARCH NOT FOUND (ABORTING MOD): <input type="button" value="<?php echo $button_cart; ?>" onclick="addToCart('<?php echo $product['product_id']; ?>');" class="button" />

----------------------------------------------------------------------


---------- Date: 2015-08-19 14:43:47 ~ IP : 42.120.160.11 ----------
REQUEST URI : /lyhpfb/index.php?filter_tag=&amp;page=19&amp;route=product/search&amp;view=desktop
MOD DETAILS:
   modFile   : E:\xampp\htdocs\lyhpfb\vqmod/xml/zzz_omf_catalog.xml
   id        : OpenCart Mobile Framework
   version   : v2.2.0
   vqmver    : 2.4.1
   author    : omframework.com / braiv.com

File Name    : catalog/view/theme/*/template/product/search.tpl(0)
VQModObject::applyMod - SEARCH NOT FOUND (ABORTING MOD): <input type="button" value="<?php echo $button_cart; ?>" onclick="addToCart('<?php echo $product['product_id']; ?>');" class="button" />

----------------------------------------------------------------------


---------- Date: 2015-08-19 14:43:48 ~ IP : 42.156.138.11 ----------
REQUEST URI : /lyhpfb/index.php?filter_tag=&amp;page=4&amp;route=product/search&amp;view=desktop
MOD DETAILS:
   modFile   : E:\xampp\htdocs\lyhpfb\vqmod/xml/zzz_omf_catalog.xml
   id        : OpenCart Mobile Framework
   version   : v2.2.0
   vqmver    : 2.4.1
   author    : omframework.com / braiv.com

File Name    : catalog/view/theme/*/template/product/search.tpl(0)
VQModObject::applyMod - SEARCH NOT FOUND (ABORTING MOD): <input type="button" value="<?php echo $button_cart; ?>" onclick="addToCart('<?php echo $product['product_id']; ?>');" class="button" />

----------------------------------------------------------------------


---------- Date: 2015-08-19 14:43:48 ~ IP : 42.120.161.11 ----------
REQUEST URI : /lyhpfb/index.php?filter_tag=&amp;page=18&amp;route=product/search&amp;view=desktop
MOD DETAILS:
   modFile   : E:\xampp\htdocs\lyhpfb\vqmod/xml/zzz_omf_catalog.xml
   id        : OpenCart Mobile Framework
   version   : v2.2.0
   vqmver    : 2.4.1
   author    : omframework.com / braiv.com

File Name    : catalog/view/theme/*/template/product/search.tpl(0)
VQModObject::applyMod - SEARCH NOT FOUND (ABORTING MOD): <input type="button" value="<?php echo $button_cart; ?>" onclick="addToCart('<?php echo $product['product_id']; ?>');" class="button" />

----------------------------------------------------------------------


---------- Date: 2015-08-19 14:43:49 ~ IP : 42.156.139.11 ----------
REQUEST URI : /lyhpfb/index.php?filter_tag=&amp;page=8&amp;route=product/search&amp;view=desktop
MOD DETAILS:
   modFile   : E:\xampp\htdocs\lyhpfb\vqmod/xml/zzz_omf_catalog.xml
   id        : OpenCart Mobile Framework
   version   : v2.2.0
   vqmver    : 2.4.1
   author    : omframework.com / braiv.com

File Name    : catalog/view/theme/*/template/product/search.tpl(0)
VQModObject::applyMod - SEARCH NOT FOUND (ABORTING MOD): <input type="button" value="<?php echo $button_cart; ?>" onclick="addToCart('<?php echo $product['product_id']; ?>');" class="button" />

----------------------------------------------------------------------


---------- Date: 2015-08-19 14:43:49 ~ IP : 42.156.136.11 ----------
REQUEST URI : /lyhpfb/index.php?filter_tag=&amp;page=2&amp;route=product/search&amp;view=desktop
MOD DETAILS:
   modFile   : E:\xampp\htdocs\lyhpfb\vqmod/xml/zzz_omf_catalog.xml
   id        : OpenCart Mobile Framework
   version   : v2.2.0
   vqmver    : 2.4.1
   author    : omframework.com / braiv.com

File Name    : catalog/view/theme/*/template/product/search.tpl(0)
VQModObject::applyMod - SEARCH NOT FOUND (ABORTING MOD): <input type="button" value="<?php echo $button_cart; ?>" onclick="addToCart('<?php echo $product['product_id']; ?>');" class="button" />

----------------------------------------------------------------------


---------- Date: 2015-08-19 14:43:51 ~ IP : 42.120.160.11 ----------
REQUEST URI : /lyhpfb/index.php?path=76_145&amp;route=product/category&amp;view=desktop
MOD DETAILS:
   modFile   : E:\xampp\htdocs\lyhpfb\vqmod/xml/zzz_omf_catalog.xml
   id        : OpenCart Mobile Framework
   version   : v2.2.0
   vqmver    : 2.4.1
   author    : omframework.com / braiv.com

File Name    : catalog/view/theme/*/template/product/category.tpl(0)
VQModObject::applyMod - SEARCH NOT FOUND (ABORTING MOD): <input type="button" value="<?php echo $button_cart; ?>" onclick="addToCart('<?php echo $product['product_id']; ?>');" class="button" />

----------------------------------------------------------------------


---------- Date: 2015-08-19 14:43:54 ~ IP : 42.156.138.11 ----------
REQUEST URI : /lyhpfb/index.php?filter_tag=&amp;page=40&amp;route=product/search
MOD DETAILS:
   modFile   : E:\xampp\htdocs\lyhpfb\vqmod/xml/zzz_omf_catalog.xml
   id        : OpenCart Mobile Framework
   version   : v2.2.0
   vqmver    : 2.4.1
   author    : omframework.com / braiv.com

File Name    : catalog/view/theme/*/template/product/search.tpl(0)
VQModObject::applyMod - SEARCH NOT FOUND (ABORTING MOD): <input type="button" value="<?php echo $button_cart; ?>" onclick="addToCart('<?php echo $product['product_id']; ?>');" class="button" />

----------------------------------------------------------------------


---------- Date: 2015-08-19 14:43:57 ~ IP : 42.156.139.11 ----------
REQUEST URI : /lyhpfb/index.php?page=1&amp;path=154&amp;route=product/category&amp;view=desktop
MOD DETAILS:
   modFile   : E:\xampp\htdocs\lyhpfb\vqmod/xml/zzz_omf_catalog.xml
   id        : OpenCart Mobile Framework
   version   : v2.2.0
   vqmver    : 2.4.1
   author    : omframework.com / braiv.com

File Name    : catalog/view/theme/*/template/product/category.tpl(0)
VQModObject::applyMod - SEARCH NOT FOUND (ABORTING MOD): <input type="button" value="<?php echo $button_cart; ?>" onclick="addToCart('<?php echo $product['product_id']; ?>');" class="button" />

----------------------------------------------------------------------


---------- Date: 2015-08-19 14:43:58 ~ IP : 42.120.160.11 ----------
REQUEST URI : /lyhpfb/index.php?filter_tag=&amp;page=31&amp;route=product/search
MOD DETAILS:
   modFile   : E:\xampp\htdocs\lyhpfb\vqmod/xml/zzz_omf_catalog.xml
   id        : OpenCart Mobile Framework
   version   : v2.2.0
   vqmver    : 2.4.1
   author    : omframework.com / braiv.com

File Name    : catalog/view/theme/*/template/product/search.tpl(0)
VQModObject::applyMod - SEARCH NOT FOUND (ABORTING MOD): <input type="button" value="<?php echo $button_cart; ?>" onclick="addToCart('<?php echo $product['product_id']; ?>');" class="button" />

----------------------------------------------------------------------


---------- Date: 2015-08-19 14:44:00 ~ IP : 42.156.138.11 ----------
REQUEST URI : /lyhpfb/index.php?page=1&amp;path=155&amp;route=product/category&amp;view=desktop
MOD DETAILS:
   modFile   : E:\xampp\htdocs\lyhpfb\vqmod/xml/zzz_omf_catalog.xml
   id        : OpenCart Mobile Framework
   version   : v2.2.0
   vqmver    : 2.4.1
   author    : omframework.com / braiv.com

File Name    : catalog/view/theme/*/template/product/category.tpl(0)
VQModObject::applyMod - SEARCH NOT FOUND (ABORTING MOD): <input type="button" value="<?php echo $button_cart; ?>" onclick="addToCart('<?php echo $product['product_id']; ?>');" class="button" />

----------------------------------------------------------------------


---------- Date: 2015-08-19 14:47:37 ~ IP : 42.120.160.11 ----------
REQUEST URI : /lyhpfb/index.php?filter_tag=24%E8%A2%8B/%E7%AE%B1&amp;route=product/search&amp;view=desktop
MOD DETAILS:
   modFile   : E:\xampp\htdocs\lyhpfb\vqmod/xml/zzz_omf_catalog.xml
   id        : OpenCart Mobile Framework
   version   : v2.2.0
   vqmver    : 2.4.1
   author    : omframework.com / braiv.com

File Name    : catalog/view/theme/*/template/product/search.tpl(0)
VQModObject::applyMod - SEARCH NOT FOUND (ABORTING MOD): <input type="button" value="<?php echo $button_cart; ?>" onclick="addToCart('<?php echo $product['product_id']; ?>');" class="button" />

----------------------------------------------------------------------


---------- Date: 2015-08-19 14:48:12 ~ IP : 42.156.137.11 ----------
REQUEST URI : /lyhpfb/index.php?page=3&amp;path=62_108&amp;route=product/category&amp;view=desktop
MOD DETAILS:
   modFile   : E:\xampp\htdocs\lyhpfb\vqmod/xml/zzz_omf_catalog.xml
   id        : OpenCart Mobile Framework
   version   : v2.2.0
   vqmver    : 2.4.1
   author    : omframework.com / braiv.com

File Name    : catalog/view/theme/*/template/product/category.tpl(0)
VQModObject::applyMod - SEARCH NOT FOUND (ABORTING MOD): <input type="button" value="<?php echo $button_cart; ?>" onclick="addToCart('<?php echo $product['product_id']; ?>');" class="button" />

----------------------------------------------------------------------


---------- Date: 2015-08-19 14:48:46 ~ IP : 42.156.139.11 ----------
REQUEST URI : /lyhpfb/index.php?page=8&amp;path=62&amp;route=product/category&amp;view=desktop
MOD DETAILS:
   modFile   : E:\xampp\htdocs\lyhpfb\vqmod/xml/zzz_omf_catalog.xml
   id        : OpenCart Mobile Framework
   version   : v2.2.0
   vqmver    : 2.4.1
   author    : omframework.com / braiv.com

File Name    : catalog/view/theme/*/template/product/category.tpl(0)
VQModObject::applyMod - SEARCH NOT FOUND (ABORTING MOD): <input type="button" value="<?php echo $button_cart; ?>" onclick="addToCart('<?php echo $product['product_id']; ?>');" class="button" />

----------------------------------------------------------------------


---------- Date: 2015-08-19 14:48:54 ~ IP : 42.156.137.11 ----------
REQUEST URI : /lyhpfb/index.php?filter_tag=16%E7%93%B6/%E7%AE%B1&amp;route=product/search&amp;view=desktop
MOD DETAILS:
   modFile   : E:\xampp\htdocs\lyhpfb\vqmod/xml/zzz_omf_catalog.xml
   id        : OpenCart Mobile Framework
   version   : v2.2.0
   vqmver    : 2.4.1
   author    : omframework.com / braiv.com

File Name    : catalog/view/theme/*/template/product/search.tpl(0)
VQModObject::applyMod - SEARCH NOT FOUND (ABORTING MOD): <input type="button" value="<?php echo $button_cart; ?>" onclick="addToCart('<?php echo $product['product_id']; ?>');" class="button" />

----------------------------------------------------------------------


---------- Date: 2015-08-19 14:49:38 ~ IP : 42.156.136.11 ----------
REQUEST URI : /lyhpfb/index.php?page=2&amp;path=76&amp;route=product/category
MOD DETAILS:
   modFile   : E:\xampp\htdocs\lyhpfb\vqmod/xml/zzz_omf_catalog.xml
   id        : OpenCart Mobile Framework
   version   : v2.2.0
   vqmver    : 2.4.1
   author    : omframework.com / braiv.com

File Name    : catalog/view/theme/*/template/product/category.tpl(0)
VQModObject::applyMod - SEARCH NOT FOUND (ABORTING MOD): <input type="button" value="<?php echo $button_cart; ?>" onclick="addToCart('<?php echo $product['product_id']; ?>');" class="button" />

----------------------------------------------------------------------


---------- Date: 2015-08-19 14:49:59 ~ IP : 42.120.161.11 ----------
REQUEST URI : /lyhpfb/index.php?filter_tag=&amp;page=44&amp;route=product/search&amp;view=desktop
MOD DETAILS:
   modFile   : E:\xampp\htdocs\lyhpfb\vqmod/xml/zzz_omf_catalog.xml
   id        : OpenCart Mobile Framework
   version   : v2.2.0
   vqmver    : 2.4.1
   author    : omframework.com / braiv.com

File Name    : catalog/view/theme/*/template/product/search.tpl(0)
VQModObject::applyMod - SEARCH NOT FOUND (ABORTING MOD): <input type="button" value="<?php echo $button_cart; ?>" onclick="addToCart('<?php echo $product['product_id']; ?>');" class="button" />

----------------------------------------------------------------------


---------- Date: 2015-08-19 14:51:34 ~ IP : 42.156.137.11 ----------
REQUEST URI : /lyhpfb/index.php?page=6&amp;path=71_131&amp;route=product/category
MOD DETAILS:
   modFile   : E:\xampp\htdocs\lyhpfb\vqmod/xml/zzz_omf_catalog.xml
   id        : OpenCart Mobile Framework
   version   : v2.2.0
   vqmver    : 2.4.1
   author    : omframework.com / braiv.com

File Name    : catalog/view/theme/*/template/product/category.tpl(0)
VQModObject::applyMod - SEARCH NOT FOUND (ABORTING MOD): <input type="button" value="<?php echo $button_cart; ?>" onclick="addToCart('<?php echo $product['product_id']; ?>');" class="button" />

----------------------------------------------------------------------


---------- Date: 2015-08-19 14:51:37 ~ IP : 42.120.161.11 ----------
REQUEST URI : /lyhpfb/index.php?page=3&amp;path=76_145&amp;route=product/category
MOD DETAILS:
   modFile   : E:\xampp\htdocs\lyhpfb\vqmod/xml/zzz_omf_catalog.xml
   id        : OpenCart Mobile Framework
   version   : v2.2.0
   vqmver    : 2.4.1
   author    : omframework.com / braiv.com

File Name    : catalog/view/theme/*/template/product/category.tpl(0)
VQModObject::applyMod - SEARCH NOT FOUND (ABORTING MOD): <input type="button" value="<?php echo $button_cart; ?>" onclick="addToCart('<?php echo $product['product_id']; ?>');" class="button" />

----------------------------------------------------------------------


---------- Date: 2015-08-19 14:51:39 ~ IP : 42.120.160.11 ----------
REQUEST URI : /lyhpfb/index.php?page=6&amp;path=62&amp;route=product/category
MOD DETAILS:
   modFile   : E:\xampp\htdocs\lyhpfb\vqmod/xml/zzz_omf_catalog.xml
   id        : OpenCart Mobile Framework
   version   : v2.2.0
   vqmver    : 2.4.1
   author    : omframework.com / braiv.com

File Name    : catalog/view/theme/*/template/product/category.tpl(0)
VQModObject::applyMod - SEARCH NOT FOUND (ABORTING MOD): <input type="button" value="<?php echo $button_cart; ?>" onclick="addToCart('<?php echo $product['product_id']; ?>');" class="button" />

----------------------------------------------------------------------


---------- Date: 2015-08-19 14:52:27 ~ IP : 42.156.136.11 ----------
REQUEST URI : /lyhpfb/index.php?filter_tag=&amp;page=44&amp;route=product/search
MOD DETAILS:
   modFile   : E:\xampp\htdocs\lyhpfb\vqmod/xml/zzz_omf_catalog.xml
   id        : OpenCart Mobile Framework
   version   : v2.2.0
   vqmver    : 2.4.1
   author    : omframework.com / braiv.com

File Name    : catalog/view/theme/*/template/product/search.tpl(0)
VQModObject::applyMod - SEARCH NOT FOUND (ABORTING MOD): <input type="button" value="<?php echo $button_cart; ?>" onclick="addToCart('<?php echo $product['product_id']; ?>');" class="button" />

----------------------------------------------------------------------


---------- Date: 2015-08-19 14:52:27 ~ IP : 42.156.137.11 ----------
REQUEST URI : /lyhpfb/index.php?path=62_107&amp;route=product/category
MOD DETAILS:
   modFile   : E:\xampp\htdocs\lyhpfb\vqmod/xml/zzz_omf_catalog.xml
   id        : OpenCart Mobile Framework
   version   : v2.2.0
   vqmver    : 2.4.1
   author    : omframework.com / braiv.com

File Name    : catalog/view/theme/*/template/product/category.tpl(0)
VQModObject::applyMod - SEARCH NOT FOUND (ABORTING MOD): <input type="button" value="<?php echo $button_cart; ?>" onclick="addToCart('<?php echo $product['product_id']; ?>');" class="button" />

----------------------------------------------------------------------


---------- Date: 2015-08-19 14:52:31 ~ IP : 42.156.138.11 ----------
REQUEST URI : /lyhpfb/index.php?path=206&amp;route=product/category&amp;view=desktop
MOD DETAILS:
   modFile   : E:\xampp\htdocs\lyhpfb\vqmod/xml/zzz_omf_catalog.xml
   id        : OpenCart Mobile Framework
   version   : v2.2.0
   vqmver    : 2.4.1
   author    : omframework.com / braiv.com

File Name    : catalog/view/theme/*/template/product/category.tpl(0)
VQModObject::applyMod - SEARCH NOT FOUND (ABORTING MOD): <input type="button" value="<?php echo $button_cart; ?>" onclick="addToCart('<?php echo $product['product_id']; ?>');" class="button" />

----------------------------------------------------------------------


---------- Date: 2015-08-19 14:53:07 ~ IP : 42.156.137.11 ----------
REQUEST URI : /lyhpfb/index.php?filter_tag=555ml*24%E7%93%B6&amp;route=product/search
MOD DETAILS:
   modFile   : E:\xampp\htdocs\lyhpfb\vqmod/xml/zzz_omf_catalog.xml
   id        : OpenCart Mobile Framework
   version   : v2.2.0
   vqmver    : 2.4.1
   author    : omframework.com / braiv.com

File Name    : catalog/view/theme/*/template/product/search.tpl(0)
VQModObject::applyMod - SEARCH NOT FOUND (ABORTING MOD): <input type="button" value="<?php echo $button_cart; ?>" onclick="addToCart('<?php echo $product['product_id']; ?>');" class="button" />

----------------------------------------------------------------------


---------- Date: 2015-08-19 14:53:53 ~ IP : 42.156.136.11 ----------
REQUEST URI : /lyhpfb/index.php?path=62_113&amp;route=product/category&amp;view=desktop
MOD DETAILS:
   modFile   : E:\xampp\htdocs\lyhpfb\vqmod/xml/zzz_omf_catalog.xml
   id        : OpenCart Mobile Framework
   version   : v2.2.0
   vqmver    : 2.4.1
   author    : omframework.com / braiv.com

File Name    : catalog/view/theme/*/template/product/category.tpl(0)
VQModObject::applyMod - SEARCH NOT FOUND (ABORTING MOD): <input type="button" value="<?php echo $button_cart; ?>" onclick="addToCart('<?php echo $product['product_id']; ?>');" class="button" />

----------------------------------------------------------------------


---------- Date: 2015-08-19 14:54:35 ~ IP : 42.156.137.11 ----------
REQUEST URI : /lyhpfb/index.php?page=7&amp;path=62_109&amp;route=product/category&amp;view=desktop
MOD DETAILS:
   modFile   : E:\xampp\htdocs\lyhpfb\vqmod/xml/zzz_omf_catalog.xml
   id        : OpenCart Mobile Framework
   version   : v2.2.0
   vqmver    : 2.4.1
   author    : omframework.com / braiv.com

File Name    : catalog/view/theme/*/template/product/category.tpl(0)
VQModObject::applyMod - SEARCH NOT FOUND (ABORTING MOD): <input type="button" value="<?php echo $button_cart; ?>" onclick="addToCart('<?php echo $product['product_id']; ?>');" class="button" />

----------------------------------------------------------------------


---------- Date: 2015-08-19 14:54:54 ~ IP : 42.120.160.11 ----------
REQUEST URI : /lyhpfb/index.php?filter_tag=&amp;page=43&amp;route=product/search
MOD DETAILS:
   modFile   : E:\xampp\htdocs\lyhpfb\vqmod/xml/zzz_omf_catalog.xml
   id        : OpenCart Mobile Framework
   version   : v2.2.0
   vqmver    : 2.4.1
   author    : omframework.com / braiv.com

File Name    : catalog/view/theme/*/template/product/search.tpl(0)
VQModObject::applyMod - SEARCH NOT FOUND (ABORTING MOD): <input type="button" value="<?php echo $button_cart; ?>" onclick="addToCart('<?php echo $product['product_id']; ?>');" class="button" />

----------------------------------------------------------------------


---------- Date: 2015-08-19 16:15:12 ~ IP : 101.226.169.216 ----------
REQUEST URI : /lyhpfb/index.php?filter_tag&amp;page=39&amp;route=product/search
MOD DETAILS:
   modFile   : E:\xampp\htdocs\lyhpfb\vqmod/xml/zzz_omf_catalog.xml
   id        : OpenCart Mobile Framework
   version   : v2.2.0
   vqmver    : 2.4.1
   author    : omframework.com / braiv.com

File Name    : catalog/view/theme/*/template/product/search.tpl(0)
VQModObject::applyMod - SEARCH NOT FOUND (ABORTING MOD): <input type="button" value="<?php echo $button_cart; ?>" onclick="addToCart('<?php echo $product['product_id']; ?>');" class="button" />

----------------------------------------------------------------------


---------- Date: 2015-08-19 18:35:29 ~ IP : 66.249.69.38 ----------
REQUEST URI : /lyhpfb/index.php?route=product/category&amp;path=153&amp;page=1&amp;view=desktop
MOD DETAILS:
   modFile   : E:\xampp\htdocs\lyhpfb\vqmod/xml/zzz_omf_catalog.xml
   id        : OpenCart Mobile Framework
   version   : v2.2.0
   vqmver    : 2.4.1
   author    : omframework.com / braiv.com

File Name    : catalog/view/theme/*/template/product/category.tpl(0)
VQModObject::applyMod - SEARCH NOT FOUND (ABORTING MOD): <input type="button" value="<?php echo $button_cart; ?>" onclick="addToCart('<?php echo $product['product_id']; ?>');" class="button" />

----------------------------------------------------------------------


---------- Date: 2015-08-19 19:19:40 ~ IP : 101.226.168.204 ----------
REQUEST URI : /lyhpfb/index.php?filter_tag&amp;page=41&amp;route=product/search
MOD DETAILS:
   modFile   : E:\xampp\htdocs\lyhpfb\vqmod/xml/zzz_omf_catalog.xml
   id        : OpenCart Mobile Framework
   version   : v2.2.0
   vqmver    : 2.4.1
   author    : omframework.com / braiv.com

File Name    : catalog/view/theme/*/template/product/search.tpl(0)
VQModObject::applyMod - SEARCH NOT FOUND (ABORTING MOD): <input type="button" value="<?php echo $button_cart; ?>" onclick="addToCart('<?php echo $product['product_id']; ?>');" class="button" />

----------------------------------------------------------------------


---------- Date: 2015-08-19 23:03:57 ~ IP : 66.249.69.22 ----------
REQUEST URI : /lyhpfb/index.php?route=product/search&amp;filter_tag=60%E5%9D%97/%E7%AE%B1
MOD DETAILS:
   modFile   : E:\xampp\htdocs\lyhpfb\vqmod/xml/zzz_omf_catalog.xml
   id        : OpenCart Mobile Framework
   version   : v2.2.0
   vqmver    : 2.4.1
   author    : omframework.com / braiv.com

File Name    : catalog/view/theme/*/template/product/search.tpl(0)
VQModObject::applyMod - SEARCH NOT FOUND (ABORTING MOD): <input type="button" value="<?php echo $button_cart; ?>" onclick="addToCart('<?php echo $product['product_id']; ?>');" class="button" />

----------------------------------------------------------------------


---------- Date: 2015-08-19 23:08:54 ~ IP : 66.249.69.30 ----------
REQUEST URI : /lyhpfb/index.php?route=product/search&amp;filter_tag=60%E5%9D%97%2F%E7%AE%B1
MOD DETAILS:
   modFile   : E:\xampp\htdocs\lyhpfb\vqmod/xml/zzz_omf_catalog.xml
   id        : OpenCart Mobile Framework
   version   : v2.2.0
   vqmver    : 2.4.1
   author    : omframework.com / braiv.com

File Name    : catalog/view/theme/*/template/product/search.tpl(0)
VQModObject::applyMod - SEARCH NOT FOUND (ABORTING MOD): <input type="button" value="<?php echo $button_cart; ?>" onclick="addToCart('<?php echo $product['product_id']; ?>');" class="button" />

----------------------------------------------------------------------


