---------- Date: 2015-08-20 00:18:38 ~ IP : 66.249.69.38 ----------
REQUEST URI : /lyhpfb/index.php?route=product/search&amp;filter_tag=&amp;page=8
MOD DETAILS:
   modFile   : E:\xampp\htdocs\lyhpfb\vqmod/xml/zzz_omf_catalog.xml
   id        : OpenCart Mobile Framework
   version   : v2.2.0
   vqmver    : 2.4.1
   author    : omframework.com / braiv.com

File Name    : catalog/view/theme/*/template/product/search.tpl(0)
VQModObject::applyMod - SEARCH NOT FOUND (ABORTING MOD): <input type="button" value="<?php echo $button_cart; ?>" onclick="addToCart('<?php echo $product['product_id']; ?>');" class="button" />

----------------------------------------------------------------------


---------- Date: 2015-08-20 00:35:46 ~ IP : 220.181.108.87 ----------
REQUEST URI : /lyhpfb/index.php?route=product/search&amp;filter_tag=48%E5%8C%85/%E7%AE%B1
MOD DETAILS:
   modFile   : E:\xampp\htdocs\lyhpfb\vqmod/xml/zzz_omf_catalog.xml
   id        : OpenCart Mobile Framework
   version   : v2.2.0
   vqmver    : 2.4.1
   author    : omframework.com / braiv.com

File Name    : catalog/view/theme/*/template/product/search.tpl(0)
VQModObject::applyMod - SEARCH NOT FOUND (ABORTING MOD): <input type="button" value="<?php echo $button_cart; ?>" onclick="addToCart('<?php echo $product['product_id']; ?>');" class="button" />

----------------------------------------------------------------------


---------- Date: 2015-08-20 03:53:17 ~ IP : 182.118.21.232 ----------
REQUEST URI : /lyhpfb/index.php?filter_tag&amp;limit=20&amp;page=23&amp;route=product/search
MOD DETAILS:
   modFile   : E:\xampp\htdocs\lyhpfb\vqmod/xml/zzz_omf_catalog.xml
   id        : OpenCart Mobile Framework
   version   : v2.2.0
   vqmver    : 2.4.1
   author    : omframework.com / braiv.com

File Name    : catalog/view/theme/*/template/product/search.tpl(0)
VQModObject::applyMod - SEARCH NOT FOUND (ABORTING MOD): <input type="button" value="<?php echo $button_cart; ?>" onclick="addToCart('<?php echo $product['product_id']; ?>');" class="button" />

----------------------------------------------------------------------


---------- Date: 2015-08-20 04:14:29 ~ IP : 182.118.22.245 ----------
REQUEST URI : /lyhpfb/index.php?filter_tag&amp;limit=25&amp;page=8&amp;route=product/search
MOD DETAILS:
   modFile   : E:\xampp\htdocs\lyhpfb\vqmod/xml/zzz_omf_catalog.xml
   id        : OpenCart Mobile Framework
   version   : v2.2.0
   vqmver    : 2.4.1
   author    : omframework.com / braiv.com

File Name    : catalog/view/theme/*/template/product/search.tpl(0)
VQModObject::applyMod - SEARCH NOT FOUND (ABORTING MOD): <input type="button" value="<?php echo $button_cart; ?>" onclick="addToCart('<?php echo $product['product_id']; ?>');" class="button" />

----------------------------------------------------------------------


---------- Date: 2015-08-20 04:16:38 ~ IP : 182.118.25.217 ----------
REQUEST URI : /lyhpfb/index.php?filter_tag&amp;limit=75&amp;page=10&amp;route=product/search
MOD DETAILS:
   modFile   : E:\xampp\htdocs\lyhpfb\vqmod/xml/zzz_omf_catalog.xml
   id        : OpenCart Mobile Framework
   version   : v2.2.0
   vqmver    : 2.4.1
   author    : omframework.com / braiv.com

File Name    : catalog/view/theme/*/template/product/search.tpl(0)
VQModObject::applyMod - SEARCH NOT FOUND (ABORTING MOD): <input type="button" value="<?php echo $button_cart; ?>" onclick="addToCart('<?php echo $product['product_id']; ?>');" class="button" />

----------------------------------------------------------------------


---------- Date: 2015-08-20 04:18:13 ~ IP : 182.118.22.202 ----------
REQUEST URI : /lyhpfb/index.php?filter_tag&amp;limit=75&amp;page=12&amp;route=product/search
MOD DETAILS:
   modFile   : E:\xampp\htdocs\lyhpfb\vqmod/xml/zzz_omf_catalog.xml
   id        : OpenCart Mobile Framework
   version   : v2.2.0
   vqmver    : 2.4.1
   author    : omframework.com / braiv.com

File Name    : catalog/view/theme/*/template/product/search.tpl(0)
VQModObject::applyMod - SEARCH NOT FOUND (ABORTING MOD): <input type="button" value="<?php echo $button_cart; ?>" onclick="addToCart('<?php echo $product['product_id']; ?>');" class="button" />

----------------------------------------------------------------------


---------- Date: 2015-08-20 04:18:44 ~ IP : 182.118.22.212 ----------
REQUEST URI : /lyhpfb/index.php?filter_tag&amp;page=15&amp;route=product/search
MOD DETAILS:
   modFile   : E:\xampp\htdocs\lyhpfb\vqmod/xml/zzz_omf_catalog.xml
   id        : OpenCart Mobile Framework
   version   : v2.2.0
   vqmver    : 2.4.1
   author    : omframework.com / braiv.com

File Name    : catalog/view/theme/*/template/product/search.tpl(0)
VQModObject::applyMod - SEARCH NOT FOUND (ABORTING MOD): <input type="button" value="<?php echo $button_cart; ?>" onclick="addToCart('<?php echo $product['product_id']; ?>');" class="button" />

----------------------------------------------------------------------


---------- Date: 2015-08-20 04:20:04 ~ IP : 182.118.21.211 ----------
REQUEST URI : /lyhpfb/index.php?filter_tag&amp;limit=75&amp;page=3&amp;route=product/search
MOD DETAILS:
   modFile   : E:\xampp\htdocs\lyhpfb\vqmod/xml/zzz_omf_catalog.xml
   id        : OpenCart Mobile Framework
   version   : v2.2.0
   vqmver    : 2.4.1
   author    : omframework.com / braiv.com

File Name    : catalog/view/theme/*/template/product/search.tpl(0)
VQModObject::applyMod - SEARCH NOT FOUND (ABORTING MOD): <input type="button" value="<?php echo $button_cart; ?>" onclick="addToCart('<?php echo $product['product_id']; ?>');" class="button" />

----------------------------------------------------------------------


---------- Date: 2015-08-20 04:23:38 ~ IP : 182.118.25.214 ----------
REQUEST URI : /lyhpfb/index.php?filter_tag=24%E6%94%AF/%E4%BB%B6&amp;route=product/search
MOD DETAILS:
   modFile   : E:\xampp\htdocs\lyhpfb\vqmod/xml/zzz_omf_catalog.xml
   id        : OpenCart Mobile Framework
   version   : v2.2.0
   vqmver    : 2.4.1
   author    : omframework.com / braiv.com

File Name    : catalog/view/theme/*/template/product/search.tpl(0)
VQModObject::applyMod - SEARCH NOT FOUND (ABORTING MOD): <input type="button" value="<?php echo $button_cart; ?>" onclick="addToCart('<?php echo $product['product_id']; ?>');" class="button" />

----------------------------------------------------------------------


---------- Date: 2015-08-20 04:28:12 ~ IP : 182.118.21.213 ----------
REQUEST URI : /lyhpfb/index.php?filter_tag=10%E6%94%AF/%E6%9D%BF&amp;route=product/search
MOD DETAILS:
   modFile   : E:\xampp\htdocs\lyhpfb\vqmod/xml/zzz_omf_catalog.xml
   id        : OpenCart Mobile Framework
   version   : v2.2.0
   vqmver    : 2.4.1
   author    : omframework.com / braiv.com

File Name    : catalog/view/theme/*/template/product/search.tpl(0)
VQModObject::applyMod - SEARCH NOT FOUND (ABORTING MOD): <input type="button" value="<?php echo $button_cart; ?>" onclick="addToCart('<?php echo $product['product_id']; ?>');" class="button" />

----------------------------------------------------------------------


---------- Date: 2015-08-20 04:29:52 ~ IP : 182.118.20.225 ----------
REQUEST URI : /lyhpfb/index.php?filter_tag=12%E7%93%B6/%E7%AE%B1&amp;route=product/search
MOD DETAILS:
   modFile   : E:\xampp\htdocs\lyhpfb\vqmod/xml/zzz_omf_catalog.xml
   id        : OpenCart Mobile Framework
   version   : v2.2.0
   vqmver    : 2.4.1
   author    : omframework.com / braiv.com

File Name    : catalog/view/theme/*/template/product/search.tpl(0)
VQModObject::applyMod - SEARCH NOT FOUND (ABORTING MOD): <input type="button" value="<?php echo $button_cart; ?>" onclick="addToCart('<?php echo $product['product_id']; ?>');" class="button" />

----------------------------------------------------------------------


---------- Date: 2015-08-20 04:32:39 ~ IP : 182.118.20.231 ----------
REQUEST URI : /lyhpfb/index.php?limit=75&amp;path=158&amp;route=product/category
MOD DETAILS:
   modFile   : E:\xampp\htdocs\lyhpfb\vqmod/xml/zzz_omf_catalog.xml
   id        : OpenCart Mobile Framework
   version   : v2.2.0
   vqmver    : 2.4.1
   author    : omframework.com / braiv.com

File Name    : catalog/view/theme/*/template/product/category.tpl(0)
VQModObject::applyMod - SEARCH NOT FOUND (ABORTING MOD): <input type="button" value="<?php echo $button_cart; ?>" onclick="addToCart('<?php echo $product['product_id']; ?>');" class="button" />

----------------------------------------------------------------------


---------- Date: 2015-08-20 04:40:13 ~ IP : 182.118.20.170 ----------
REQUEST URI : /lyhpfb/index.php?page=1&amp;path=157&amp;route=product/category
MOD DETAILS:
   modFile   : E:\xampp\htdocs\lyhpfb\vqmod/xml/zzz_omf_catalog.xml
   id        : OpenCart Mobile Framework
   version   : v2.2.0
   vqmver    : 2.4.1
   author    : omframework.com / braiv.com

File Name    : catalog/view/theme/*/template/product/category.tpl(0)
VQModObject::applyMod - SEARCH NOT FOUND (ABORTING MOD): <input type="button" value="<?php echo $button_cart; ?>" onclick="addToCart('<?php echo $product['product_id']; ?>');" class="button" />

----------------------------------------------------------------------


---------- Date: 2015-08-20 04:41:19 ~ IP : 182.118.21.215 ----------
REQUEST URI : /lyhpfb/index.php?path=62_115&amp;route=product/category
MOD DETAILS:
   modFile   : E:\xampp\htdocs\lyhpfb\vqmod/xml/zzz_omf_catalog.xml
   id        : OpenCart Mobile Framework
   version   : v2.2.0
   vqmver    : 2.4.1
   author    : omframework.com / braiv.com

File Name    : catalog/view/theme/*/template/product/category.tpl(0)
VQModObject::applyMod - SEARCH NOT FOUND (ABORTING MOD): <input type="button" value="<?php echo $button_cart; ?>" onclick="addToCart('<?php echo $product['product_id']; ?>');" class="button" />

----------------------------------------------------------------------


---------- Date: 2015-08-20 04:41:41 ~ IP : 182.118.20.203 ----------
REQUEST URI : /lyhpfb/index.php?path=62_111&amp;route=product/category
MOD DETAILS:
   modFile   : E:\xampp\htdocs\lyhpfb\vqmod/xml/zzz_omf_catalog.xml
   id        : OpenCart Mobile Framework
   version   : v2.2.0
   vqmver    : 2.4.1
   author    : omframework.com / braiv.com

File Name    : catalog/view/theme/*/template/product/category.tpl(0)
VQModObject::applyMod - SEARCH NOT FOUND (ABORTING MOD): <input type="button" value="<?php echo $button_cart; ?>" onclick="addToCart('<?php echo $product['product_id']; ?>');" class="button" />

----------------------------------------------------------------------


---------- Date: 2015-08-20 04:42:05 ~ IP : 182.118.20.225 ----------
REQUEST URI : /lyhpfb/index.php?path=62_112&amp;route=product/category
MOD DETAILS:
   modFile   : E:\xampp\htdocs\lyhpfb\vqmod/xml/zzz_omf_catalog.xml
   id        : OpenCart Mobile Framework
   version   : v2.2.0
   vqmver    : 2.4.1
   author    : omframework.com / braiv.com

File Name    : catalog/view/theme/*/template/product/category.tpl(0)
VQModObject::applyMod - SEARCH NOT FOUND (ABORTING MOD): <input type="button" value="<?php echo $button_cart; ?>" onclick="addToCart('<?php echo $product['product_id']; ?>');" class="button" />

----------------------------------------------------------------------


---------- Date: 2015-08-20 04:55:48 ~ IP : 182.118.20.166 ----------
REQUEST URI : /lyhpfb/index.php?path=62_118&amp;route=product/category
MOD DETAILS:
   modFile   : E:\xampp\htdocs\lyhpfb\vqmod/xml/zzz_omf_catalog.xml
   id        : OpenCart Mobile Framework
   version   : v2.2.0
   vqmver    : 2.4.1
   author    : omframework.com / braiv.com

File Name    : catalog/view/theme/*/template/product/category.tpl(0)
VQModObject::applyMod - SEARCH NOT FOUND (ABORTING MOD): <input type="button" value="<?php echo $button_cart; ?>" onclick="addToCart('<?php echo $product['product_id']; ?>');" class="button" />

----------------------------------------------------------------------


---------- Date: 2015-08-20 05:12:02 ~ IP : 182.118.22.219 ----------
REQUEST URI : /lyhpfb/index.php?path=62_114&amp;route=product/category
MOD DETAILS:
   modFile   : E:\xampp\htdocs\lyhpfb\vqmod/xml/zzz_omf_catalog.xml
   id        : OpenCart Mobile Framework
   version   : v2.2.0
   vqmver    : 2.4.1
   author    : omframework.com / braiv.com

File Name    : catalog/view/theme/*/template/product/category.tpl(0)
VQModObject::applyMod - SEARCH NOT FOUND (ABORTING MOD): <input type="button" value="<?php echo $button_cart; ?>" onclick="addToCart('<?php echo $product['product_id']; ?>');" class="button" />

----------------------------------------------------------------------


---------- Date: 2015-08-20 06:36:11 ~ IP : 101.226.168.239 ----------
REQUEST URI : /lyhpfb/index.php?filter_tag&amp;limit=50&amp;page=7&amp;route=product/search
MOD DETAILS:
   modFile   : E:\xampp\htdocs\lyhpfb\vqmod/xml/zzz_omf_catalog.xml
   id        : OpenCart Mobile Framework
   version   : v2.2.0
   vqmver    : 2.4.1
   author    : omframework.com / braiv.com

File Name    : catalog/view/theme/*/template/product/search.tpl(0)
VQModObject::applyMod - SEARCH NOT FOUND (ABORTING MOD): <input type="button" value="<?php echo $button_cart; ?>" onclick="addToCart('<?php echo $product['product_id']; ?>');" class="button" />

----------------------------------------------------------------------


---------- Date: 2015-08-20 10:56:59 ~ IP : 106.38.241.115 ----------
REQUEST URI : /lyhpfb/index.php?route=product/category&amp;path=60
MOD DETAILS:
   modFile   : E:\xampp\htdocs\lyhpfb\vqmod/xml/zzz_omf_catalog.xml
   id        : OpenCart Mobile Framework
   version   : v2.2.0
   vqmver    : 2.4.1
   author    : omframework.com / braiv.com

File Name    : catalog/view/theme/*/template/product/category.tpl(0)
VQModObject::applyMod - SEARCH NOT FOUND (ABORTING MOD): <input type="button" value="<?php echo $button_cart; ?>" onclick="addToCart('<?php echo $product['product_id']; ?>');" class="button" />

----------------------------------------------------------------------


---------- Date: 2015-08-20 10:57:40 ~ IP : 106.38.241.115 ----------
REQUEST URI : /lyhpfb/index.php?route=product/category&amp;path=73_169&amp;view=desktop
MOD DETAILS:
   modFile   : E:\xampp\htdocs\lyhpfb\vqmod/xml/zzz_omf_catalog.xml
   id        : OpenCart Mobile Framework
   version   : v2.2.0
   vqmver    : 2.4.1
   author    : omframework.com / braiv.com

File Name    : catalog/view/theme/*/template/product/category.tpl(0)
VQModObject::applyMod - SEARCH NOT FOUND (ABORTING MOD): <input type="button" value="<?php echo $button_cart; ?>" onclick="addToCart('<?php echo $product['product_id']; ?>');" class="button" />

----------------------------------------------------------------------


---------- Date: 2015-08-20 11:32:24 ~ IP : 117.136.75.181 ----------
REQUEST URI : /lyhpfb/index.php?route=product/category&amp;path=157
MOD DETAILS:
   modFile   : E:\xampp\htdocs\lyhpfb\vqmod/xml/zzz_omf_catalog.xml
   id        : OpenCart Mobile Framework
   version   : v2.2.0
   vqmver    : 2.4.1
   author    : omframework.com / braiv.com

File Name    : catalog/view/theme/*/template/product/category.tpl(0)
VQModObject::applyMod - SEARCH NOT FOUND (ABORTING MOD): <input type="button" value="<?php echo $button_cart; ?>" onclick="addToCart('<?php echo $product['product_id']; ?>');" class="button" />

----------------------------------------------------------------------


---------- Date: 2015-08-20 11:32:49 ~ IP : 117.136.75.181 ----------
REQUEST URI : /lyhpfb/index.php?route=product/category&amp;path=207
MOD DETAILS:
   modFile   : E:\xampp\htdocs\lyhpfb\vqmod/xml/zzz_omf_catalog.xml
   id        : OpenCart Mobile Framework
   version   : v2.2.0
   vqmver    : 2.4.1
   author    : omframework.com / braiv.com

File Name    : catalog/view/theme/*/template/product/category.tpl(0)
VQModObject::applyMod - SEARCH NOT FOUND (ABORTING MOD): <input type="button" value="<?php echo $button_cart; ?>" onclick="addToCart('<?php echo $product['product_id']; ?>');" class="button" />

----------------------------------------------------------------------


---------- Date: 2015-08-20 11:33:15 ~ IP : 117.136.75.181 ----------
REQUEST URI : /lyhpfb/index.php?route=product/category&amp;path=195
MOD DETAILS:
   modFile   : E:\xampp\htdocs\lyhpfb\vqmod/xml/zzz_omf_catalog.xml
   id        : OpenCart Mobile Framework
   version   : v2.2.0
   vqmver    : 2.4.1
   author    : omframework.com / braiv.com

File Name    : catalog/view/theme/*/template/product/category.tpl(0)
VQModObject::applyMod - SEARCH NOT FOUND (ABORTING MOD): <input type="button" value="<?php echo $button_cart; ?>" onclick="addToCart('<?php echo $product['product_id']; ?>');" class="button" />

----------------------------------------------------------------------


---------- Date: 2015-08-20 14:20:10 ~ IP : 66.249.69.38 ----------
REQUEST URI : /lyhpfb/index.php?route=product/category&amp;path=157
MOD DETAILS:
   modFile   : E:\xampp\htdocs\lyhpfb\vqmod/xml/zzz_omf_catalog.xml
   id        : OpenCart Mobile Framework
   version   : v2.2.0
   vqmver    : 2.4.1
   author    : omframework.com / braiv.com

File Name    : catalog/view/theme/*/template/product/category.tpl(0)
VQModObject::applyMod - SEARCH NOT FOUND (ABORTING MOD): <input type="button" value="<?php echo $button_cart; ?>" onclick="addToCart('<?php echo $product['product_id']; ?>');" class="button" />

----------------------------------------------------------------------


---------- Date: 2015-08-20 14:26:35 ~ IP : 66.249.69.30 ----------
REQUEST URI : /lyhpfb/index.php?route=product/category&amp;path=157
MOD DETAILS:
   modFile   : E:\xampp\htdocs\lyhpfb\vqmod/xml/zzz_omf_catalog.xml
   id        : OpenCart Mobile Framework
   version   : v2.2.0
   vqmver    : 2.4.1
   author    : omframework.com / braiv.com

File Name    : catalog/view/theme/*/template/product/category.tpl(0)
VQModObject::applyMod - SEARCH NOT FOUND (ABORTING MOD): <input type="button" value="<?php echo $button_cart; ?>" onclick="addToCart('<?php echo $product['product_id']; ?>');" class="button" />

----------------------------------------------------------------------


---------- Date: 2015-08-20 14:32:28 ~ IP : 66.249.69.22 ----------
REQUEST URI : /lyhpfb/index.php?route=product/category&amp;path=157
MOD DETAILS:
   modFile   : E:\xampp\htdocs\lyhpfb\vqmod/xml/zzz_omf_catalog.xml
   id        : OpenCart Mobile Framework
   version   : v2.2.0
   vqmver    : 2.4.1
   author    : omframework.com / braiv.com

File Name    : catalog/view/theme/*/template/product/category.tpl(0)
VQModObject::applyMod - SEARCH NOT FOUND (ABORTING MOD): <input type="button" value="<?php echo $button_cart; ?>" onclick="addToCart('<?php echo $product['product_id']; ?>');" class="button" />

----------------------------------------------------------------------


---------- Date: 2015-08-20 14:58:39 ~ IP : 42.120.160.11 ----------
REQUEST URI : /lyhpfb/index.php?filter_tag=&amp;page=29&amp;route=product/search
MOD DETAILS:
   modFile   : E:\xampp\htdocs\lyhpfb\vqmod/xml/zzz_omf_catalog.xml
   id        : OpenCart Mobile Framework
   version   : v2.2.0
   vqmver    : 2.4.1
   author    : omframework.com / braiv.com

File Name    : catalog/view/theme/*/template/product/search.tpl(0)
VQModObject::applyMod - SEARCH NOT FOUND (ABORTING MOD): <input type="button" value="<?php echo $button_cart; ?>" onclick="addToCart('<?php echo $product['product_id']; ?>');" class="button" />

----------------------------------------------------------------------


---------- Date: 2015-08-20 14:58:39 ~ IP : 42.156.137.11 ----------
REQUEST URI : /lyhpfb/index.php?filter_tag=&amp;page=34&amp;route=product/search
MOD DETAILS:
   modFile   : E:\xampp\htdocs\lyhpfb\vqmod/xml/zzz_omf_catalog.xml
   id        : OpenCart Mobile Framework
   version   : v2.2.0
   vqmver    : 2.4.1
   author    : omframework.com / braiv.com

File Name    : catalog/view/theme/*/template/product/search.tpl(0)
VQModObject::applyMod - SEARCH NOT FOUND (ABORTING MOD): <input type="button" value="<?php echo $button_cart; ?>" onclick="addToCart('<?php echo $product['product_id']; ?>');" class="button" />

----------------------------------------------------------------------


---------- Date: 2015-08-20 14:58:42 ~ IP : 42.120.161.11 ----------
REQUEST URI : /lyhpfb/index.php?page=1&amp;path=62&amp;route=product/category
MOD DETAILS:
   modFile   : E:\xampp\htdocs\lyhpfb\vqmod/xml/zzz_omf_catalog.xml
   id        : OpenCart Mobile Framework
   version   : v2.2.0
   vqmver    : 2.4.1
   author    : omframework.com / braiv.com

File Name    : catalog/view/theme/*/template/product/category.tpl(0)
VQModObject::applyMod - SEARCH NOT FOUND (ABORTING MOD): <input type="button" value="<?php echo $button_cart; ?>" onclick="addToCart('<?php echo $product['product_id']; ?>');" class="button" />

----------------------------------------------------------------------


---------- Date: 2015-08-20 14:58:42 ~ IP : 42.156.139.11 ----------
REQUEST URI : /lyhpfb/index.php?page=2&amp;path=62_109&amp;route=product/category&amp;view=desktop
MOD DETAILS:
   modFile   : E:\xampp\htdocs\lyhpfb\vqmod/xml/zzz_omf_catalog.xml
   id        : OpenCart Mobile Framework
   version   : v2.2.0
   vqmver    : 2.4.1
   author    : omframework.com / braiv.com

File Name    : catalog/view/theme/*/template/product/category.tpl(0)
VQModObject::applyMod - SEARCH NOT FOUND (ABORTING MOD): <input type="button" value="<?php echo $button_cart; ?>" onclick="addToCart('<?php echo $product['product_id']; ?>');" class="button" />

----------------------------------------------------------------------


---------- Date: 2015-08-20 14:58:45 ~ IP : 42.156.136.11 ----------
REQUEST URI : /lyhpfb/index.php?path=62&amp;route=product/category&amp;view=desktop
MOD DETAILS:
   modFile   : E:\xampp\htdocs\lyhpfb\vqmod/xml/zzz_omf_catalog.xml
   id        : OpenCart Mobile Framework
   version   : v2.2.0
   vqmver    : 2.4.1
   author    : omframework.com / braiv.com

File Name    : catalog/view/theme/*/template/product/category.tpl(0)
VQModObject::applyMod - SEARCH NOT FOUND (ABORTING MOD): <input type="button" value="<?php echo $button_cart; ?>" onclick="addToCart('<?php echo $product['product_id']; ?>');" class="button" />

----------------------------------------------------------------------


---------- Date: 2015-08-20 15:00:04 ~ IP : 42.156.138.11 ----------
REQUEST URI : /lyhpfb/index.php?page=1&amp;path=154&amp;route=product/category
MOD DETAILS:
   modFile   : E:\xampp\htdocs\lyhpfb\vqmod/xml/zzz_omf_catalog.xml
   id        : OpenCart Mobile Framework
   version   : v2.2.0
   vqmver    : 2.4.1
   author    : omframework.com / braiv.com

File Name    : catalog/view/theme/*/template/product/category.tpl(0)
VQModObject::applyMod - SEARCH NOT FOUND (ABORTING MOD): <input type="button" value="<?php echo $button_cart; ?>" onclick="addToCart('<?php echo $product['product_id']; ?>');" class="button" />

----------------------------------------------------------------------


---------- Date: 2015-08-20 15:00:05 ~ IP : 42.120.161.11 ----------
REQUEST URI : /lyhpfb/index.php?page=5&amp;path=62_109&amp;route=product/category
MOD DETAILS:
   modFile   : E:\xampp\htdocs\lyhpfb\vqmod/xml/zzz_omf_catalog.xml
   id        : OpenCart Mobile Framework
   version   : v2.2.0
   vqmver    : 2.4.1
   author    : omframework.com / braiv.com

File Name    : catalog/view/theme/*/template/product/category.tpl(0)
VQModObject::applyMod - SEARCH NOT FOUND (ABORTING MOD): <input type="button" value="<?php echo $button_cart; ?>" onclick="addToCart('<?php echo $product['product_id']; ?>');" class="button" />

----------------------------------------------------------------------


---------- Date: 2015-08-20 15:00:05 ~ IP : 42.156.139.11 ----------
REQUEST URI : /lyhpfb/index.php?page=8&amp;path=62&amp;route=product/category
MOD DETAILS:
   modFile   : E:\xampp\htdocs\lyhpfb\vqmod/xml/zzz_omf_catalog.xml
   id        : OpenCart Mobile Framework
   version   : v2.2.0
   vqmver    : 2.4.1
   author    : omframework.com / braiv.com

File Name    : catalog/view/theme/*/template/product/category.tpl(0)
VQModObject::applyMod - SEARCH NOT FOUND (ABORTING MOD): <input type="button" value="<?php echo $button_cart; ?>" onclick="addToCart('<?php echo $product['product_id']; ?>');" class="button" />

----------------------------------------------------------------------


---------- Date: 2015-08-20 15:00:06 ~ IP : 42.156.136.11 ----------
REQUEST URI : /lyhpfb/index.php?filter_tag=&amp;page=20&amp;route=product/search
MOD DETAILS:
   modFile   : E:\xampp\htdocs\lyhpfb\vqmod/xml/zzz_omf_catalog.xml
   id        : OpenCart Mobile Framework
   version   : v2.2.0
   vqmver    : 2.4.1
   author    : omframework.com / braiv.com

File Name    : catalog/view/theme/*/template/product/search.tpl(0)
VQModObject::applyMod - SEARCH NOT FOUND (ABORTING MOD): <input type="button" value="<?php echo $button_cart; ?>" onclick="addToCart('<?php echo $product['product_id']; ?>');" class="button" />

----------------------------------------------------------------------


---------- Date: 2015-08-20 15:00:07 ~ IP : 42.156.137.11 ----------
REQUEST URI : /lyhpfb/index.php?filter_tag=&amp;page=32&amp;route=product/search
MOD DETAILS:
   modFile   : E:\xampp\htdocs\lyhpfb\vqmod/xml/zzz_omf_catalog.xml
   id        : OpenCart Mobile Framework
   version   : v2.2.0
   vqmver    : 2.4.1
   author    : omframework.com / braiv.com

File Name    : catalog/view/theme/*/template/product/search.tpl(0)
VQModObject::applyMod - SEARCH NOT FOUND (ABORTING MOD): <input type="button" value="<?php echo $button_cart; ?>" onclick="addToCart('<?php echo $product['product_id']; ?>');" class="button" />

----------------------------------------------------------------------


---------- Date: 2015-08-20 15:00:08 ~ IP : 42.120.160.11 ----------
REQUEST URI : /lyhpfb/index.php?filter_tag=&amp;page=7&amp;route=product/search
MOD DETAILS:
   modFile   : E:\xampp\htdocs\lyhpfb\vqmod/xml/zzz_omf_catalog.xml
   id        : OpenCart Mobile Framework
   version   : v2.2.0
   vqmver    : 2.4.1
   author    : omframework.com / braiv.com

File Name    : catalog/view/theme/*/template/product/search.tpl(0)
VQModObject::applyMod - SEARCH NOT FOUND (ABORTING MOD): <input type="button" value="<?php echo $button_cart; ?>" onclick="addToCart('<?php echo $product['product_id']; ?>');" class="button" />

----------------------------------------------------------------------


---------- Date: 2015-08-20 15:00:09 ~ IP : 42.156.138.11 ----------
REQUEST URI : /lyhpfb/index.php?path=62_107&amp;route=product/category&amp;view=desktop
MOD DETAILS:
   modFile   : E:\xampp\htdocs\lyhpfb\vqmod/xml/zzz_omf_catalog.xml
   id        : OpenCart Mobile Framework
   version   : v2.2.0
   vqmver    : 2.4.1
   author    : omframework.com / braiv.com

File Name    : catalog/view/theme/*/template/product/category.tpl(0)
VQModObject::applyMod - SEARCH NOT FOUND (ABORTING MOD): <input type="button" value="<?php echo $button_cart; ?>" onclick="addToCart('<?php echo $product['product_id']; ?>');" class="button" />

----------------------------------------------------------------------


---------- Date: 2015-08-20 15:00:09 ~ IP : 42.156.139.11 ----------
REQUEST URI : /lyhpfb/index.php?filter_tag=&amp;page=40&amp;route=product/search&amp;view=desktop
MOD DETAILS:
   modFile   : E:\xampp\htdocs\lyhpfb\vqmod/xml/zzz_omf_catalog.xml
   id        : OpenCart Mobile Framework
   version   : v2.2.0
   vqmver    : 2.4.1
   author    : omframework.com / braiv.com

File Name    : catalog/view/theme/*/template/product/search.tpl(0)
VQModObject::applyMod - SEARCH NOT FOUND (ABORTING MOD): <input type="button" value="<?php echo $button_cart; ?>" onclick="addToCart('<?php echo $product['product_id']; ?>');" class="button" />

----------------------------------------------------------------------


---------- Date: 2015-08-20 15:00:11 ~ IP : 42.156.136.11 ----------
REQUEST URI : /lyhpfb/index.php?filter_tag=&amp;page=35&amp;route=product/search
MOD DETAILS:
   modFile   : E:\xampp\htdocs\lyhpfb\vqmod/xml/zzz_omf_catalog.xml
   id        : OpenCart Mobile Framework
   version   : v2.2.0
   vqmver    : 2.4.1
   author    : omframework.com / braiv.com

File Name    : catalog/view/theme/*/template/product/search.tpl(0)
VQModObject::applyMod - SEARCH NOT FOUND (ABORTING MOD): <input type="button" value="<?php echo $button_cart; ?>" onclick="addToCart('<?php echo $product['product_id']; ?>');" class="button" />

----------------------------------------------------------------------


---------- Date: 2015-08-20 15:00:14 ~ IP : 42.156.137.11 ----------
REQUEST URI : /lyhpfb/index.php?path=62_109&amp;route=product/category&amp;view=desktop
MOD DETAILS:
   modFile   : E:\xampp\htdocs\lyhpfb\vqmod/xml/zzz_omf_catalog.xml
   id        : OpenCart Mobile Framework
   version   : v2.2.0
   vqmver    : 2.4.1
   author    : omframework.com / braiv.com

File Name    : catalog/view/theme/*/template/product/category.tpl(0)
VQModObject::applyMod - SEARCH NOT FOUND (ABORTING MOD): <input type="button" value="<?php echo $button_cart; ?>" onclick="addToCart('<?php echo $product['product_id']; ?>');" class="button" />

----------------------------------------------------------------------


---------- Date: 2015-08-20 15:00:16 ~ IP : 42.120.161.11 ----------
REQUEST URI : /lyhpfb/index.php?filter_tag=&amp;page=42&amp;route=product/search
MOD DETAILS:
   modFile   : E:\xampp\htdocs\lyhpfb\vqmod/xml/zzz_omf_catalog.xml
   id        : OpenCart Mobile Framework
   version   : v2.2.0
   vqmver    : 2.4.1
   author    : omframework.com / braiv.com

File Name    : catalog/view/theme/*/template/product/search.tpl(0)
VQModObject::applyMod - SEARCH NOT FOUND (ABORTING MOD): <input type="button" value="<?php echo $button_cart; ?>" onclick="addToCart('<?php echo $product['product_id']; ?>');" class="button" />

----------------------------------------------------------------------


---------- Date: 2015-08-20 15:01:55 ~ IP : 42.156.136.11 ----------
REQUEST URI : /lyhpfb/index.php?page=8&amp;path=62_109&amp;route=product/category
MOD DETAILS:
   modFile   : E:\xampp\htdocs\lyhpfb\vqmod/xml/zzz_omf_catalog.xml
   id        : OpenCart Mobile Framework
   version   : v2.2.0
   vqmver    : 2.4.1
   author    : omframework.com / braiv.com

File Name    : catalog/view/theme/*/template/product/category.tpl(0)
VQModObject::applyMod - SEARCH NOT FOUND (ABORTING MOD): <input type="button" value="<?php echo $button_cart; ?>" onclick="addToCart('<?php echo $product['product_id']; ?>');" class="button" />

----------------------------------------------------------------------


---------- Date: 2015-08-20 15:01:56 ~ IP : 42.156.137.11 ----------
REQUEST URI : /lyhpfb/index.php?path=62_117&amp;route=product/category&amp;view=desktop
MOD DETAILS:
   modFile   : E:\xampp\htdocs\lyhpfb\vqmod/xml/zzz_omf_catalog.xml
   id        : OpenCart Mobile Framework
   version   : v2.2.0
   vqmver    : 2.4.1
   author    : omframework.com / braiv.com

File Name    : catalog/view/theme/*/template/product/category.tpl(0)
VQModObject::applyMod - SEARCH NOT FOUND (ABORTING MOD): <input type="button" value="<?php echo $button_cart; ?>" onclick="addToCart('<?php echo $product['product_id']; ?>');" class="button" />

----------------------------------------------------------------------


---------- Date: 2015-08-20 15:02:04 ~ IP : 42.120.161.11 ----------
REQUEST URI : /lyhpfb/index.php?page=3&amp;path=76_145&amp;route=product/category&amp;view=desktop
MOD DETAILS:
   modFile   : E:\xampp\htdocs\lyhpfb\vqmod/xml/zzz_omf_catalog.xml
   id        : OpenCart Mobile Framework
   version   : v2.2.0
   vqmver    : 2.4.1
   author    : omframework.com / braiv.com

File Name    : catalog/view/theme/*/template/product/category.tpl(0)
VQModObject::applyMod - SEARCH NOT FOUND (ABORTING MOD): <input type="button" value="<?php echo $button_cart; ?>" onclick="addToCart('<?php echo $product['product_id']; ?>');" class="button" />

----------------------------------------------------------------------


---------- Date: 2015-08-20 15:03:06 ~ IP : 42.120.161.11 ----------
REQUEST URI : /lyhpfb/index.php?page=5&amp;path=62_109&amp;route=product/category&amp;view=desktop
MOD DETAILS:
   modFile   : E:\xampp\htdocs\lyhpfb\vqmod/xml/zzz_omf_catalog.xml
   id        : OpenCart Mobile Framework
   version   : v2.2.0
   vqmver    : 2.4.1
   author    : omframework.com / braiv.com

File Name    : catalog/view/theme/*/template/product/category.tpl(0)
VQModObject::applyMod - SEARCH NOT FOUND (ABORTING MOD): <input type="button" value="<?php echo $button_cart; ?>" onclick="addToCart('<?php echo $product['product_id']; ?>');" class="button" />

----------------------------------------------------------------------


---------- Date: 2015-08-20 15:04:03 ~ IP : 42.156.136.11 ----------
REQUEST URI : /lyhpfb/index.php?filter_tag=24/%E4%BB%B6&amp;route=product/search&amp;view=desktop
MOD DETAILS:
   modFile   : E:\xampp\htdocs\lyhpfb\vqmod/xml/zzz_omf_catalog.xml
   id        : OpenCart Mobile Framework
   version   : v2.2.0
   vqmver    : 2.4.1
   author    : omframework.com / braiv.com

File Name    : catalog/view/theme/*/template/product/search.tpl(0)
VQModObject::applyMod - SEARCH NOT FOUND (ABORTING MOD): <input type="button" value="<?php echo $button_cart; ?>" onclick="addToCart('<?php echo $product['product_id']; ?>');" class="button" />

----------------------------------------------------------------------


---------- Date: 2015-08-20 15:05:19 ~ IP : 42.120.161.11 ----------
REQUEST URI : /lyhpfb/index.php?filter_tag=24%E7%9B%92/%E7%AE%B1&amp;route=product/search&amp;view=desktop
MOD DETAILS:
   modFile   : E:\xampp\htdocs\lyhpfb\vqmod/xml/zzz_omf_catalog.xml
   id        : OpenCart Mobile Framework
   version   : v2.2.0
   vqmver    : 2.4.1
   author    : omframework.com / braiv.com

File Name    : catalog/view/theme/*/template/product/search.tpl(0)
VQModObject::applyMod - SEARCH NOT FOUND (ABORTING MOD): <input type="button" value="<?php echo $button_cart; ?>" onclick="addToCart('<?php echo $product['product_id']; ?>');" class="button" />

----------------------------------------------------------------------


---------- Date: 2015-08-20 15:06:09 ~ IP : 42.156.136.11 ----------
REQUEST URI : /lyhpfb/index.php?page=10&amp;path=62&amp;route=product/category&amp;view=desktop
MOD DETAILS:
   modFile   : E:\xampp\htdocs\lyhpfb\vqmod/xml/zzz_omf_catalog.xml
   id        : OpenCart Mobile Framework
   version   : v2.2.0
   vqmver    : 2.4.1
   author    : omframework.com / braiv.com

File Name    : catalog/view/theme/*/template/product/category.tpl(0)
VQModObject::applyMod - SEARCH NOT FOUND (ABORTING MOD): <input type="button" value="<?php echo $button_cart; ?>" onclick="addToCart('<?php echo $product['product_id']; ?>');" class="button" />

----------------------------------------------------------------------


---------- Date: 2015-08-20 15:07:24 ~ IP : 42.156.136.11 ----------
REQUEST URI : /lyhpfb/index.php?filter_tag=&amp;page=29&amp;route=product/search&amp;view=desktop
MOD DETAILS:
   modFile   : E:\xampp\htdocs\lyhpfb\vqmod/xml/zzz_omf_catalog.xml
   id        : OpenCart Mobile Framework
   version   : v2.2.0
   vqmver    : 2.4.1
   author    : omframework.com / braiv.com

File Name    : catalog/view/theme/*/template/product/search.tpl(0)
VQModObject::applyMod - SEARCH NOT FOUND (ABORTING MOD): <input type="button" value="<?php echo $button_cart; ?>" onclick="addToCart('<?php echo $product['product_id']; ?>');" class="button" />

----------------------------------------------------------------------


---------- Date: 2015-08-20 15:07:37 ~ IP : 42.156.136.11 ----------
REQUEST URI : /lyhpfb/index.php?filter_tag=&amp;page=37&amp;route=product/search&amp;view=desktop
MOD DETAILS:
   modFile   : E:\xampp\htdocs\lyhpfb\vqmod/xml/zzz_omf_catalog.xml
   id        : OpenCart Mobile Framework
   version   : v2.2.0
   vqmver    : 2.4.1
   author    : omframework.com / braiv.com

File Name    : catalog/view/theme/*/template/product/search.tpl(0)
VQModObject::applyMod - SEARCH NOT FOUND (ABORTING MOD): <input type="button" value="<?php echo $button_cart; ?>" onclick="addToCart('<?php echo $product['product_id']; ?>');" class="button" />

----------------------------------------------------------------------


---------- Date: 2015-08-20 15:07:54 ~ IP : 42.120.160.11 ----------
REQUEST URI : /lyhpfb/index.php?page=7&amp;path=62&amp;route=product/category&amp;view=desktop
MOD DETAILS:
   modFile   : E:\xampp\htdocs\lyhpfb\vqmod/xml/zzz_omf_catalog.xml
   id        : OpenCart Mobile Framework
   version   : v2.2.0
   vqmver    : 2.4.1
   author    : omframework.com / braiv.com

File Name    : catalog/view/theme/*/template/product/category.tpl(0)
VQModObject::applyMod - SEARCH NOT FOUND (ABORTING MOD): <input type="button" value="<?php echo $button_cart; ?>" onclick="addToCart('<?php echo $product['product_id']; ?>');" class="button" />

----------------------------------------------------------------------


---------- Date: 2015-08-20 15:08:05 ~ IP : 42.156.139.11 ----------
REQUEST URI : /lyhpfb/index.php?filter_tag=44%E5%8C%85/%E7%AE%B1&amp;route=product/search&amp;view=desktop
MOD DETAILS:
   modFile   : E:\xampp\htdocs\lyhpfb\vqmod/xml/zzz_omf_catalog.xml
   id        : OpenCart Mobile Framework
   version   : v2.2.0
   vqmver    : 2.4.1
   author    : omframework.com / braiv.com

File Name    : catalog/view/theme/*/template/product/search.tpl(0)
VQModObject::applyMod - SEARCH NOT FOUND (ABORTING MOD): <input type="button" value="<?php echo $button_cart; ?>" onclick="addToCart('<?php echo $product['product_id']; ?>');" class="button" />

----------------------------------------------------------------------


---------- Date: 2015-08-20 15:08:14 ~ IP : 42.120.161.11 ----------
REQUEST URI : /lyhpfb/index.php?filter_tag=&amp;page=36&amp;route=product/search&amp;view=desktop
MOD DETAILS:
   modFile   : E:\xampp\htdocs\lyhpfb\vqmod/xml/zzz_omf_catalog.xml
   id        : OpenCart Mobile Framework
   version   : v2.2.0
   vqmver    : 2.4.1
   author    : omframework.com / braiv.com

File Name    : catalog/view/theme/*/template/product/search.tpl(0)
VQModObject::applyMod - SEARCH NOT FOUND (ABORTING MOD): <input type="button" value="<?php echo $button_cart; ?>" onclick="addToCart('<?php echo $product['product_id']; ?>');" class="button" />

----------------------------------------------------------------------


---------- Date: 2015-08-20 16:25:48 ~ IP : 42.156.137.11 ----------
REQUEST URI : /lyhpfb/index.php?page=2&amp;path=62&amp;route=product/category
MOD DETAILS:
   modFile   : E:\xampp\htdocs\lyhpfb\vqmod/xml/zzz_omf_catalog.xml
   id        : OpenCart Mobile Framework
   version   : v2.2.0
   vqmver    : 2.4.1
   author    : omframework.com / braiv.com

File Name    : catalog/view/theme/*/template/product/category.tpl(0)
VQModObject::applyMod - SEARCH NOT FOUND (ABORTING MOD): <input type="button" value="<?php echo $button_cart; ?>" onclick="addToCart('<?php echo $product['product_id']; ?>');" class="button" />

----------------------------------------------------------------------


---------- Date: 2015-08-20 16:57:04 ~ IP : 101.226.167.198 ----------
REQUEST URI : /lyhpfb/index.php?filter_tag&amp;limit=20&amp;page=33&amp;route=product/search
MOD DETAILS:
   modFile   : E:\xampp\htdocs\lyhpfb\vqmod/xml/zzz_omf_catalog.xml
   id        : OpenCart Mobile Framework
   version   : v2.2.0
   vqmver    : 2.4.1
   author    : omframework.com / braiv.com

File Name    : catalog/view/theme/*/template/product/search.tpl(0)
VQModObject::applyMod - SEARCH NOT FOUND (ABORTING MOD): <input type="button" value="<?php echo $button_cart; ?>" onclick="addToCart('<?php echo $product['product_id']; ?>');" class="button" />

----------------------------------------------------------------------


---------- Date: 2015-08-20 16:57:51 ~ IP : 101.226.168.231 ----------
REQUEST URI : /lyhpfb/index.php?filter_tag&amp;limit=20&amp;page=39&amp;route=product/search
MOD DETAILS:
   modFile   : E:\xampp\htdocs\lyhpfb\vqmod/xml/zzz_omf_catalog.xml
   id        : OpenCart Mobile Framework
   version   : v2.2.0
   vqmver    : 2.4.1
   author    : omframework.com / braiv.com

File Name    : catalog/view/theme/*/template/product/search.tpl(0)
VQModObject::applyMod - SEARCH NOT FOUND (ABORTING MOD): <input type="button" value="<?php echo $button_cart; ?>" onclick="addToCart('<?php echo $product['product_id']; ?>');" class="button" />

----------------------------------------------------------------------


---------- Date: 2015-08-20 16:59:42 ~ IP : 182.118.20.171 ----------
REQUEST URI : /lyhpfb/index.php?filter_tag&amp;limit=20&amp;page=19&amp;route=product/search
MOD DETAILS:
   modFile   : E:\xampp\htdocs\lyhpfb\vqmod/xml/zzz_omf_catalog.xml
   id        : OpenCart Mobile Framework
   version   : v2.2.0
   vqmver    : 2.4.1
   author    : omframework.com / braiv.com

File Name    : catalog/view/theme/*/template/product/search.tpl(0)
VQModObject::applyMod - SEARCH NOT FOUND (ABORTING MOD): <input type="button" value="<?php echo $button_cart; ?>" onclick="addToCart('<?php echo $product['product_id']; ?>');" class="button" />

----------------------------------------------------------------------


---------- Date: 2015-08-20 17:06:16 ~ IP : 182.118.22.203 ----------
REQUEST URI : /lyhpfb/index.php?filter_tag&amp;limit=20&amp;page=24&amp;route=product/search
MOD DETAILS:
   modFile   : E:\xampp\htdocs\lyhpfb\vqmod/xml/zzz_omf_catalog.xml
   id        : OpenCart Mobile Framework
   version   : v2.2.0
   vqmver    : 2.4.1
   author    : omframework.com / braiv.com

File Name    : catalog/view/theme/*/template/product/search.tpl(0)
VQModObject::applyMod - SEARCH NOT FOUND (ABORTING MOD): <input type="button" value="<?php echo $button_cart; ?>" onclick="addToCart('<?php echo $product['product_id']; ?>');" class="button" />

----------------------------------------------------------------------


---------- Date: 2015-08-20 17:09:24 ~ IP : 182.118.22.206 ----------
REQUEST URI : /lyhpfb/index.php?filter_tag&amp;limit=25&amp;page=32&amp;route=product/search
MOD DETAILS:
   modFile   : E:\xampp\htdocs\lyhpfb\vqmod/xml/zzz_omf_catalog.xml
   id        : OpenCart Mobile Framework
   version   : v2.2.0
   vqmver    : 2.4.1
   author    : omframework.com / braiv.com

File Name    : catalog/view/theme/*/template/product/search.tpl(0)
VQModObject::applyMod - SEARCH NOT FOUND (ABORTING MOD): <input type="button" value="<?php echo $button_cart; ?>" onclick="addToCart('<?php echo $product['product_id']; ?>');" class="button" />

----------------------------------------------------------------------


---------- Date: 2015-08-20 17:11:54 ~ IP : 182.118.22.214 ----------
REQUEST URI : /lyhpfb/index.php?filter_tag&amp;limit=25&amp;page=29&amp;route=product/search
MOD DETAILS:
   modFile   : E:\xampp\htdocs\lyhpfb\vqmod/xml/zzz_omf_catalog.xml
   id        : OpenCart Mobile Framework
   version   : v2.2.0
   vqmver    : 2.4.1
   author    : omframework.com / braiv.com

File Name    : catalog/view/theme/*/template/product/search.tpl(0)
VQModObject::applyMod - SEARCH NOT FOUND (ABORTING MOD): <input type="button" value="<?php echo $button_cart; ?>" onclick="addToCart('<?php echo $product['product_id']; ?>');" class="button" />

----------------------------------------------------------------------


---------- Date: 2015-08-20 17:23:57 ~ IP : 182.118.20.164 ----------
REQUEST URI : /lyhpfb/index.php?filter_tag&amp;limit=50&amp;page=14&amp;route=product/search
MOD DETAILS:
   modFile   : E:\xampp\htdocs\lyhpfb\vqmod/xml/zzz_omf_catalog.xml
   id        : OpenCart Mobile Framework
   version   : v2.2.0
   vqmver    : 2.4.1
   author    : omframework.com / braiv.com

File Name    : catalog/view/theme/*/template/product/search.tpl(0)
VQModObject::applyMod - SEARCH NOT FOUND (ABORTING MOD): <input type="button" value="<?php echo $button_cart; ?>" onclick="addToCart('<?php echo $product['product_id']; ?>');" class="button" />

----------------------------------------------------------------------


---------- Date: 2015-08-20 17:24:05 ~ IP : 101.226.167.196 ----------
REQUEST URI : /lyhpfb/index.php?filter_tag&amp;limit=75&amp;page=7&amp;route=product/search
MOD DETAILS:
   modFile   : E:\xampp\htdocs\lyhpfb\vqmod/xml/zzz_omf_catalog.xml
   id        : OpenCart Mobile Framework
   version   : v2.2.0
   vqmver    : 2.4.1
   author    : omframework.com / braiv.com

File Name    : catalog/view/theme/*/template/product/search.tpl(0)
VQModObject::applyMod - SEARCH NOT FOUND (ABORTING MOD): <input type="button" value="<?php echo $button_cart; ?>" onclick="addToCart('<?php echo $product['product_id']; ?>');" class="button" />

----------------------------------------------------------------------


---------- Date: 2015-08-20 17:31:34 ~ IP : 182.118.20.236 ----------
REQUEST URI : /lyhpfb/index.php?filter_tag&amp;limit=20&amp;page=11&amp;route=product/search
MOD DETAILS:
   modFile   : E:\xampp\htdocs\lyhpfb\vqmod/xml/zzz_omf_catalog.xml
   id        : OpenCart Mobile Framework
   version   : v2.2.0
   vqmver    : 2.4.1
   author    : omframework.com / braiv.com

File Name    : catalog/view/theme/*/template/product/search.tpl(0)
VQModObject::applyMod - SEARCH NOT FOUND (ABORTING MOD): <input type="button" value="<?php echo $button_cart; ?>" onclick="addToCart('<?php echo $product['product_id']; ?>');" class="button" />

----------------------------------------------------------------------


---------- Date: 2015-08-20 21:08:54 ~ IP : 66.249.69.30 ----------
REQUEST URI : /lyhpfb/index.php?route=product/category&amp;path=196
MOD DETAILS:
   modFile   : E:\xampp\htdocs\lyhpfb\vqmod/xml/zzz_omf_catalog.xml
   id        : OpenCart Mobile Framework
   version   : v2.2.0
   vqmver    : 2.4.1
   author    : omframework.com / braiv.com

File Name    : catalog/view/theme/*/template/product/category.tpl(0)
VQModObject::applyMod - SEARCH NOT FOUND (ABORTING MOD): <input type="button" value="<?php echo $button_cart; ?>" onclick="addToCart('<?php echo $product['product_id']; ?>');" class="button" />

----------------------------------------------------------------------


---------- Date: 2015-08-20 21:35:26 ~ IP : 66.249.65.89 ----------
REQUEST URI : /lyhpfb/index.php?route=product/category&amp;path=207
MOD DETAILS:
   modFile   : E:\xampp\htdocs\lyhpfb\vqmod/xml/zzz_omf_catalog.xml
   id        : OpenCart Mobile Framework
   version   : v2.2.0
   vqmver    : 2.4.1
   author    : omframework.com / braiv.com

File Name    : catalog/view/theme/*/template/product/category.tpl(0)
VQModObject::applyMod - SEARCH NOT FOUND (ABORTING MOD): <input type="button" value="<?php echo $button_cart; ?>" onclick="addToCart('<?php echo $product['product_id']; ?>');" class="button" />

----------------------------------------------------------------------


