---------- Date: 2015-08-22 03:30:33 ~ IP : 123.125.71.85 ----------
REQUEST URI : /lyhpfb/index.php?route=product/category&amp;path=153&amp;sort=p.model&amp;order=ASC&amp;page=2
MOD DETAILS:
   modFile   : E:\xampp\htdocs\lyhpfb\vqmod/xml/zzz_omf_catalog.xml
   id        : OpenCart Mobile Framework
   version   : v2.2.0
   vqmver    : 2.4.1
   author    : omframework.com / braiv.com

File Name    : catalog/view/theme/*/template/product/category.tpl(0)
VQModObject::applyMod - SEARCH NOT FOUND (ABORTING MOD): <input type="button" value="<?php echo $button_cart; ?>" onclick="addToCart('<?php echo $product['product_id']; ?>');" class="button" />

----------------------------------------------------------------------


---------- Date: 2015-08-22 04:14:30 ~ IP : 101.226.125.113 ----------
REQUEST URI : /lyhpfb/index.php?route=product/category&amp;path=62
MOD DETAILS:
   modFile   : E:\xampp\htdocs\lyhpfb\vqmod/xml/zzz_omf_catalog.xml
   id        : OpenCart Mobile Framework
   version   : v2.2.0
   vqmver    : 2.4.1
   author    : omframework.com / braiv.com

File Name    : catalog/view/theme/*/template/product/category.tpl(0)
VQModObject::applyMod - SEARCH NOT FOUND (ABORTING MOD): <input type="button" value="<?php echo $button_cart; ?>" onclick="addToCart('<?php echo $product['product_id']; ?>');" class="button" />

----------------------------------------------------------------------


---------- Date: 2015-08-22 04:15:05 ~ IP : 101.226.125.113 ----------
REQUEST URI : /lyhpfb/index.php?route=product/category&amp;path=159
MOD DETAILS:
   modFile   : E:\xampp\htdocs\lyhpfb\vqmod/xml/zzz_omf_catalog.xml
   id        : OpenCart Mobile Framework
   version   : v2.2.0
   vqmver    : 2.4.1
   author    : omframework.com / braiv.com

File Name    : catalog/view/theme/*/template/product/category.tpl(0)
VQModObject::applyMod - SEARCH NOT FOUND (ABORTING MOD): <input type="button" value="<?php echo $button_cart; ?>" onclick="addToCart('<?php echo $product['product_id']; ?>');" class="button" />

----------------------------------------------------------------------


---------- Date: 2015-08-22 04:17:03 ~ IP : 122.235.239.205 ----------
REQUEST URI : /lyhpfb/index.php?route=product/category&amp;path=62
MOD DETAILS:
   modFile   : E:\xampp\htdocs\lyhpfb\vqmod/xml/zzz_omf_catalog.xml
   id        : OpenCart Mobile Framework
   version   : v2.2.0
   vqmver    : 2.4.1
   author    : omframework.com / braiv.com

File Name    : catalog/view/theme/*/template/product/category.tpl(0)
VQModObject::applyMod - SEARCH NOT FOUND (ABORTING MOD): <input type="button" value="<?php echo $button_cart; ?>" onclick="addToCart('<?php echo $product['product_id']; ?>');" class="button" />

----------------------------------------------------------------------


---------- Date: 2015-08-22 04:17:13 ~ IP : 122.235.239.205 ----------
REQUEST URI : /lyhpfb/index.php?route=product/category&amp;path=62
MOD DETAILS:
   modFile   : E:\xampp\htdocs\lyhpfb\vqmod/xml/zzz_omf_catalog.xml
   id        : OpenCart Mobile Framework
   version   : v2.2.0
   vqmver    : 2.4.1
   author    : omframework.com / braiv.com

File Name    : catalog/view/theme/*/template/product/category.tpl(0)
VQModObject::applyMod - SEARCH NOT FOUND (ABORTING MOD): <input type="button" value="<?php echo $button_cart; ?>" onclick="addToCart('<?php echo $product['product_id']; ?>');" class="button" />

----------------------------------------------------------------------


---------- Date: 2015-08-22 04:17:18 ~ IP : 122.235.239.205 ----------
REQUEST URI : /lyhpfb/index.php?route=product/category&amp;path=62
MOD DETAILS:
   modFile   : E:\xampp\htdocs\lyhpfb\vqmod/xml/zzz_omf_catalog.xml
   id        : OpenCart Mobile Framework
   version   : v2.2.0
   vqmver    : 2.4.1
   author    : omframework.com / braiv.com

File Name    : catalog/view/theme/*/template/product/category.tpl(0)
VQModObject::applyMod - SEARCH NOT FOUND (ABORTING MOD): <input type="button" value="<?php echo $button_cart; ?>" onclick="addToCart('<?php echo $product['product_id']; ?>');" class="button" />

----------------------------------------------------------------------


---------- Date: 2015-08-22 12:26:20 ~ IP : 123.125.68.178 ----------
REQUEST URI : /lyhpfb/index.php?route=product/category&amp;path=195
MOD DETAILS:
   modFile   : E:\xampp\htdocs\lyhpfb\vqmod/xml/zzz_omf_catalog.xml
   id        : OpenCart Mobile Framework
   version   : v2.2.0
   vqmver    : 2.4.1
   author    : omframework.com / braiv.com

File Name    : catalog/view/theme/*/template/product/category.tpl(0)
VQModObject::applyMod - SEARCH NOT FOUND (ABORTING MOD): <input type="button" value="<?php echo $button_cart; ?>" onclick="addToCart('<?php echo $product['product_id']; ?>');" class="button" />

----------------------------------------------------------------------


---------- Date: 2015-08-22 15:35:58 ~ IP : 42.156.138.11 ----------
REQUEST URI : /lyhpfb/index.php?path=62_118&amp;route=product/category&amp;view=desktop
MOD DETAILS:
   modFile   : E:\xampp\htdocs\lyhpfb\vqmod/xml/zzz_omf_catalog.xml
   id        : OpenCart Mobile Framework
   version   : v2.2.0
   vqmver    : 2.4.1
   author    : omframework.com / braiv.com

File Name    : catalog/view/theme/*/template/product/category.tpl(0)
VQModObject::applyMod - SEARCH NOT FOUND (ABORTING MOD): <input type="button" value="<?php echo $button_cart; ?>" onclick="addToCart('<?php echo $product['product_id']; ?>');" class="button" />

----------------------------------------------------------------------


---------- Date: 2015-08-22 15:36:05 ~ IP : 42.120.161.11 ----------
REQUEST URI : /lyhpfb/index.php?path=62_114&amp;route=product/category&amp;view=desktop
MOD DETAILS:
   modFile   : E:\xampp\htdocs\lyhpfb\vqmod/xml/zzz_omf_catalog.xml
   id        : OpenCart Mobile Framework
   version   : v2.2.0
   vqmver    : 2.4.1
   author    : omframework.com / braiv.com

File Name    : catalog/view/theme/*/template/product/category.tpl(0)
VQModObject::applyMod - SEARCH NOT FOUND (ABORTING MOD): <input type="button" value="<?php echo $button_cart; ?>" onclick="addToCart('<?php echo $product['product_id']; ?>');" class="button" />

----------------------------------------------------------------------


---------- Date: 2015-08-22 15:37:54 ~ IP : 42.156.139.11 ----------
REQUEST URI : /lyhpfb/index.php?page=4&amp;path=153&amp;route=product/category
MOD DETAILS:
   modFile   : E:\xampp\htdocs\lyhpfb\vqmod/xml/zzz_omf_catalog.xml
   id        : OpenCart Mobile Framework
   version   : v2.2.0
   vqmver    : 2.4.1
   author    : omframework.com / braiv.com

File Name    : catalog/view/theme/*/template/product/category.tpl(0)
VQModObject::applyMod - SEARCH NOT FOUND (ABORTING MOD): <input type="button" value="<?php echo $button_cart; ?>" onclick="addToCart('<?php echo $product['product_id']; ?>');" class="button" />

----------------------------------------------------------------------


---------- Date: 2015-08-22 15:37:55 ~ IP : 42.156.137.11 ----------
REQUEST URI : /lyhpfb/index.php?filter_tag=&amp;page=10&amp;route=product/search
MOD DETAILS:
   modFile   : E:\xampp\htdocs\lyhpfb\vqmod/xml/zzz_omf_catalog.xml
   id        : OpenCart Mobile Framework
   version   : v2.2.0
   vqmver    : 2.4.1
   author    : omframework.com / braiv.com

File Name    : catalog/view/theme/*/template/product/search.tpl(0)
VQModObject::applyMod - SEARCH NOT FOUND (ABORTING MOD): <input type="button" value="<?php echo $button_cart; ?>" onclick="addToCart('<?php echo $product['product_id']; ?>');" class="button" />

----------------------------------------------------------------------


---------- Date: 2015-08-22 15:37:57 ~ IP : 42.120.161.11 ----------
REQUEST URI : /lyhpfb/index.php?filter_tag=&amp;page=4&amp;route=product/search
MOD DETAILS:
   modFile   : E:\xampp\htdocs\lyhpfb\vqmod/xml/zzz_omf_catalog.xml
   id        : OpenCart Mobile Framework
   version   : v2.2.0
   vqmver    : 2.4.1
   author    : omframework.com / braiv.com

File Name    : catalog/view/theme/*/template/product/search.tpl(0)
VQModObject::applyMod - SEARCH NOT FOUND (ABORTING MOD): <input type="button" value="<?php echo $button_cart; ?>" onclick="addToCart('<?php echo $product['product_id']; ?>');" class="button" />

----------------------------------------------------------------------


---------- Date: 2015-08-22 15:37:57 ~ IP : 42.156.139.11 ----------
REQUEST URI : /lyhpfb/index.php?filter_tag=&amp;page=27&amp;route=product/search
MOD DETAILS:
   modFile   : E:\xampp\htdocs\lyhpfb\vqmod/xml/zzz_omf_catalog.xml
   id        : OpenCart Mobile Framework
   version   : v2.2.0
   vqmver    : 2.4.1
   author    : omframework.com / braiv.com

File Name    : catalog/view/theme/*/template/product/search.tpl(0)
VQModObject::applyMod - SEARCH NOT FOUND (ABORTING MOD): <input type="button" value="<?php echo $button_cart; ?>" onclick="addToCart('<?php echo $product['product_id']; ?>');" class="button" />

----------------------------------------------------------------------


---------- Date: 2015-08-22 15:37:59 ~ IP : 42.156.136.11 ----------
REQUEST URI : /lyhpfb/index.php?filter_tag=&amp;page=7&amp;route=product/search&amp;view=desktop
MOD DETAILS:
   modFile   : E:\xampp\htdocs\lyhpfb\vqmod/xml/zzz_omf_catalog.xml
   id        : OpenCart Mobile Framework
   version   : v2.2.0
   vqmver    : 2.4.1
   author    : omframework.com / braiv.com

File Name    : catalog/view/theme/*/template/product/search.tpl(0)
VQModObject::applyMod - SEARCH NOT FOUND (ABORTING MOD): <input type="button" value="<?php echo $button_cart; ?>" onclick="addToCart('<?php echo $product['product_id']; ?>');" class="button" />

----------------------------------------------------------------------


---------- Date: 2015-08-22 15:38:00 ~ IP : 42.156.137.11 ----------
REQUEST URI : /lyhpfb/index.php?filter_tag=&amp;page=6&amp;route=product/search&amp;view=desktop
MOD DETAILS:
   modFile   : E:\xampp\htdocs\lyhpfb\vqmod/xml/zzz_omf_catalog.xml
   id        : OpenCart Mobile Framework
   version   : v2.2.0
   vqmver    : 2.4.1
   author    : omframework.com / braiv.com

File Name    : catalog/view/theme/*/template/product/search.tpl(0)
VQModObject::applyMod - SEARCH NOT FOUND (ABORTING MOD): <input type="button" value="<?php echo $button_cart; ?>" onclick="addToCart('<?php echo $product['product_id']; ?>');" class="button" />

----------------------------------------------------------------------


---------- Date: 2015-08-22 15:38:02 ~ IP : 42.120.160.11 ----------
REQUEST URI : /lyhpfb/index.php?filter_tag=&amp;page=17&amp;route=product/search&amp;view=desktop
MOD DETAILS:
   modFile   : E:\xampp\htdocs\lyhpfb\vqmod/xml/zzz_omf_catalog.xml
   id        : OpenCart Mobile Framework
   version   : v2.2.0
   vqmver    : 2.4.1
   author    : omframework.com / braiv.com

File Name    : catalog/view/theme/*/template/product/search.tpl(0)
VQModObject::applyMod - SEARCH NOT FOUND (ABORTING MOD): <input type="button" value="<?php echo $button_cart; ?>" onclick="addToCart('<?php echo $product['product_id']; ?>');" class="button" />

----------------------------------------------------------------------


---------- Date: 2015-08-22 15:38:03 ~ IP : 42.156.138.11 ----------
REQUEST URI : /lyhpfb/index.php?filter_tag=&amp;page=28&amp;route=product/search&amp;view=desktop
MOD DETAILS:
   modFile   : E:\xampp\htdocs\lyhpfb\vqmod/xml/zzz_omf_catalog.xml
   id        : OpenCart Mobile Framework
   version   : v2.2.0
   vqmver    : 2.4.1
   author    : omframework.com / braiv.com

File Name    : catalog/view/theme/*/template/product/search.tpl(0)
VQModObject::applyMod - SEARCH NOT FOUND (ABORTING MOD): <input type="button" value="<?php echo $button_cart; ?>" onclick="addToCart('<?php echo $product['product_id']; ?>');" class="button" />

----------------------------------------------------------------------


---------- Date: 2015-08-22 15:38:07 ~ IP : 42.156.139.11 ----------
REQUEST URI : /lyhpfb/index.php?page=10&amp;path=62&amp;route=product/category
MOD DETAILS:
   modFile   : E:\xampp\htdocs\lyhpfb\vqmod/xml/zzz_omf_catalog.xml
   id        : OpenCart Mobile Framework
   version   : v2.2.0
   vqmver    : 2.4.1
   author    : omframework.com / braiv.com

File Name    : catalog/view/theme/*/template/product/category.tpl(0)
VQModObject::applyMod - SEARCH NOT FOUND (ABORTING MOD): <input type="button" value="<?php echo $button_cart; ?>" onclick="addToCart('<?php echo $product['product_id']; ?>');" class="button" />

----------------------------------------------------------------------


---------- Date: 2015-08-22 15:38:09 ~ IP : 42.156.137.11 ----------
REQUEST URI : /lyhpfb/index.php?filter_tag=&amp;page=22&amp;route=product/search
MOD DETAILS:
   modFile   : E:\xampp\htdocs\lyhpfb\vqmod/xml/zzz_omf_catalog.xml
   id        : OpenCart Mobile Framework
   version   : v2.2.0
   vqmver    : 2.4.1
   author    : omframework.com / braiv.com

File Name    : catalog/view/theme/*/template/product/search.tpl(0)
VQModObject::applyMod - SEARCH NOT FOUND (ABORTING MOD): <input type="button" value="<?php echo $button_cart; ?>" onclick="addToCart('<?php echo $product['product_id']; ?>');" class="button" />

----------------------------------------------------------------------


---------- Date: 2015-08-22 15:38:10 ~ IP : 42.156.138.11 ----------
REQUEST URI : /lyhpfb/index.php?filter_tag=&amp;page=25&amp;route=product/search&amp;view=desktop
MOD DETAILS:
   modFile   : E:\xampp\htdocs\lyhpfb\vqmod/xml/zzz_omf_catalog.xml
   id        : OpenCart Mobile Framework
   version   : v2.2.0
   vqmver    : 2.4.1
   author    : omframework.com / braiv.com

File Name    : catalog/view/theme/*/template/product/search.tpl(0)
VQModObject::applyMod - SEARCH NOT FOUND (ABORTING MOD): <input type="button" value="<?php echo $button_cart; ?>" onclick="addToCart('<?php echo $product['product_id']; ?>');" class="button" />

----------------------------------------------------------------------


---------- Date: 2015-08-22 15:38:10 ~ IP : 42.120.160.11 ----------
REQUEST URI : /lyhpfb/index.php?page=5&amp;path=62&amp;route=product/category
MOD DETAILS:
   modFile   : E:\xampp\htdocs\lyhpfb\vqmod/xml/zzz_omf_catalog.xml
   id        : OpenCart Mobile Framework
   version   : v2.2.0
   vqmver    : 2.4.1
   author    : omframework.com / braiv.com

File Name    : catalog/view/theme/*/template/product/category.tpl(0)
VQModObject::applyMod - SEARCH NOT FOUND (ABORTING MOD): <input type="button" value="<?php echo $button_cart; ?>" onclick="addToCart('<?php echo $product['product_id']; ?>');" class="button" />

----------------------------------------------------------------------


---------- Date: 2015-08-22 15:38:14 ~ IP : 42.120.160.11 ----------
REQUEST URI : /lyhpfb/index.php?filter_tag=&amp;page=39&amp;route=product/search
MOD DETAILS:
   modFile   : E:\xampp\htdocs\lyhpfb\vqmod/xml/zzz_omf_catalog.xml
   id        : OpenCart Mobile Framework
   version   : v2.2.0
   vqmver    : 2.4.1
   author    : omframework.com / braiv.com

File Name    : catalog/view/theme/*/template/product/search.tpl(0)
VQModObject::applyMod - SEARCH NOT FOUND (ABORTING MOD): <input type="button" value="<?php echo $button_cart; ?>" onclick="addToCart('<?php echo $product['product_id']; ?>');" class="button" />

----------------------------------------------------------------------


---------- Date: 2015-08-22 15:38:17 ~ IP : 42.120.161.11 ----------
REQUEST URI : /lyhpfb/index.php?page=8&amp;path=62_109&amp;route=product/category&amp;view=desktop
MOD DETAILS:
   modFile   : E:\xampp\htdocs\lyhpfb\vqmod/xml/zzz_omf_catalog.xml
   id        : OpenCart Mobile Framework
   version   : v2.2.0
   vqmver    : 2.4.1
   author    : omframework.com / braiv.com

File Name    : catalog/view/theme/*/template/product/category.tpl(0)
VQModObject::applyMod - SEARCH NOT FOUND (ABORTING MOD): <input type="button" value="<?php echo $button_cart; ?>" onclick="addToCart('<?php echo $product['product_id']; ?>');" class="button" />

----------------------------------------------------------------------


---------- Date: 2015-08-22 15:38:18 ~ IP : 42.156.139.11 ----------
REQUEST URI : /lyhpfb/index.php?filter_tag=&amp;page=22&amp;route=product/search&amp;view=desktop
MOD DETAILS:
   modFile   : E:\xampp\htdocs\lyhpfb\vqmod/xml/zzz_omf_catalog.xml
   id        : OpenCart Mobile Framework
   version   : v2.2.0
   vqmver    : 2.4.1
   author    : omframework.com / braiv.com

File Name    : catalog/view/theme/*/template/product/search.tpl(0)
VQModObject::applyMod - SEARCH NOT FOUND (ABORTING MOD): <input type="button" value="<?php echo $button_cart; ?>" onclick="addToCart('<?php echo $product['product_id']; ?>');" class="button" />

----------------------------------------------------------------------


---------- Date: 2015-08-22 15:38:19 ~ IP : 42.156.136.11 ----------
REQUEST URI : /lyhpfb/index.php?page=3&amp;path=157&amp;route=product/category&amp;view=desktop
MOD DETAILS:
   modFile   : E:\xampp\htdocs\lyhpfb\vqmod/xml/zzz_omf_catalog.xml
   id        : OpenCart Mobile Framework
   version   : v2.2.0
   vqmver    : 2.4.1
   author    : omframework.com / braiv.com

File Name    : catalog/view/theme/*/template/product/category.tpl(0)
VQModObject::applyMod - SEARCH NOT FOUND (ABORTING MOD): <input type="button" value="<?php echo $button_cart; ?>" onclick="addToCart('<?php echo $product['product_id']; ?>');" class="button" />

----------------------------------------------------------------------


---------- Date: 2015-08-22 15:38:22 ~ IP : 42.156.138.11 ----------
REQUEST URI : /lyhpfb/index.php?page=2&amp;path=154&amp;route=product/category&amp;view=desktop
MOD DETAILS:
   modFile   : E:\xampp\htdocs\lyhpfb\vqmod/xml/zzz_omf_catalog.xml
   id        : OpenCart Mobile Framework
   version   : v2.2.0
   vqmver    : 2.4.1
   author    : omframework.com / braiv.com

File Name    : catalog/view/theme/*/template/product/category.tpl(0)
VQModObject::applyMod - SEARCH NOT FOUND (ABORTING MOD): <input type="button" value="<?php echo $button_cart; ?>" onclick="addToCart('<?php echo $product['product_id']; ?>');" class="button" />

----------------------------------------------------------------------


---------- Date: 2015-08-22 15:39:11 ~ IP : 42.120.161.11 ----------
REQUEST URI : /lyhpfb/index.php?filter_tag=1%E7%AE%B112%E6%8F%90&amp;route=product/search&amp;view=desktop
MOD DETAILS:
   modFile   : E:\xampp\htdocs\lyhpfb\vqmod/xml/zzz_omf_catalog.xml
   id        : OpenCart Mobile Framework
   version   : v2.2.0
   vqmver    : 2.4.1
   author    : omframework.com / braiv.com

File Name    : catalog/view/theme/*/template/product/search.tpl(0)
VQModObject::applyMod - SEARCH NOT FOUND (ABORTING MOD): <input type="button" value="<?php echo $button_cart; ?>" onclick="addToCart('<?php echo $product['product_id']; ?>');" class="button" />

----------------------------------------------------------------------


---------- Date: 2015-08-22 15:40:50 ~ IP : 42.156.137.11 ----------
REQUEST URI : /lyhpfb/index.php?page=7&amp;path=62&amp;route=product/category
MOD DETAILS:
   modFile   : E:\xampp\htdocs\lyhpfb\vqmod/xml/zzz_omf_catalog.xml
   id        : OpenCart Mobile Framework
   version   : v2.2.0
   vqmver    : 2.4.1
   author    : omframework.com / braiv.com

File Name    : catalog/view/theme/*/template/product/category.tpl(0)
VQModObject::applyMod - SEARCH NOT FOUND (ABORTING MOD): <input type="button" value="<?php echo $button_cart; ?>" onclick="addToCart('<?php echo $product['product_id']; ?>');" class="button" />

----------------------------------------------------------------------


---------- Date: 2015-08-22 15:40:50 ~ IP : 42.120.160.11 ----------
REQUEST URI : /lyhpfb/index.php?page=9&amp;path=62&amp;route=product/category
MOD DETAILS:
   modFile   : E:\xampp\htdocs\lyhpfb\vqmod/xml/zzz_omf_catalog.xml
   id        : OpenCart Mobile Framework
   version   : v2.2.0
   vqmver    : 2.4.1
   author    : omframework.com / braiv.com

File Name    : catalog/view/theme/*/template/product/category.tpl(0)
VQModObject::applyMod - SEARCH NOT FOUND (ABORTING MOD): <input type="button" value="<?php echo $button_cart; ?>" onclick="addToCart('<?php echo $product['product_id']; ?>');" class="button" />

----------------------------------------------------------------------


---------- Date: 2015-08-22 15:40:51 ~ IP : 42.156.138.11 ----------
REQUEST URI : /lyhpfb/index.php?filter_tag=&amp;page=37&amp;route=product/search
MOD DETAILS:
   modFile   : E:\xampp\htdocs\lyhpfb\vqmod/xml/zzz_omf_catalog.xml
   id        : OpenCart Mobile Framework
   version   : v2.2.0
   vqmver    : 2.4.1
   author    : omframework.com / braiv.com

File Name    : catalog/view/theme/*/template/product/search.tpl(0)
VQModObject::applyMod - SEARCH NOT FOUND (ABORTING MOD): <input type="button" value="<?php echo $button_cart; ?>" onclick="addToCart('<?php echo $product['product_id']; ?>');" class="button" />

----------------------------------------------------------------------


---------- Date: 2015-08-22 15:40:53 ~ IP : 42.120.161.11 ----------
REQUEST URI : /lyhpfb/index.php?filter_tag=&amp;page=36&amp;route=product/search
MOD DETAILS:
   modFile   : E:\xampp\htdocs\lyhpfb\vqmod/xml/zzz_omf_catalog.xml
   id        : OpenCart Mobile Framework
   version   : v2.2.0
   vqmver    : 2.4.1
   author    : omframework.com / braiv.com

File Name    : catalog/view/theme/*/template/product/search.tpl(0)
VQModObject::applyMod - SEARCH NOT FOUND (ABORTING MOD): <input type="button" value="<?php echo $button_cart; ?>" onclick="addToCart('<?php echo $product['product_id']; ?>');" class="button" />

----------------------------------------------------------------------


---------- Date: 2015-08-22 15:40:53 ~ IP : 42.156.139.11 ----------
REQUEST URI : /lyhpfb/index.php?path=76&amp;route=product/category&amp;view=desktop
MOD DETAILS:
   modFile   : E:\xampp\htdocs\lyhpfb\vqmod/xml/zzz_omf_catalog.xml
   id        : OpenCart Mobile Framework
   version   : v2.2.0
   vqmver    : 2.4.1
   author    : omframework.com / braiv.com

File Name    : catalog/view/theme/*/template/product/category.tpl(0)
VQModObject::applyMod - SEARCH NOT FOUND (ABORTING MOD): <input type="button" value="<?php echo $button_cart; ?>" onclick="addToCart('<?php echo $product['product_id']; ?>');" class="button" />

----------------------------------------------------------------------


---------- Date: 2015-08-22 15:40:54 ~ IP : 42.156.136.11 ----------
REQUEST URI : /lyhpfb/index.php?filter_tag=&amp;page=20&amp;route=product/search&amp;view=desktop
MOD DETAILS:
   modFile   : E:\xampp\htdocs\lyhpfb\vqmod/xml/zzz_omf_catalog.xml
   id        : OpenCart Mobile Framework
   version   : v2.2.0
   vqmver    : 2.4.1
   author    : omframework.com / braiv.com

File Name    : catalog/view/theme/*/template/product/search.tpl(0)
VQModObject::applyMod - SEARCH NOT FOUND (ABORTING MOD): <input type="button" value="<?php echo $button_cart; ?>" onclick="addToCart('<?php echo $product['product_id']; ?>');" class="button" />

----------------------------------------------------------------------


---------- Date: 2015-08-22 15:40:54 ~ IP : 42.156.137.11 ----------
REQUEST URI : /lyhpfb/index.php?filter_tag=&amp;page=5&amp;route=product/search&amp;view=desktop
MOD DETAILS:
   modFile   : E:\xampp\htdocs\lyhpfb\vqmod/xml/zzz_omf_catalog.xml
   id        : OpenCart Mobile Framework
   version   : v2.2.0
   vqmver    : 2.4.1
   author    : omframework.com / braiv.com

File Name    : catalog/view/theme/*/template/product/search.tpl(0)
VQModObject::applyMod - SEARCH NOT FOUND (ABORTING MOD): <input type="button" value="<?php echo $button_cart; ?>" onclick="addToCart('<?php echo $product['product_id']; ?>');" class="button" />

----------------------------------------------------------------------


---------- Date: 2015-08-22 15:40:55 ~ IP : 42.120.160.11 ----------
REQUEST URI : /lyhpfb/index.php?filter_tag=&amp;page=33&amp;route=product/search&amp;view=desktop
MOD DETAILS:
   modFile   : E:\xampp\htdocs\lyhpfb\vqmod/xml/zzz_omf_catalog.xml
   id        : OpenCart Mobile Framework
   version   : v2.2.0
   vqmver    : 2.4.1
   author    : omframework.com / braiv.com

File Name    : catalog/view/theme/*/template/product/search.tpl(0)
VQModObject::applyMod - SEARCH NOT FOUND (ABORTING MOD): <input type="button" value="<?php echo $button_cart; ?>" onclick="addToCart('<?php echo $product['product_id']; ?>');" class="button" />

----------------------------------------------------------------------


---------- Date: 2015-08-22 15:40:55 ~ IP : 42.156.138.11 ----------
REQUEST URI : /lyhpfb/index.php?filter_tag=&amp;page=42&amp;route=product/search&amp;view=desktop
MOD DETAILS:
   modFile   : E:\xampp\htdocs\lyhpfb\vqmod/xml/zzz_omf_catalog.xml
   id        : OpenCart Mobile Framework
   version   : v2.2.0
   vqmver    : 2.4.1
   author    : omframework.com / braiv.com

File Name    : catalog/view/theme/*/template/product/search.tpl(0)
VQModObject::applyMod - SEARCH NOT FOUND (ABORTING MOD): <input type="button" value="<?php echo $button_cart; ?>" onclick="addToCart('<?php echo $product['product_id']; ?>');" class="button" />

----------------------------------------------------------------------


---------- Date: 2015-08-22 15:40:55 ~ IP : 42.120.161.11 ----------
REQUEST URI : /lyhpfb/index.php?filter_tag=&amp;route=product/search&amp;view=desktop
MOD DETAILS:
   modFile   : E:\xampp\htdocs\lyhpfb\vqmod/xml/zzz_omf_catalog.xml
   id        : OpenCart Mobile Framework
   version   : v2.2.0
   vqmver    : 2.4.1
   author    : omframework.com / braiv.com

File Name    : catalog/view/theme/*/template/product/search.tpl(0)
VQModObject::applyMod - SEARCH NOT FOUND (ABORTING MOD): <input type="button" value="<?php echo $button_cart; ?>" onclick="addToCart('<?php echo $product['product_id']; ?>');" class="button" />

----------------------------------------------------------------------


---------- Date: 2015-08-22 15:40:57 ~ IP : 42.156.136.11 ----------
REQUEST URI : /lyhpfb/index.php?filter_tag=&amp;page=25&amp;route=product/search
MOD DETAILS:
   modFile   : E:\xampp\htdocs\lyhpfb\vqmod/xml/zzz_omf_catalog.xml
   id        : OpenCart Mobile Framework
   version   : v2.2.0
   vqmver    : 2.4.1
   author    : omframework.com / braiv.com

File Name    : catalog/view/theme/*/template/product/search.tpl(0)
VQModObject::applyMod - SEARCH NOT FOUND (ABORTING MOD): <input type="button" value="<?php echo $button_cart; ?>" onclick="addToCart('<?php echo $product['product_id']; ?>');" class="button" />

----------------------------------------------------------------------


---------- Date: 2015-08-22 15:40:57 ~ IP : 42.156.139.11 ----------
REQUEST URI : /lyhpfb/index.php?page=5&amp;path=71_131&amp;route=product/category
MOD DETAILS:
   modFile   : E:\xampp\htdocs\lyhpfb\vqmod/xml/zzz_omf_catalog.xml
   id        : OpenCart Mobile Framework
   version   : v2.2.0
   vqmver    : 2.4.1
   author    : omframework.com / braiv.com

File Name    : catalog/view/theme/*/template/product/category.tpl(0)
VQModObject::applyMod - SEARCH NOT FOUND (ABORTING MOD): <input type="button" value="<?php echo $button_cart; ?>" onclick="addToCart('<?php echo $product['product_id']; ?>');" class="button" />

----------------------------------------------------------------------


---------- Date: 2015-08-22 15:40:58 ~ IP : 42.120.160.11 ----------
REQUEST URI : /lyhpfb/index.php?path=62_109&amp;route=product/category
MOD DETAILS:
   modFile   : E:\xampp\htdocs\lyhpfb\vqmod/xml/zzz_omf_catalog.xml
   id        : OpenCart Mobile Framework
   version   : v2.2.0
   vqmver    : 2.4.1
   author    : omframework.com / braiv.com

File Name    : catalog/view/theme/*/template/product/category.tpl(0)
VQModObject::applyMod - SEARCH NOT FOUND (ABORTING MOD): <input type="button" value="<?php echo $button_cart; ?>" onclick="addToCart('<?php echo $product['product_id']; ?>');" class="button" />

----------------------------------------------------------------------


---------- Date: 2015-08-22 15:40:59 ~ IP : 42.156.138.11 ----------
REQUEST URI : /lyhpfb/index.php?filter_tag=&amp;page=23&amp;route=product/search
MOD DETAILS:
   modFile   : E:\xampp\htdocs\lyhpfb\vqmod/xml/zzz_omf_catalog.xml
   id        : OpenCart Mobile Framework
   version   : v2.2.0
   vqmver    : 2.4.1
   author    : omframework.com / braiv.com

File Name    : catalog/view/theme/*/template/product/search.tpl(0)
VQModObject::applyMod - SEARCH NOT FOUND (ABORTING MOD): <input type="button" value="<?php echo $button_cart; ?>" onclick="addToCart('<?php echo $product['product_id']; ?>');" class="button" />

----------------------------------------------------------------------


---------- Date: 2015-08-22 15:41:00 ~ IP : 42.120.161.11 ----------
REQUEST URI : /lyhpfb/index.php?filter_tag=&amp;page=34&amp;route=product/search&amp;view=desktop
MOD DETAILS:
   modFile   : E:\xampp\htdocs\lyhpfb\vqmod/xml/zzz_omf_catalog.xml
   id        : OpenCart Mobile Framework
   version   : v2.2.0
   vqmver    : 2.4.1
   author    : omframework.com / braiv.com

File Name    : catalog/view/theme/*/template/product/search.tpl(0)
VQModObject::applyMod - SEARCH NOT FOUND (ABORTING MOD): <input type="button" value="<?php echo $button_cart; ?>" onclick="addToCart('<?php echo $product['product_id']; ?>');" class="button" />

----------------------------------------------------------------------


---------- Date: 2015-08-22 15:41:00 ~ IP : 42.156.139.11 ----------
REQUEST URI : /lyhpfb/index.php?path=160&amp;route=product/category&amp;view=desktop
MOD DETAILS:
   modFile   : E:\xampp\htdocs\lyhpfb\vqmod/xml/zzz_omf_catalog.xml
   id        : OpenCart Mobile Framework
   version   : v2.2.0
   vqmver    : 2.4.1
   author    : omframework.com / braiv.com

File Name    : catalog/view/theme/*/template/product/category.tpl(0)
VQModObject::applyMod - SEARCH NOT FOUND (ABORTING MOD): <input type="button" value="<?php echo $button_cart; ?>" onclick="addToCart('<?php echo $product['product_id']; ?>');" class="button" />

----------------------------------------------------------------------


---------- Date: 2015-08-22 15:41:02 ~ IP : 42.156.136.11 ----------
REQUEST URI : /lyhpfb/index.php?filter_tag=&amp;page=24&amp;route=product/search
MOD DETAILS:
   modFile   : E:\xampp\htdocs\lyhpfb\vqmod/xml/zzz_omf_catalog.xml
   id        : OpenCart Mobile Framework
   version   : v2.2.0
   vqmver    : 2.4.1
   author    : omframework.com / braiv.com

File Name    : catalog/view/theme/*/template/product/search.tpl(0)
VQModObject::applyMod - SEARCH NOT FOUND (ABORTING MOD): <input type="button" value="<?php echo $button_cart; ?>" onclick="addToCart('<?php echo $product['product_id']; ?>');" class="button" />

----------------------------------------------------------------------


---------- Date: 2015-08-22 15:41:02 ~ IP : 42.156.137.11 ----------
REQUEST URI : /lyhpfb/index.php?path=196&amp;route=product/category&amp;view=desktop
MOD DETAILS:
   modFile   : E:\xampp\htdocs\lyhpfb\vqmod/xml/zzz_omf_catalog.xml
   id        : OpenCart Mobile Framework
   version   : v2.2.0
   vqmver    : 2.4.1
   author    : omframework.com / braiv.com

File Name    : catalog/view/theme/*/template/product/category.tpl(0)
VQModObject::applyMod - SEARCH NOT FOUND (ABORTING MOD): <input type="button" value="<?php echo $button_cart; ?>" onclick="addToCart('<?php echo $product['product_id']; ?>');" class="button" />

----------------------------------------------------------------------


---------- Date: 2015-08-22 15:41:03 ~ IP : 42.120.160.11 ----------
REQUEST URI : /lyhpfb/index.php?page=3&amp;path=195&amp;route=product/category&amp;view=desktop
MOD DETAILS:
   modFile   : E:\xampp\htdocs\lyhpfb\vqmod/xml/zzz_omf_catalog.xml
   id        : OpenCart Mobile Framework
   version   : v2.2.0
   vqmver    : 2.4.1
   author    : omframework.com / braiv.com

File Name    : catalog/view/theme/*/template/product/category.tpl(0)
VQModObject::applyMod - SEARCH NOT FOUND (ABORTING MOD): <input type="button" value="<?php echo $button_cart; ?>" onclick="addToCart('<?php echo $product['product_id']; ?>');" class="button" />

----------------------------------------------------------------------


---------- Date: 2015-08-22 15:41:06 ~ IP : 42.120.161.11 ----------
REQUEST URI : /lyhpfb/index.php?page=3&amp;path=71_131&amp;route=product/category&amp;view=desktop
MOD DETAILS:
   modFile   : E:\xampp\htdocs\lyhpfb\vqmod/xml/zzz_omf_catalog.xml
   id        : OpenCart Mobile Framework
   version   : v2.2.0
   vqmver    : 2.4.1
   author    : omframework.com / braiv.com

File Name    : catalog/view/theme/*/template/product/category.tpl(0)
VQModObject::applyMod - SEARCH NOT FOUND (ABORTING MOD): <input type="button" value="<?php echo $button_cart; ?>" onclick="addToCart('<?php echo $product['product_id']; ?>');" class="button" />

----------------------------------------------------------------------


---------- Date: 2015-08-22 15:41:06 ~ IP : 42.156.138.11 ----------
REQUEST URI : /lyhpfb/index.php?path=73&amp;route=product/category&amp;view=desktop
MOD DETAILS:
   modFile   : E:\xampp\htdocs\lyhpfb\vqmod/xml/zzz_omf_catalog.xml
   id        : OpenCart Mobile Framework
   version   : v2.2.0
   vqmver    : 2.4.1
   author    : omframework.com / braiv.com

File Name    : catalog/view/theme/*/template/product/category.tpl(0)
VQModObject::applyMod - SEARCH NOT FOUND (ABORTING MOD): <input type="button" value="<?php echo $button_cart; ?>" onclick="addToCart('<?php echo $product['product_id']; ?>');" class="button" />

----------------------------------------------------------------------


---------- Date: 2015-08-22 15:41:09 ~ IP : 42.156.136.11 ----------
REQUEST URI : /lyhpfb/index.php?path=62_108&amp;route=product/category&amp;view=desktop
MOD DETAILS:
   modFile   : E:\xampp\htdocs\lyhpfb\vqmod/xml/zzz_omf_catalog.xml
   id        : OpenCart Mobile Framework
   version   : v2.2.0
   vqmver    : 2.4.1
   author    : omframework.com / braiv.com

File Name    : catalog/view/theme/*/template/product/category.tpl(0)
VQModObject::applyMod - SEARCH NOT FOUND (ABORTING MOD): <input type="button" value="<?php echo $button_cart; ?>" onclick="addToCart('<?php echo $product['product_id']; ?>');" class="button" />

----------------------------------------------------------------------


---------- Date: 2015-08-22 15:41:09 ~ IP : 42.156.137.11 ----------
REQUEST URI : /lyhpfb/index.php?page=1&amp;path=153&amp;route=product/category&amp;view=desktop
MOD DETAILS:
   modFile   : E:\xampp\htdocs\lyhpfb\vqmod/xml/zzz_omf_catalog.xml
   id        : OpenCart Mobile Framework
   version   : v2.2.0
   vqmver    : 2.4.1
   author    : omframework.com / braiv.com

File Name    : catalog/view/theme/*/template/product/category.tpl(0)
VQModObject::applyMod - SEARCH NOT FOUND (ABORTING MOD): <input type="button" value="<?php echo $button_cart; ?>" onclick="addToCart('<?php echo $product['product_id']; ?>');" class="button" />

----------------------------------------------------------------------


---------- Date: 2015-08-22 15:41:10 ~ IP : 42.156.138.11 ----------
REQUEST URI : /lyhpfb/index.php?path=71&amp;route=product/category&amp;view=desktop
MOD DETAILS:
   modFile   : E:\xampp\htdocs\lyhpfb\vqmod/xml/zzz_omf_catalog.xml
   id        : OpenCart Mobile Framework
   version   : v2.2.0
   vqmver    : 2.4.1
   author    : omframework.com / braiv.com

File Name    : catalog/view/theme/*/template/product/category.tpl(0)
VQModObject::applyMod - SEARCH NOT FOUND (ABORTING MOD): <input type="button" value="<?php echo $button_cart; ?>" onclick="addToCart('<?php echo $product['product_id']; ?>');" class="button" />

----------------------------------------------------------------------


---------- Date: 2015-08-22 15:41:12 ~ IP : 42.120.160.11 ----------
REQUEST URI : /lyhpfb/index.php?filter_tag=&amp;page=3&amp;route=product/search&amp;view=desktop
MOD DETAILS:
   modFile   : E:\xampp\htdocs\lyhpfb\vqmod/xml/zzz_omf_catalog.xml
   id        : OpenCart Mobile Framework
   version   : v2.2.0
   vqmver    : 2.4.1
   author    : omframework.com / braiv.com

File Name    : catalog/view/theme/*/template/product/search.tpl(0)
VQModObject::applyMod - SEARCH NOT FOUND (ABORTING MOD): <input type="button" value="<?php echo $button_cart; ?>" onclick="addToCart('<?php echo $product['product_id']; ?>');" class="button" />

----------------------------------------------------------------------


---------- Date: 2015-08-22 15:41:13 ~ IP : 42.156.138.11 ----------
REQUEST URI : /lyhpfb/index.php?page=1&amp;path=157&amp;route=product/category&amp;view=desktop
MOD DETAILS:
   modFile   : E:\xampp\htdocs\lyhpfb\vqmod/xml/zzz_omf_catalog.xml
   id        : OpenCart Mobile Framework
   version   : v2.2.0
   vqmver    : 2.4.1
   author    : omframework.com / braiv.com

File Name    : catalog/view/theme/*/template/product/category.tpl(0)
VQModObject::applyMod - SEARCH NOT FOUND (ABORTING MOD): <input type="button" value="<?php echo $button_cart; ?>" onclick="addToCart('<?php echo $product['product_id']; ?>');" class="button" />

----------------------------------------------------------------------


---------- Date: 2015-08-22 15:41:14 ~ IP : 42.120.161.11 ----------
REQUEST URI : /lyhpfb/index.php?page=4&amp;path=155&amp;route=product/category&amp;view=desktop
MOD DETAILS:
   modFile   : E:\xampp\htdocs\lyhpfb\vqmod/xml/zzz_omf_catalog.xml
   id        : OpenCart Mobile Framework
   version   : v2.2.0
   vqmver    : 2.4.1
   author    : omframework.com / braiv.com

File Name    : catalog/view/theme/*/template/product/category.tpl(0)
VQModObject::applyMod - SEARCH NOT FOUND (ABORTING MOD): <input type="button" value="<?php echo $button_cart; ?>" onclick="addToCart('<?php echo $product['product_id']; ?>');" class="button" />

----------------------------------------------------------------------


---------- Date: 2015-08-22 15:41:15 ~ IP : 42.156.137.11 ----------
REQUEST URI : /lyhpfb/index.php?page=1&amp;path=62_109&amp;route=product/category&amp;view=desktop
MOD DETAILS:
   modFile   : E:\xampp\htdocs\lyhpfb\vqmod/xml/zzz_omf_catalog.xml
   id        : OpenCart Mobile Framework
   version   : v2.2.0
   vqmver    : 2.4.1
   author    : omframework.com / braiv.com

File Name    : catalog/view/theme/*/template/product/category.tpl(0)
VQModObject::applyMod - SEARCH NOT FOUND (ABORTING MOD): <input type="button" value="<?php echo $button_cart; ?>" onclick="addToCart('<?php echo $product['product_id']; ?>');" class="button" />

----------------------------------------------------------------------


---------- Date: 2015-08-22 15:41:32 ~ IP : 42.156.139.11 ----------
REQUEST URI : /lyhpfb/index.php?page=6&amp;path=71_131&amp;route=product/category&amp;view=desktop
MOD DETAILS:
   modFile   : E:\xampp\htdocs\lyhpfb\vqmod/xml/zzz_omf_catalog.xml
   id        : OpenCart Mobile Framework
   version   : v2.2.0
   vqmver    : 2.4.1
   author    : omframework.com / braiv.com

File Name    : catalog/view/theme/*/template/product/category.tpl(0)
VQModObject::applyMod - SEARCH NOT FOUND (ABORTING MOD): <input type="button" value="<?php echo $button_cart; ?>" onclick="addToCart('<?php echo $product['product_id']; ?>');" class="button" />

----------------------------------------------------------------------


---------- Date: 2015-08-22 15:41:33 ~ IP : 42.156.136.11 ----------
REQUEST URI : /lyhpfb/index.php?page=3&amp;path=62_109&amp;route=product/category
MOD DETAILS:
   modFile   : E:\xampp\htdocs\lyhpfb\vqmod/xml/zzz_omf_catalog.xml
   id        : OpenCart Mobile Framework
   version   : v2.2.0
   vqmver    : 2.4.1
   author    : omframework.com / braiv.com

File Name    : catalog/view/theme/*/template/product/category.tpl(0)
VQModObject::applyMod - SEARCH NOT FOUND (ABORTING MOD): <input type="button" value="<?php echo $button_cart; ?>" onclick="addToCart('<?php echo $product['product_id']; ?>');" class="button" />

----------------------------------------------------------------------


---------- Date: 2015-08-22 15:41:34 ~ IP : 42.120.160.11 ----------
REQUEST URI : /lyhpfb/index.php?page=1&amp;path=195&amp;route=product/category
MOD DETAILS:
   modFile   : E:\xampp\htdocs\lyhpfb\vqmod/xml/zzz_omf_catalog.xml
   id        : OpenCart Mobile Framework
   version   : v2.2.0
   vqmver    : 2.4.1
   author    : omframework.com / braiv.com

File Name    : catalog/view/theme/*/template/product/category.tpl(0)
VQModObject::applyMod - SEARCH NOT FOUND (ABORTING MOD): <input type="button" value="<?php echo $button_cart; ?>" onclick="addToCart('<?php echo $product['product_id']; ?>');" class="button" />

----------------------------------------------------------------------


---------- Date: 2015-08-22 15:41:34 ~ IP : 42.156.138.11 ----------
REQUEST URI : /lyhpfb/index.php?page=6&amp;path=62_109&amp;route=product/category
MOD DETAILS:
   modFile   : E:\xampp\htdocs\lyhpfb\vqmod/xml/zzz_omf_catalog.xml
   id        : OpenCart Mobile Framework
   version   : v2.2.0
   vqmver    : 2.4.1
   author    : omframework.com / braiv.com

File Name    : catalog/view/theme/*/template/product/category.tpl(0)
VQModObject::applyMod - SEARCH NOT FOUND (ABORTING MOD): <input type="button" value="<?php echo $button_cart; ?>" onclick="addToCart('<?php echo $product['product_id']; ?>');" class="button" />

----------------------------------------------------------------------


---------- Date: 2015-08-22 15:41:35 ~ IP : 42.156.139.11 ----------
REQUEST URI : /lyhpfb/index.php?page=2&amp;path=153&amp;route=product/category
MOD DETAILS:
   modFile   : E:\xampp\htdocs\lyhpfb\vqmod/xml/zzz_omf_catalog.xml
   id        : OpenCart Mobile Framework
   version   : v2.2.0
   vqmver    : 2.4.1
   author    : omframework.com / braiv.com

File Name    : catalog/view/theme/*/template/product/category.tpl(0)
VQModObject::applyMod - SEARCH NOT FOUND (ABORTING MOD): <input type="button" value="<?php echo $button_cart; ?>" onclick="addToCart('<?php echo $product['product_id']; ?>');" class="button" />

----------------------------------------------------------------------


---------- Date: 2015-08-22 15:41:36 ~ IP : 42.156.136.11 ----------
REQUEST URI : /lyhpfb/index.php?path=158&amp;route=product/category&amp;view=desktop
MOD DETAILS:
   modFile   : E:\xampp\htdocs\lyhpfb\vqmod/xml/zzz_omf_catalog.xml
   id        : OpenCart Mobile Framework
   version   : v2.2.0
   vqmver    : 2.4.1
   author    : omframework.com / braiv.com

File Name    : catalog/view/theme/*/template/product/category.tpl(0)
VQModObject::applyMod - SEARCH NOT FOUND (ABORTING MOD): <input type="button" value="<?php echo $button_cart; ?>" onclick="addToCart('<?php echo $product['product_id']; ?>');" class="button" />

----------------------------------------------------------------------


---------- Date: 2015-08-22 15:41:37 ~ IP : 42.156.137.11 ----------
REQUEST URI : /lyhpfb/index.php?page=4&amp;path=62_109&amp;route=product/category
MOD DETAILS:
   modFile   : E:\xampp\htdocs\lyhpfb\vqmod/xml/zzz_omf_catalog.xml
   id        : OpenCart Mobile Framework
   version   : v2.2.0
   vqmver    : 2.4.1
   author    : omframework.com / braiv.com

File Name    : catalog/view/theme/*/template/product/category.tpl(0)
VQModObject::applyMod - SEARCH NOT FOUND (ABORTING MOD): <input type="button" value="<?php echo $button_cart; ?>" onclick="addToCart('<?php echo $product['product_id']; ?>');" class="button" />

----------------------------------------------------------------------


---------- Date: 2015-08-22 15:41:38 ~ IP : 42.120.160.11 ----------
REQUEST URI : /lyhpfb/index.php?page=4&amp;path=62&amp;route=product/category
MOD DETAILS:
   modFile   : E:\xampp\htdocs\lyhpfb\vqmod/xml/zzz_omf_catalog.xml
   id        : OpenCart Mobile Framework
   version   : v2.2.0
   vqmver    : 2.4.1
   author    : omframework.com / braiv.com

File Name    : catalog/view/theme/*/template/product/category.tpl(0)
VQModObject::applyMod - SEARCH NOT FOUND (ABORTING MOD): <input type="button" value="<?php echo $button_cart; ?>" onclick="addToCart('<?php echo $product['product_id']; ?>');" class="button" />

----------------------------------------------------------------------


---------- Date: 2015-08-22 15:42:42 ~ IP : 42.156.137.11 ----------
REQUEST URI : /lyhpfb/index.php?page=5&amp;path=153&amp;route=product/category&amp;view=desktop
MOD DETAILS:
   modFile   : E:\xampp\htdocs\lyhpfb\vqmod/xml/zzz_omf_catalog.xml
   id        : OpenCart Mobile Framework
   version   : v2.2.0
   vqmver    : 2.4.1
   author    : omframework.com / braiv.com

File Name    : catalog/view/theme/*/template/product/category.tpl(0)
VQModObject::applyMod - SEARCH NOT FOUND (ABORTING MOD): <input type="button" value="<?php echo $button_cart; ?>" onclick="addToCart('<?php echo $product['product_id']; ?>');" class="button" />

----------------------------------------------------------------------


---------- Date: 2015-08-22 15:43:30 ~ IP : 42.156.136.11 ----------
REQUEST URI : /lyhpfb/index.php?page=6&amp;path=62&amp;route=product/category&amp;view=desktop
MOD DETAILS:
   modFile   : E:\xampp\htdocs\lyhpfb\vqmod/xml/zzz_omf_catalog.xml
   id        : OpenCart Mobile Framework
   version   : v2.2.0
   vqmver    : 2.4.1
   author    : omframework.com / braiv.com

File Name    : catalog/view/theme/*/template/product/category.tpl(0)
VQModObject::applyMod - SEARCH NOT FOUND (ABORTING MOD): <input type="button" value="<?php echo $button_cart; ?>" onclick="addToCart('<?php echo $product['product_id']; ?>');" class="button" />

----------------------------------------------------------------------


---------- Date: 2015-08-22 15:43:43 ~ IP : 42.156.137.11 ----------
REQUEST URI : /lyhpfb/index.php?page=4&amp;path=62_109&amp;route=product/category&amp;view=desktop
MOD DETAILS:
   modFile   : E:\xampp\htdocs\lyhpfb\vqmod/xml/zzz_omf_catalog.xml
   id        : OpenCart Mobile Framework
   version   : v2.2.0
   vqmver    : 2.4.1
   author    : omframework.com / braiv.com

File Name    : catalog/view/theme/*/template/product/category.tpl(0)
VQModObject::applyMod - SEARCH NOT FOUND (ABORTING MOD): <input type="button" value="<?php echo $button_cart; ?>" onclick="addToCart('<?php echo $product['product_id']; ?>');" class="button" />

----------------------------------------------------------------------


---------- Date: 2015-08-22 15:44:08 ~ IP : 42.120.161.11 ----------
REQUEST URI : /lyhpfb/index.php?page=6&amp;path=62_109&amp;route=product/category&amp;view=desktop
MOD DETAILS:
   modFile   : E:\xampp\htdocs\lyhpfb\vqmod/xml/zzz_omf_catalog.xml
   id        : OpenCart Mobile Framework
   version   : v2.2.0
   vqmver    : 2.4.1
   author    : omframework.com / braiv.com

File Name    : catalog/view/theme/*/template/product/category.tpl(0)
VQModObject::applyMod - SEARCH NOT FOUND (ABORTING MOD): <input type="button" value="<?php echo $button_cart; ?>" onclick="addToCart('<?php echo $product['product_id']; ?>');" class="button" />

----------------------------------------------------------------------


---------- Date: 2015-08-22 15:44:30 ~ IP : 42.156.138.11 ----------
REQUEST URI : /lyhpfb/index.php?page=2&amp;path=71_131&amp;route=product/category&amp;view=desktop
MOD DETAILS:
   modFile   : E:\xampp\htdocs\lyhpfb\vqmod/xml/zzz_omf_catalog.xml
   id        : OpenCart Mobile Framework
   version   : v2.2.0
   vqmver    : 2.4.1
   author    : omframework.com / braiv.com

File Name    : catalog/view/theme/*/template/product/category.tpl(0)
VQModObject::applyMod - SEARCH NOT FOUND (ABORTING MOD): <input type="button" value="<?php echo $button_cart; ?>" onclick="addToCart('<?php echo $product['product_id']; ?>');" class="button" />

----------------------------------------------------------------------


---------- Date: 2015-08-22 15:44:42 ~ IP : 42.156.138.11 ----------
REQUEST URI : /lyhpfb/index.php?page=5&amp;path=62&amp;route=product/category&amp;view=desktop
MOD DETAILS:
   modFile   : E:\xampp\htdocs\lyhpfb\vqmod/xml/zzz_omf_catalog.xml
   id        : OpenCart Mobile Framework
   version   : v2.2.0
   vqmver    : 2.4.1
   author    : omframework.com / braiv.com

File Name    : catalog/view/theme/*/template/product/category.tpl(0)
VQModObject::applyMod - SEARCH NOT FOUND (ABORTING MOD): <input type="button" value="<?php echo $button_cart; ?>" onclick="addToCart('<?php echo $product['product_id']; ?>');" class="button" />

----------------------------------------------------------------------


---------- Date: 2015-08-22 15:44:57 ~ IP : 42.156.138.11 ----------
REQUEST URI : /lyhpfb/index.php?page=7&amp;path=71&amp;route=product/category
MOD DETAILS:
   modFile   : E:\xampp\htdocs\lyhpfb\vqmod/xml/zzz_omf_catalog.xml
   id        : OpenCart Mobile Framework
   version   : v2.2.0
   vqmver    : 2.4.1
   author    : omframework.com / braiv.com

File Name    : catalog/view/theme/*/template/product/category.tpl(0)
VQModObject::applyMod - SEARCH NOT FOUND (ABORTING MOD): <input type="button" value="<?php echo $button_cart; ?>" onclick="addToCart('<?php echo $product['product_id']; ?>');" class="button" />

----------------------------------------------------------------------


---------- Date: 2015-08-22 15:45:01 ~ IP : 42.156.136.11 ----------
REQUEST URI : /lyhpfb/index.php?page=2&amp;path=73&amp;route=product/category&amp;view=desktop
MOD DETAILS:
   modFile   : E:\xampp\htdocs\lyhpfb\vqmod/xml/zzz_omf_catalog.xml
   id        : OpenCart Mobile Framework
   version   : v2.2.0
   vqmver    : 2.4.1
   author    : omframework.com / braiv.com

File Name    : catalog/view/theme/*/template/product/category.tpl(0)
VQModObject::applyMod - SEARCH NOT FOUND (ABORTING MOD): <input type="button" value="<?php echo $button_cart; ?>" onclick="addToCart('<?php echo $product['product_id']; ?>');" class="button" />

----------------------------------------------------------------------


---------- Date: 2015-08-22 15:45:13 ~ IP : 42.120.160.11 ----------
REQUEST URI : /lyhpfb/index.php?filter_tag=12%E7%BD%90/%E7%AE%B1&amp;route=product/search&amp;view=desktop
MOD DETAILS:
   modFile   : E:\xampp\htdocs\lyhpfb\vqmod/xml/zzz_omf_catalog.xml
   id        : OpenCart Mobile Framework
   version   : v2.2.0
   vqmver    : 2.4.1
   author    : omframework.com / braiv.com

File Name    : catalog/view/theme/*/template/product/search.tpl(0)
VQModObject::applyMod - SEARCH NOT FOUND (ABORTING MOD): <input type="button" value="<?php echo $button_cart; ?>" onclick="addToCart('<?php echo $product['product_id']; ?>');" class="button" />

----------------------------------------------------------------------


---------- Date: 2015-08-22 15:45:16 ~ IP : 42.120.160.11 ----------
REQUEST URI : /lyhpfb/index.php?filter_tag=36%E7%9B%92/%E7%AE%B1&amp;route=product/search&amp;view=desktop
MOD DETAILS:
   modFile   : E:\xampp\htdocs\lyhpfb\vqmod/xml/zzz_omf_catalog.xml
   id        : OpenCart Mobile Framework
   version   : v2.2.0
   vqmver    : 2.4.1
   author    : omframework.com / braiv.com

File Name    : catalog/view/theme/*/template/product/search.tpl(0)
VQModObject::applyMod - SEARCH NOT FOUND (ABORTING MOD): <input type="button" value="<?php echo $button_cart; ?>" onclick="addToCart('<?php echo $product['product_id']; ?>');" class="button" />

----------------------------------------------------------------------


---------- Date: 2015-08-22 15:45:25 ~ IP : 42.120.161.11 ----------
REQUEST URI : /lyhpfb/index.php?filter_tag=15%E5%90%AC/%E7%AE%B1&amp;route=product/search
MOD DETAILS:
   modFile   : E:\xampp\htdocs\lyhpfb\vqmod/xml/zzz_omf_catalog.xml
   id        : OpenCart Mobile Framework
   version   : v2.2.0
   vqmver    : 2.4.1
   author    : omframework.com / braiv.com

File Name    : catalog/view/theme/*/template/product/search.tpl(0)
VQModObject::applyMod - SEARCH NOT FOUND (ABORTING MOD): <input type="button" value="<?php echo $button_cart; ?>" onclick="addToCart('<?php echo $product['product_id']; ?>');" class="button" />

----------------------------------------------------------------------


---------- Date: 2015-08-22 15:45:49 ~ IP : 42.156.138.11 ----------
REQUEST URI : /lyhpfb/index.php?page=11&amp;path=62&amp;route=product/category&amp;view=desktop
MOD DETAILS:
   modFile   : E:\xampp\htdocs\lyhpfb\vqmod/xml/zzz_omf_catalog.xml
   id        : OpenCart Mobile Framework
   version   : v2.2.0
   vqmver    : 2.4.1
   author    : omframework.com / braiv.com

File Name    : catalog/view/theme/*/template/product/category.tpl(0)
VQModObject::applyMod - SEARCH NOT FOUND (ABORTING MOD): <input type="button" value="<?php echo $button_cart; ?>" onclick="addToCart('<?php echo $product['product_id']; ?>');" class="button" />

----------------------------------------------------------------------


---------- Date: 2015-08-22 15:46:11 ~ IP : 42.156.136.11 ----------
REQUEST URI : /lyhpfb/index.php?page=4&amp;path=71&amp;route=product/category
MOD DETAILS:
   modFile   : E:\xampp\htdocs\lyhpfb\vqmod/xml/zzz_omf_catalog.xml
   id        : OpenCart Mobile Framework
   version   : v2.2.0
   vqmver    : 2.4.1
   author    : omframework.com / braiv.com

File Name    : catalog/view/theme/*/template/product/category.tpl(0)
VQModObject::applyMod - SEARCH NOT FOUND (ABORTING MOD): <input type="button" value="<?php echo $button_cart; ?>" onclick="addToCart('<?php echo $product['product_id']; ?>');" class="button" />

----------------------------------------------------------------------


---------- Date: 2015-08-22 15:46:50 ~ IP : 42.156.138.11 ----------
REQUEST URI : /lyhpfb/index.php?page=11&amp;path=62&amp;route=product/category
MOD DETAILS:
   modFile   : E:\xampp\htdocs\lyhpfb\vqmod/xml/zzz_omf_catalog.xml
   id        : OpenCart Mobile Framework
   version   : v2.2.0
   vqmver    : 2.4.1
   author    : omframework.com / braiv.com

File Name    : catalog/view/theme/*/template/product/category.tpl(0)
VQModObject::applyMod - SEARCH NOT FOUND (ABORTING MOD): <input type="button" value="<?php echo $button_cart; ?>" onclick="addToCart('<?php echo $product['product_id']; ?>');" class="button" />

----------------------------------------------------------------------


---------- Date: 2015-08-22 15:47:56 ~ IP : 42.120.160.11 ----------
REQUEST URI : /lyhpfb/index.php?page=1&amp;path=76_145&amp;route=product/category
MOD DETAILS:
   modFile   : E:\xampp\htdocs\lyhpfb\vqmod/xml/zzz_omf_catalog.xml
   id        : OpenCart Mobile Framework
   version   : v2.2.0
   vqmver    : 2.4.1
   author    : omframework.com / braiv.com

File Name    : catalog/view/theme/*/template/product/category.tpl(0)
VQModObject::applyMod - SEARCH NOT FOUND (ABORTING MOD): <input type="button" value="<?php echo $button_cart; ?>" onclick="addToCart('<?php echo $product['product_id']; ?>');" class="button" />

----------------------------------------------------------------------


---------- Date: 2015-08-22 15:48:40 ~ IP : 42.156.138.11 ----------
REQUEST URI : /lyhpfb/index.php?filter_tag=25%E7%93%B6/%E7%AE%B1&amp;route=product/search
MOD DETAILS:
   modFile   : E:\xampp\htdocs\lyhpfb\vqmod/xml/zzz_omf_catalog.xml
   id        : OpenCart Mobile Framework
   version   : v2.2.0
   vqmver    : 2.4.1
   author    : omframework.com / braiv.com

File Name    : catalog/view/theme/*/template/product/search.tpl(0)
VQModObject::applyMod - SEARCH NOT FOUND (ABORTING MOD): <input type="button" value="<?php echo $button_cart; ?>" onclick="addToCart('<?php echo $product['product_id']; ?>');" class="button" />

----------------------------------------------------------------------


---------- Date: 2015-08-22 17:23:26 ~ IP : 66.249.73.237 ----------
REQUEST URI : /lyhpfb/index.php?route=product/category&amp;path=60_77
MOD DETAILS:
   modFile   : E:\xampp\htdocs\lyhpfb\vqmod/xml/zzz_omf_catalog.xml
   id        : OpenCart Mobile Framework
   version   : v2.2.0
   vqmver    : 2.4.1
   author    : omframework.com / braiv.com

File Name    : catalog/view/theme/*/template/product/category.tpl(0)
VQModObject::applyMod - SEARCH NOT FOUND (ABORTING MOD): <input type="button" value="<?php echo $button_cart; ?>" onclick="addToCart('<?php echo $product['product_id']; ?>');" class="button" />

----------------------------------------------------------------------


---------- Date: 2015-08-22 18:11:56 ~ IP : 123.125.71.18 ----------
REQUEST URI : /lyhpfb/index.php?route=product/category&amp;path=153&amp;sort=p.model&amp;order=ASC&amp;limit=20&amp;page=2
MOD DETAILS:
   modFile   : E:\xampp\htdocs\lyhpfb\vqmod/xml/zzz_omf_catalog.xml
   id        : OpenCart Mobile Framework
   version   : v2.2.0
   vqmver    : 2.4.1
   author    : omframework.com / braiv.com

File Name    : catalog/view/theme/*/template/product/category.tpl(0)
VQModObject::applyMod - SEARCH NOT FOUND (ABORTING MOD): <input type="button" value="<?php echo $button_cart; ?>" onclick="addToCart('<?php echo $product['product_id']; ?>');" class="button" />

----------------------------------------------------------------------


---------- Date: 2015-08-22 18:39:33 ~ IP : 66.249.67.44 ----------
REQUEST URI : /lyhpfb/index.php?route=product/category&amp;path=76_143
MOD DETAILS:
   modFile   : E:\xampp\htdocs\lyhpfb\vqmod/xml/zzz_omf_catalog.xml
   id        : OpenCart Mobile Framework
   version   : v2.2.0
   vqmver    : 2.4.1
   author    : omframework.com / braiv.com

File Name    : catalog/view/theme/*/template/product/category.tpl(0)
VQModObject::applyMod - SEARCH NOT FOUND (ABORTING MOD): <input type="button" value="<?php echo $button_cart; ?>" onclick="addToCart('<?php echo $product['product_id']; ?>');" class="button" />

----------------------------------------------------------------------


---------- Date: 2015-08-22 19:55:01 ~ IP : 66.249.67.53 ----------
REQUEST URI : /lyhpfb/index.php?route=product/category&amp;path=71_127
MOD DETAILS:
   modFile   : E:\xampp\htdocs\lyhpfb\vqmod/xml/zzz_omf_catalog.xml
   id        : OpenCart Mobile Framework
   version   : v2.2.0
   vqmver    : 2.4.1
   author    : omframework.com / braiv.com

File Name    : catalog/view/theme/*/template/product/category.tpl(0)
VQModObject::applyMod - SEARCH NOT FOUND (ABORTING MOD): <input type="button" value="<?php echo $button_cart; ?>" onclick="addToCart('<?php echo $product['product_id']; ?>');" class="button" />

----------------------------------------------------------------------


---------- Date: 2015-08-22 20:42:12 ~ IP : 66.249.67.53 ----------
REQUEST URI : /lyhpfb/index.php?route=product/category&amp;path=196
MOD DETAILS:
   modFile   : E:\xampp\htdocs\lyhpfb\vqmod/xml/zzz_omf_catalog.xml
   id        : OpenCart Mobile Framework
   version   : v2.2.0
   vqmver    : 2.4.1
   author    : omframework.com / braiv.com

File Name    : catalog/view/theme/*/template/product/category.tpl(0)
VQModObject::applyMod - SEARCH NOT FOUND (ABORTING MOD): <input type="button" value="<?php echo $button_cart; ?>" onclick="addToCart('<?php echo $product['product_id']; ?>');" class="button" />

----------------------------------------------------------------------


---------- Date: 2015-08-22 21:10:47 ~ IP : 66.249.67.53 ----------
REQUEST URI : /lyhpfb/index.php?route=product/category&amp;path=73
MOD DETAILS:
   modFile   : E:\xampp\htdocs\lyhpfb\vqmod/xml/zzz_omf_catalog.xml
   id        : OpenCart Mobile Framework
   version   : v2.2.0
   vqmver    : 2.4.1
   author    : omframework.com / braiv.com

File Name    : catalog/view/theme/*/template/product/category.tpl(0)
VQModObject::applyMod - SEARCH NOT FOUND (ABORTING MOD): <input type="button" value="<?php echo $button_cart; ?>" onclick="addToCart('<?php echo $product['product_id']; ?>');" class="button" />

----------------------------------------------------------------------


---------- Date: 2015-08-22 22:26:34 ~ IP : 66.249.67.53 ----------
REQUEST URI : /lyhpfb/index.php?route=product/category&amp;path=76
MOD DETAILS:
   modFile   : E:\xampp\htdocs\lyhpfb\vqmod/xml/zzz_omf_catalog.xml
   id        : OpenCart Mobile Framework
   version   : v2.2.0
   vqmver    : 2.4.1
   author    : omframework.com / braiv.com

File Name    : catalog/view/theme/*/template/product/category.tpl(0)
VQModObject::applyMod - SEARCH NOT FOUND (ABORTING MOD): <input type="button" value="<?php echo $button_cart; ?>" onclick="addToCart('<?php echo $product['product_id']; ?>');" class="button" />

----------------------------------------------------------------------


---------- Date: 2015-08-22 23:42:21 ~ IP : 66.249.67.53 ----------
REQUEST URI : /lyhpfb/index.php?route=product/category&amp;path=71
MOD DETAILS:
   modFile   : E:\xampp\htdocs\lyhpfb\vqmod/xml/zzz_omf_catalog.xml
   id        : OpenCart Mobile Framework
   version   : v2.2.0
   vqmver    : 2.4.1
   author    : omframework.com / braiv.com

File Name    : catalog/view/theme/*/template/product/category.tpl(0)
VQModObject::applyMod - SEARCH NOT FOUND (ABORTING MOD): <input type="button" value="<?php echo $button_cart; ?>" onclick="addToCart('<?php echo $product['product_id']; ?>');" class="button" />

----------------------------------------------------------------------


